[2023-07-13 09:59:27] local.ERROR: SQLSTATE[42S22]: Column not found: 1054 Unknown column 'tarjeta' in 'field list' (SQL: insert into `leads` (`nombre`, `edad`, `estadocivil`, `telefono1`, `telefono2`, `correo`, `pais`, `notal`, `user_id`, `created_at2`, `statuses_id`, `tarjeta`, `updated_at`, `created_at`) values (administrador, 29, casado, 1234567890, 1234567890, g.tec@marketing-xperience.com, mexico, notal, 8, 2023-07-13 09:59:07, 1, Tarjeta Classic, 2023-07-13 09:59:27, 2023-07-13 09:59:27)) {"userId":8,"exception":"[object] (Illuminate\\Database\\QueryException(code: 42S22): SQLSTATE[42S22]: Column not found: 1054 Unknown column 'tarjeta' in 'field list' (SQL: insert into `leads` (`nombre`, `edad`, `estadocivil`, `telefono1`, `telefono2`, `correo`, `pais`, `notal`, `user_id`, `created_at2`, `statuses_id`, `tarjeta`, `updated_at`, `created_at`) values (administrador, 29, casado, 1234567890, 1234567890, g.tec@marketing-xperience.com, mexico, notal, 8, 2023-07-13 09:59:07, 1, Tarjeta Classic, 2023-07-13 09:59:27, 2023-07-13 09:59:27)) at /home/soaonjvfyv03/public_html/prueba/preferencepassport/vendor/laravel/framework/src/Illuminate/Database/Connection.php:712)
[stacktrace]
#0 /home/soaonjvfyv03/public_html/prueba/preferencepassport/vendor/laravel/framework/src/Illuminate/Database/Connection.php(672): Illuminate\\Database\\Connection->runQueryCallback()
#1 /home/soaonjvfyv03/public_html/prueba/preferencepassport/vendor/laravel/framework/src/Illuminate/Database/Connection.php(502): Illuminate\\Database\\Connection->run()
#2 /home/soaonjvfyv03/public_html/prueba/preferencepassport/vendor/laravel/framework/src/Illuminate/Database/Connection.php(454): Illuminate\\Database\\Connection->statement()
#3 /home/soaonjvfyv03/public_html/prueba/preferencepassport/vendor/laravel/framework/src/Illuminate/Database/Query/Processors/Processor.php(32): Illuminate\\Database\\Connection->insert()
#4 /home/soaonjvfyv03/public_html/prueba/preferencepassport/vendor/laravel/framework/src/Illuminate/Database/Query/Builder.php(3028): Illuminate\\Database\\Query\\Processors\\Processor->processInsertGetId()
#5 /home/soaonjvfyv03/public_html/prueba/preferencepassport/vendor/laravel/framework/src/Illuminate/Database/Eloquent/Builder.php(1657): Illuminate\\Database\\Query\\Builder->insertGetId()
#6 /home/soaonjvfyv03/public_html/prueba/preferencepassport/vendor/laravel/framework/src/Illuminate/Database/Eloquent/Model.php(1188): Illuminate\\Database\\Eloquent\\Builder->__call()
#7 /home/soaonjvfyv03/public_html/prueba/preferencepassport/vendor/laravel/framework/src/Illuminate/Database/Eloquent/Model.php(1153): Illuminate\\Database\\Eloquent\\Model->insertAndSetId()
#8 /home/soaonjvfyv03/public_html/prueba/preferencepassport/vendor/laravel/framework/src/Illuminate/Database/Eloquent/Model.php(994): Illuminate\\Database\\Eloquent\\Model->performInsert()
#9 /home/soaonjvfyv03/public_html/prueba/preferencepassport/vendor/laravel/framework/src/Illuminate/Database/Eloquent/Builder.php(896): Illuminate\\Database\\Eloquent\\Model->save()
#10 /home/soaonjvfyv03/public_html/prueba/preferencepassport/vendor/laravel/framework/src/Illuminate/Support/helpers.php(263): Illuminate\\Database\\Eloquent\\Builder->Illuminate\\Database\\Eloquent\\{closure}()
#11 /home/soaonjvfyv03/public_html/prueba/preferencepassport/vendor/laravel/framework/src/Illuminate/Database/Eloquent/Builder.php(897): tap()
#12 /home/soaonjvfyv03/public_html/prueba/preferencepassport/vendor/laravel/framework/src/Illuminate/Support/Traits/ForwardsCalls.php(23): Illuminate\\Database\\Eloquent\\Builder->create()
#13 /home/soaonjvfyv03/public_html/prueba/preferencepassport/vendor/laravel/framework/src/Illuminate/Database/Eloquent/Model.php(2132): Illuminate\\Database\\Eloquent\\Model->forwardCallTo()
#14 /home/soaonjvfyv03/public_html/prueba/preferencepassport/vendor/laravel/framework/src/Illuminate/Database/Eloquent/Model.php(2144): Illuminate\\Database\\Eloquent\\Model->__call()
#15 /home/soaonjvfyv03/public_html/prueba/preferencepassport/app/Http/Controllers/LeadController.php(811): Illuminate\\Database\\Eloquent\\Model::__callStatic()
#16 /home/soaonjvfyv03/public_html/prueba/preferencepassport/vendor/laravel/framework/src/Illuminate/Routing/Controller.php(54): App\\Http\\Controllers\\LeadController->store()
#17 /home/soaonjvfyv03/public_html/prueba/preferencepassport/vendor/laravel/framework/src/Illuminate/Routing/ControllerDispatcher.php(45): Illuminate\\Routing\\Controller->callAction()
#18 /home/soaonjvfyv03/public_html/prueba/preferencepassport/vendor/laravel/framework/src/Illuminate/Routing/Route.php(262): Illuminate\\Routing\\ControllerDispatcher->dispatch()
#19 /home/soaonjvfyv03/public_html/prueba/preferencepassport/vendor/laravel/framework/src/Illuminate/Routing/Route.php(205): Illuminate\\Routing\\Route->runController()
#20 /home/soaonjvfyv03/public_html/prueba/preferencepassport/vendor/laravel/framework/src/Illuminate/Routing/Router.php(721): Illuminate\\Routing\\Route->run()
#21 /home/soaonjvfyv03/public_html/prueba/preferencepassport/vendor/laravel/framework/src/Illuminate/Pipeline/Pipeline.php(128): Illuminate\\Routing\\Router->Illuminate\\Routing\\{closure}()
#22 /home/soaonjvfyv03/public_html/prueba/preferencepassport/vendor/spatie/laravel-permission/src/Middlewares/RoleMiddleware.php(27): Illuminate\\Pipeline\\Pipeline->Illuminate\\Pipeline\\{closure}()
#23 /home/soaonjvfyv03/public_html/prueba/preferencepassport/vendor/laravel/framework/src/Illuminate/Pipeline/Pipeline.php(167): Spatie\\Permission\\Middlewares\\RoleMiddleware->handle()
#24 /home/soaonjvfyv03/public_html/prueba/preferencepassport/vendor/laravel/framework/src/Illuminate/Routing/Middleware/SubstituteBindings.php(50): Illuminate\\Pipeline\\Pipeline->Illuminate\\Pipeline\\{closure}()
#25 /home/soaonjvfyv03/public_html/prueba/preferencepassport/vendor/laravel/framework/src/Illuminate/Pipeline/Pipeline.php(167): Illuminate\\Routing\\Middleware\\SubstituteBindings->handle()
#26 /home/soaonjvfyv03/public_html/prueba/preferencepassport/vendor/laravel/framework/src/Illuminate/Auth/Middleware/Authenticate.php(44): Illuminate\\Pipeline\\Pipeline->Illuminate\\Pipeline\\{closure}()
#27 /home/soaonjvfyv03/public_html/prueba/preferencepassport/vendor/laravel/framework/src/Illuminate/Pipeline/Pipeline.php(167): Illuminate\\Auth\\Middleware\\Authenticate->handle()
#28 /home/soaonjvfyv03/public_html/prueba/preferencepassport/vendor/laravel/framework/src/Illuminate/Foundation/Http/Middleware/VerifyCsrfToken.php(78): Illuminate\\Pipeline\\Pipeline->Illuminate\\Pipeline\\{closure}()
#29 /home/soaonjvfyv03/public_html/prueba/preferencepassport/app/Http/Middleware/VerifyCsrfToken.php(30): Illuminate\\Foundation\\Http\\Middleware\\VerifyCsrfToken->handle()
#30 /home/soaonjvfyv03/public_html/prueba/preferencepassport/vendor/laravel/framework/src/Illuminate/Pipeline/Pipeline.php(167): App\\Http\\Middleware\\VerifyCsrfToken->handle()
#31 /home/soaonjvfyv03/public_html/prueba/preferencepassport/vendor/laravel/framework/src/Illuminate/View/Middleware/ShareErrorsFromSession.php(49): Illuminate\\Pipeline\\Pipeline->Illuminate\\Pipeline\\{closure}()
#32 /home/soaonjvfyv03/public_html/prueba/preferencepassport/vendor/laravel/framework/src/Illuminate/Pipeline/Pipeline.php(167): Illuminate\\View\\Middleware\\ShareErrorsFromSession->handle()
#33 /home/soaonjvfyv03/public_html/prueba/preferencepassport/vendor/laravel/framework/src/Illuminate/Session/Middleware/StartSession.php(121): Illuminate\\Pipeline\\Pipeline->Illuminate\\Pipeline\\{closure}()
#34 /home/soaonjvfyv03/public_html/prueba/preferencepassport/vendor/laravel/framework/src/Illuminate/Session/Middleware/StartSession.php(64): Illuminate\\Session\\Middleware\\StartSession->handleStatefulRequest()
#35 /home/soaonjvfyv03/public_html/prueba/preferencepassport/vendor/laravel/framework/src/Illuminate/Pipeline/Pipeline.php(167): Illuminate\\Session\\Middleware\\StartSession->handle()
#36 /home/soaonjvfyv03/public_html/prueba/preferencepassport/vendor/laravel/framework/src/Illuminate/Cookie/Middleware/AddQueuedCookiesToResponse.php(37): Illuminate\\Pipeline\\Pipeline->Illuminate\\Pipeline\\{closure}()
#37 /home/soaonjvfyv03/public_html/prueba/preferencepassport/vendor/laravel/framework/src/Illuminate/Pipeline/Pipeline.php(167): Illuminate\\Cookie\\Middleware\\AddQueuedCookiesToResponse->handle()
#38 /home/soaonjvfyv03/public_html/prueba/preferencepassport/vendor/laravel/framework/src/Illuminate/Cookie/Middleware/EncryptCookies.php(67): Illuminate\\Pipeline\\Pipeline->Illuminate\\Pipeline\\{closure}()
#39 /home/soaonjvfyv03/public_html/prueba/preferencepassport/vendor/laravel/framework/src/Illuminate/Pipeline/Pipeline.php(167): Illuminate\\Cookie\\Middleware\\EncryptCookies->handle()
#40 /home/soaonjvfyv03/public_html/prueba/preferencepassport/vendor/laravel/framework/src/Illuminate/Pipeline/Pipeline.php(103): Illuminate\\Pipeline\\Pipeline->Illuminate\\Pipeline\\{closure}()
#41 /home/soaonjvfyv03/public_html/prueba/preferencepassport/vendor/laravel/framework/src/Illuminate/Routing/Router.php(723): Illuminate\\Pipeline\\Pipeline->then()
#42 /home/soaonjvfyv03/public_html/prueba/preferencepassport/vendor/laravel/framework/src/Illuminate/Routing/Router.php(698): Illuminate\\Routing\\Router->runRouteWithinStack()
#43 /home/soaonjvfyv03/public_html/prueba/preferencepassport/vendor/laravel/framework/src/Illuminate/Routing/Router.php(662): Illuminate\\Routing\\Router->runRoute()
#44 /home/soaonjvfyv03/public_html/prueba/preferencepassport/vendor/laravel/framework/src/Illuminate/Routing/Router.php(651): Illuminate\\Routing\\Router->dispatchToRoute()
#45 /home/soaonjvfyv03/public_html/prueba/preferencepassport/vendor/laravel/framework/src/Illuminate/Foundation/Http/Kernel.php(167): Illuminate\\Routing\\Router->dispatch()
#46 /home/soaonjvfyv03/public_html/prueba/preferencepassport/vendor/laravel/framework/src/Illuminate/Pipeline/Pipeline.php(128): Illuminate\\Foundation\\Http\\Kernel->Illuminate\\Foundation\\Http\\{closure}()
#47 /home/soaonjvfyv03/public_html/prueba/preferencepassport/vendor/livewire/livewire/src/DisableBrowserCache.php(19): Illuminate\\Pipeline\\Pipeline->Illuminate\\Pipeline\\{closure}()
#48 /home/soaonjvfyv03/public_html/prueba/preferencepassport/vendor/laravel/framework/src/Illuminate/Pipeline/Pipeline.php(167): Livewire\\DisableBrowserCache->handle()
#49 /home/soaonjvfyv03/public_html/prueba/preferencepassport/vendor/laravel/framework/src/Illuminate/Foundation/Http/Middleware/TransformsRequest.php(21): Illuminate\\Pipeline\\Pipeline->Illuminate\\Pipeline\\{closure}()
#50 /home/soaonjvfyv03/public_html/prueba/preferencepassport/vendor/laravel/framework/src/Illuminate/Foundation/Http/Middleware/ConvertEmptyStringsToNull.php(31): Illuminate\\Foundation\\Http\\Middleware\\TransformsRequest->handle()
#51 /home/soaonjvfyv03/public_html/prueba/preferencepassport/vendor/laravel/framework/src/Illuminate/Pipeline/Pipeline.php(167): Illuminate\\Foundation\\Http\\Middleware\\ConvertEmptyStringsToNull->handle()
#52 /home/soaonjvfyv03/public_html/prueba/preferencepassport/vendor/laravel/framework/src/Illuminate/Foundation/Http/Middleware/TransformsRequest.php(21): Illuminate\\Pipeline\\Pipeline->Illuminate\\Pipeline\\{closure}()
#53 /home/soaonjvfyv03/public_html/prueba/preferencepassport/vendor/laravel/framework/src/Illuminate/Foundation/Http/Middleware/TrimStrings.php(40): Illuminate\\Foundation\\Http\\Middleware\\TransformsRequest->handle()
#54 /home/soaonjvfyv03/public_html/prueba/preferencepassport/vendor/laravel/framework/src/Illuminate/Pipeline/Pipeline.php(167): Illuminate\\Foundation\\Http\\Middleware\\TrimStrings->handle()
#55 /home/soaonjvfyv03/public_html/prueba/preferencepassport/vendor/laravel/framework/src/Illuminate/Foundation/Http/Middleware/ValidatePostSize.php(27): Illuminate\\Pipeline\\Pipeline->Illuminate\\Pipeline\\{closure}()
#56 /home/soaonjvfyv03/public_html/prueba/preferencepassport/vendor/laravel/framework/src/Illuminate/Pipeline/Pipeline.php(167): Illuminate\\Foundation\\Http\\Middleware\\ValidatePostSize->handle()
#57 /home/soaonjvfyv03/public_html/prueba/preferencepassport/vendor/laravel/framework/src/Illuminate/Foundation/Http/Middleware/PreventRequestsDuringMaintenance.php(86): Illuminate\\Pipeline\\Pipeline->Illuminate\\Pipeline\\{closure}()
#58 /home/soaonjvfyv03/public_html/prueba/preferencepassport/vendor/laravel/framework/src/Illuminate/Pipeline/Pipeline.php(167): Illuminate\\Foundation\\Http\\Middleware\\PreventRequestsDuringMaintenance->handle()
#59 /home/soaonjvfyv03/public_html/prueba/preferencepassport/vendor/fruitcake/laravel-cors/src/HandleCors.php(38): Illuminate\\Pipeline\\Pipeline->Illuminate\\Pipeline\\{closure}()
#60 /home/soaonjvfyv03/public_html/prueba/preferencepassport/vendor/laravel/framework/src/Illuminate/Pipeline/Pipeline.php(167): Fruitcake\\Cors\\HandleCors->handle()
#61 /home/soaonjvfyv03/public_html/prueba/preferencepassport/vendor/laravel/framework/src/Illuminate/Http/Middleware/TrustProxies.php(39): Illuminate\\Pipeline\\Pipeline->Illuminate\\Pipeline\\{closure}()
#62 /home/soaonjvfyv03/public_html/prueba/preferencepassport/vendor/laravel/framework/src/Illuminate/Pipeline/Pipeline.php(167): Illuminate\\Http\\Middleware\\TrustProxies->handle()
#63 /home/soaonjvfyv03/public_html/prueba/preferencepassport/vendor/laravel/framework/src/Illuminate/Pipeline/Pipeline.php(103): Illuminate\\Pipeline\\Pipeline->Illuminate\\Pipeline\\{closure}()
#64 /home/soaonjvfyv03/public_html/prueba/preferencepassport/vendor/laravel/framework/src/Illuminate/Foundation/Http/Kernel.php(142): Illuminate\\Pipeline\\Pipeline->then()
#65 /home/soaonjvfyv03/public_html/prueba/preferencepassport/vendor/laravel/framework/src/Illuminate/Foundation/Http/Kernel.php(111): Illuminate\\Foundation\\Http\\Kernel->sendRequestThroughRouter()
#66 /home/soaonjvfyv03/public_html/prueba/preferencepassport/index.php(52): Illuminate\\Foundation\\Http\\Kernel->handle()
#67 {main}

[previous exception] [object] (PDOException(code: 42S22): SQLSTATE[42S22]: Column not found: 1054 Unknown column 'tarjeta' in 'field list' at /home/soaonjvfyv03/public_html/prueba/preferencepassport/vendor/laravel/framework/src/Illuminate/Database/Connection.php:495)
[stacktrace]
#0 /home/soaonjvfyv03/public_html/prueba/preferencepassport/vendor/laravel/framework/src/Illuminate/Database/Connection.php(495): PDO->prepare()
#1 /home/soaonjvfyv03/public_html/prueba/preferencepassport/vendor/laravel/framework/src/Illuminate/Database/Connection.php(705): Illuminate\\Database\\Connection->Illuminate\\Database\\{closure}()
#2 /home/soaonjvfyv03/public_html/prueba/preferencepassport/vendor/laravel/framework/src/Illuminate/Database/Connection.php(672): Illuminate\\Database\\Connection->runQueryCallback()
#3 /home/soaonjvfyv03/public_html/prueba/preferencepassport/vendor/laravel/framework/src/Illuminate/Database/Connection.php(502): Illuminate\\Database\\Connection->run()
#4 /home/soaonjvfyv03/public_html/prueba/preferencepassport/vendor/laravel/framework/src/Illuminate/Database/Connection.php(454): Illuminate\\Database\\Connection->statement()
#5 /home/soaonjvfyv03/public_html/prueba/preferencepassport/vendor/laravel/framework/src/Illuminate/Database/Query/Processors/Processor.php(32): Illuminate\\Database\\Connection->insert()
#6 /home/soaonjvfyv03/public_html/prueba/preferencepassport/vendor/laravel/framework/src/Illuminate/Database/Query/Builder.php(3028): Illuminate\\Database\\Query\\Processors\\Processor->processInsertGetId()
#7 /home/soaonjvfyv03/public_html/prueba/preferencepassport/vendor/laravel/framework/src/Illuminate/Database/Eloquent/Builder.php(1657): Illuminate\\Database\\Query\\Builder->insertGetId()
#8 /home/soaonjvfyv03/public_html/prueba/preferencepassport/vendor/laravel/framework/src/Illuminate/Database/Eloquent/Model.php(1188): Illuminate\\Database\\Eloquent\\Builder->__call()
#9 /home/soaonjvfyv03/public_html/prueba/preferencepassport/vendor/laravel/framework/src/Illuminate/Database/Eloquent/Model.php(1153): Illuminate\\Database\\Eloquent\\Model->insertAndSetId()
#10 /home/soaonjvfyv03/public_html/prueba/preferencepassport/vendor/laravel/framework/src/Illuminate/Database/Eloquent/Model.php(994): Illuminate\\Database\\Eloquent\\Model->performInsert()
#11 /home/soaonjvfyv03/public_html/prueba/preferencepassport/vendor/laravel/framework/src/Illuminate/Database/Eloquent/Builder.php(896): Illuminate\\Database\\Eloquent\\Model->save()
#12 /home/soaonjvfyv03/public_html/prueba/preferencepassport/vendor/laravel/framework/src/Illuminate/Support/helpers.php(263): Illuminate\\Database\\Eloquent\\Builder->Illuminate\\Database\\Eloquent\\{closure}()
#13 /home/soaonjvfyv03/public_html/prueba/preferencepassport/vendor/laravel/framework/src/Illuminate/Database/Eloquent/Builder.php(897): tap()
#14 /home/soaonjvfyv03/public_html/prueba/preferencepassport/vendor/laravel/framework/src/Illuminate/Support/Traits/ForwardsCalls.php(23): Illuminate\\Database\\Eloquent\\Builder->create()
#15 /home/soaonjvfyv03/public_html/prueba/preferencepassport/vendor/laravel/framework/src/Illuminate/Database/Eloquent/Model.php(2132): Illuminate\\Database\\Eloquent\\Model->forwardCallTo()
#16 /home/soaonjvfyv03/public_html/prueba/preferencepassport/vendor/laravel/framework/src/Illuminate/Database/Eloquent/Model.php(2144): Illuminate\\Database\\Eloquent\\Model->__call()
#17 /home/soaonjvfyv03/public_html/prueba/preferencepassport/app/Http/Controllers/LeadController.php(811): Illuminate\\Database\\Eloquent\\Model::__callStatic()
#18 /home/soaonjvfyv03/public_html/prueba/preferencepassport/vendor/laravel/framework/src/Illuminate/Routing/Controller.php(54): App\\Http\\Controllers\\LeadController->store()
#19 /home/soaonjvfyv03/public_html/prueba/preferencepassport/vendor/laravel/framework/src/Illuminate/Routing/ControllerDispatcher.php(45): Illuminate\\Routing\\Controller->callAction()
#20 /home/soaonjvfyv03/public_html/prueba/preferencepassport/vendor/laravel/framework/src/Illuminate/Routing/Route.php(262): Illuminate\\Routing\\ControllerDispatcher->dispatch()
#21 /home/soaonjvfyv03/public_html/prueba/preferencepassport/vendor/laravel/framework/src/Illuminate/Routing/Route.php(205): Illuminate\\Routing\\Route->runController()
#22 /home/soaonjvfyv03/public_html/prueba/preferencepassport/vendor/laravel/framework/src/Illuminate/Routing/Router.php(721): Illuminate\\Routing\\Route->run()
#23 /home/soaonjvfyv03/public_html/prueba/preferencepassport/vendor/laravel/framework/src/Illuminate/Pipeline/Pipeline.php(128): Illuminate\\Routing\\Router->Illuminate\\Routing\\{closure}()
#24 /home/soaonjvfyv03/public_html/prueba/preferencepassport/vendor/spatie/laravel-permission/src/Middlewares/RoleMiddleware.php(27): Illuminate\\Pipeline\\Pipeline->Illuminate\\Pipeline\\{closure}()
#25 /home/soaonjvfyv03/public_html/prueba/preferencepassport/vendor/laravel/framework/src/Illuminate/Pipeline/Pipeline.php(167): Spatie\\Permission\\Middlewares\\RoleMiddleware->handle()
#26 /home/soaonjvfyv03/public_html/prueba/preferencepassport/vendor/laravel/framework/src/Illuminate/Routing/Middleware/SubstituteBindings.php(50): Illuminate\\Pipeline\\Pipeline->Illuminate\\Pipeline\\{closure}()
#27 /home/soaonjvfyv03/public_html/prueba/preferencepassport/vendor/laravel/framework/src/Illuminate/Pipeline/Pipeline.php(167): Illuminate\\Routing\\Middleware\\SubstituteBindings->handle()
#28 /home/soaonjvfyv03/public_html/prueba/preferencepassport/vendor/laravel/framework/src/Illuminate/Auth/Middleware/Authenticate.php(44): Illuminate\\Pipeline\\Pipeline->Illuminate\\Pipeline\\{closure}()
#29 /home/soaonjvfyv03/public_html/prueba/preferencepassport/vendor/laravel/framework/src/Illuminate/Pipeline/Pipeline.php(167): Illuminate\\Auth\\Middleware\\Authenticate->handle()
#30 /home/soaonjvfyv03/public_html/prueba/preferencepassport/vendor/laravel/framework/src/Illuminate/Foundation/Http/Middleware/VerifyCsrfToken.php(78): Illuminate\\Pipeline\\Pipeline->Illuminate\\Pipeline\\{closure}()
#31 /home/soaonjvfyv03/public_html/prueba/preferencepassport/app/Http/Middleware/VerifyCsrfToken.php(30): Illuminate\\Foundation\\Http\\Middleware\\VerifyCsrfToken->handle()
#32 /home/soaonjvfyv03/public_html/prueba/preferencepassport/vendor/laravel/framework/src/Illuminate/Pipeline/Pipeline.php(167): App\\Http\\Middleware\\VerifyCsrfToken->handle()
#33 /home/soaonjvfyv03/public_html/prueba/preferencepassport/vendor/laravel/framework/src/Illuminate/View/Middleware/ShareErrorsFromSession.php(49): Illuminate\\Pipeline\\Pipeline->Illuminate\\Pipeline\\{closure}()
#34 /home/soaonjvfyv03/public_html/prueba/preferencepassport/vendor/laravel/framework/src/Illuminate/Pipeline/Pipeline.php(167): Illuminate\\View\\Middleware\\ShareErrorsFromSession->handle()
#35 /home/soaonjvfyv03/public_html/prueba/preferencepassport/vendor/laravel/framework/src/Illuminate/Session/Middleware/StartSession.php(121): Illuminate\\Pipeline\\Pipeline->Illuminate\\Pipeline\\{closure}()
#36 /home/soaonjvfyv03/public_html/prueba/preferencepassport/vendor/laravel/framework/src/Illuminate/Session/Middleware/StartSession.php(64): Illuminate\\Session\\Middleware\\StartSession->handleStatefulRequest()
#37 /home/soaonjvfyv03/public_html/prueba/preferencepassport/vendor/laravel/framework/src/Illuminate/Pipeline/Pipeline.php(167): Illuminate\\Session\\Middleware\\StartSession->handle()
#38 /home/soaonjvfyv03/public_html/prueba/preferencepassport/vendor/laravel/framework/src/Illuminate/Cookie/Middleware/AddQueuedCookiesToResponse.php(37): Illuminate\\Pipeline\\Pipeline->Illuminate\\Pipeline\\{closure}()
#39 /home/soaonjvfyv03/public_html/prueba/preferencepassport/vendor/laravel/framework/src/Illuminate/Pipeline/Pipeline.php(167): Illuminate\\Cookie\\Middleware\\AddQueuedCookiesToResponse->handle()
#40 /home/soaonjvfyv03/public_html/prueba/preferencepassport/vendor/laravel/framework/src/Illuminate/Cookie/Middleware/EncryptCookies.php(67): Illuminate\\Pipeline\\Pipeline->Illuminate\\Pipeline\\{closure}()
#41 /home/soaonjvfyv03/public_html/prueba/preferencepassport/vendor/laravel/framework/src/Illuminate/Pipeline/Pipeline.php(167): Illuminate\\Cookie\\Middleware\\EncryptCookies->handle()
#42 /home/soaonjvfyv03/public_html/prueba/preferencepassport/vendor/laravel/framework/src/Illuminate/Pipeline/Pipeline.php(103): Illuminate\\Pipeline\\Pipeline->Illuminate\\Pipeline\\{closure}()
#43 /home/soaonjvfyv03/public_html/prueba/preferencepassport/vendor/laravel/framework/src/Illuminate/Routing/Router.php(723): Illuminate\\Pipeline\\Pipeline->then()
#44 /home/soaonjvfyv03/public_html/prueba/preferencepassport/vendor/laravel/framework/src/Illuminate/Routing/Router.php(698): Illuminate\\Routing\\Router->runRouteWithinStack()
#45 /home/soaonjvfyv03/public_html/prueba/preferencepassport/vendor/laravel/framework/src/Illuminate/Routing/Router.php(662): Illuminate\\Routing\\Router->runRoute()
#46 /home/soaonjvfyv03/public_html/prueba/preferencepassport/vendor/laravel/framework/src/Illuminate/Routing/Router.php(651): Illuminate\\Routing\\Router->dispatchToRoute()
#47 /home/soaonjvfyv03/public_html/prueba/preferencepassport/vendor/laravel/framework/src/Illuminate/Foundation/Http/Kernel.php(167): Illuminate\\Routing\\Router->dispatch()
#48 /home/soaonjvfyv03/public_html/prueba/preferencepassport/vendor/laravel/framework/src/Illuminate/Pipeline/Pipeline.php(128): Illuminate\\Foundation\\Http\\Kernel->Illuminate\\Foundation\\Http\\{closure}()
#49 /home/soaonjvfyv03/public_html/prueba/preferencepassport/vendor/livewire/livewire/src/DisableBrowserCache.php(19): Illuminate\\Pipeline\\Pipeline->Illuminate\\Pipeline\\{closure}()
#50 /home/soaonjvfyv03/public_html/prueba/preferencepassport/vendor/laravel/framework/src/Illuminate/Pipeline/Pipeline.php(167): Livewire\\DisableBrowserCache->handle()
#51 /home/soaonjvfyv03/public_html/prueba/preferencepassport/vendor/laravel/framework/src/Illuminate/Foundation/Http/Middleware/TransformsRequest.php(21): Illuminate\\Pipeline\\Pipeline->Illuminate\\Pipeline\\{closure}()
#52 /home/soaonjvfyv03/public_html/prueba/preferencepassport/vendor/laravel/framework/src/Illuminate/Foundation/Http/Middleware/ConvertEmptyStringsToNull.php(31): Illuminate\\Foundation\\Http\\Middleware\\TransformsRequest->handle()
#53 /home/soaonjvfyv03/public_html/prueba/preferencepassport/vendor/laravel/framework/src/Illuminate/Pipeline/Pipeline.php(167): Illuminate\\Foundation\\Http\\Middleware\\ConvertEmptyStringsToNull->handle()
#54 /home/soaonjvfyv03/public_html/prueba/preferencepassport/vendor/laravel/framework/src/Illuminate/Foundation/Http/Middleware/TransformsRequest.php(21): Illuminate\\Pipeline\\Pipeline->Illuminate\\Pipeline\\{closure}()
#55 /home/soaonjvfyv03/public_html/prueba/preferencepassport/vendor/laravel/framework/src/Illuminate/Foundation/Http/Middleware/TrimStrings.php(40): Illuminate\\Foundation\\Http\\Middleware\\TransformsRequest->handle()
#56 /home/soaonjvfyv03/public_html/prueba/preferencepassport/vendor/laravel/framework/src/Illuminate/Pipeline/Pipeline.php(167): Illuminate\\Foundation\\Http\\Middleware\\TrimStrings->handle()
#57 /home/soaonjvfyv03/public_html/prueba/preferencepassport/vendor/laravel/framework/src/Illuminate/Foundation/Http/Middleware/ValidatePostSize.php(27): Illuminate\\Pipeline\\Pipeline->Illuminate\\Pipeline\\{closure}()
#58 /home/soaonjvfyv03/public_html/prueba/preferencepassport/vendor/laravel/framework/src/Illuminate/Pipeline/Pipeline.php(167): Illuminate\\Foundation\\Http\\Middleware\\ValidatePostSize->handle()
#59 /home/soaonjvfyv03/public_html/prueba/preferencepassport/vendor/laravel/framework/src/Illuminate/Foundation/Http/Middleware/PreventRequestsDuringMaintenance.php(86): Illuminate\\Pipeline\\Pipeline->Illuminate\\Pipeline\\{closure}()
#60 /home/soaonjvfyv03/public_html/prueba/preferencepassport/vendor/laravel/framework/src/Illuminate/Pipeline/Pipeline.php(167): Illuminate\\Foundation\\Http\\Middleware\\PreventRequestsDuringMaintenance->handle()
#61 /home/soaonjvfyv03/public_html/prueba/preferencepassport/vendor/fruitcake/laravel-cors/src/HandleCors.php(38): Illuminate\\Pipeline\\Pipeline->Illuminate\\Pipeline\\{closure}()
#62 /home/soaonjvfyv03/public_html/prueba/preferencepassport/vendor/laravel/framework/src/Illuminate/Pipeline/Pipeline.php(167): Fruitcake\\Cors\\HandleCors->handle()
#63 /home/soaonjvfyv03/public_html/prueba/preferencepassport/vendor/laravel/framework/src/Illuminate/Http/Middleware/TrustProxies.php(39): Illuminate\\Pipeline\\Pipeline->Illuminate\\Pipeline\\{closure}()
#64 /home/soaonjvfyv03/public_html/prueba/preferencepassport/vendor/laravel/framework/src/Illuminate/Pipeline/Pipeline.php(167): Illuminate\\Http\\Middleware\\TrustProxies->handle()
#65 /home/soaonjvfyv03/public_html/prueba/preferencepassport/vendor/laravel/framework/src/Illuminate/Pipeline/Pipeline.php(103): Illuminate\\Pipeline\\Pipeline->Illuminate\\Pipeline\\{closure}()
#66 /home/soaonjvfyv03/public_html/prueba/preferencepassport/vendor/laravel/framework/src/Illuminate/Foundation/Http/Kernel.php(142): Illuminate\\Pipeline\\Pipeline->then()
#67 /home/soaonjvfyv03/public_html/prueba/preferencepassport/vendor/laravel/framework/src/Illuminate/Foundation/Http/Kernel.php(111): Illuminate\\Foundation\\Http\\Kernel->sendRequestThroughRouter()
#68 /home/soaonjvfyv03/public_html/prueba/preferencepassport/index.php(52): Illuminate\\Foundation\\Http\\Kernel->handle()
#69 {main}
"} 
[2023-07-13 10:33:20] local.ERROR: SQLSTATE[42S22]: Column not found: 1054 Unknown column 'tarjeta' in 'field list' (SQL: insert into `leads` (`nombre`, `edad`, `estadocivil`, `telefono1`, `telefono2`, `correo`, `pais`, `notal`, `user_id`, `created_at2`, `statuses_id`, `tarjeta`, `updated_at`, `created_at`) values (guillermo venancio tec ucann, 30, casado, 12345678, 12345678, g.tec@marketing-xperience.com, colombia, s, 8, 2023-07-13 10:33:05, 1, Tarjeta Black, 2023-07-13 10:33:20, 2023-07-13 10:33:20)) {"userId":8,"exception":"[object] (Illuminate\\Database\\QueryException(code: 42S22): SQLSTATE[42S22]: Column not found: 1054 Unknown column 'tarjeta' in 'field list' (SQL: insert into `leads` (`nombre`, `edad`, `estadocivil`, `telefono1`, `telefono2`, `correo`, `pais`, `notal`, `user_id`, `created_at2`, `statuses_id`, `tarjeta`, `updated_at`, `created_at`) values (guillermo venancio tec ucann, 30, casado, 12345678, 12345678, g.tec@marketing-xperience.com, colombia, s, 8, 2023-07-13 10:33:05, 1, Tarjeta Black, 2023-07-13 10:33:20, 2023-07-13 10:33:20)) at /home/soaonjvfyv03/public_html/prueba/preferencepassport/vendor/laravel/framework/src/Illuminate/Database/Connection.php:712)
[stacktrace]
#0 /home/soaonjvfyv03/public_html/prueba/preferencepassport/vendor/laravel/framework/src/Illuminate/Database/Connection.php(672): Illuminate\\Database\\Connection->runQueryCallback()
#1 /home/soaonjvfyv03/public_html/prueba/preferencepassport/vendor/laravel/framework/src/Illuminate/Database/Connection.php(502): Illuminate\\Database\\Connection->run()
#2 /home/soaonjvfyv03/public_html/prueba/preferencepassport/vendor/laravel/framework/src/Illuminate/Database/Connection.php(454): Illuminate\\Database\\Connection->statement()
#3 /home/soaonjvfyv03/public_html/prueba/preferencepassport/vendor/laravel/framework/src/Illuminate/Database/Query/Processors/Processor.php(32): Illuminate\\Database\\Connection->insert()
#4 /home/soaonjvfyv03/public_html/prueba/preferencepassport/vendor/laravel/framework/src/Illuminate/Database/Query/Builder.php(3028): Illuminate\\Database\\Query\\Processors\\Processor->processInsertGetId()
#5 /home/soaonjvfyv03/public_html/prueba/preferencepassport/vendor/laravel/framework/src/Illuminate/Database/Eloquent/Builder.php(1657): Illuminate\\Database\\Query\\Builder->insertGetId()
#6 /home/soaonjvfyv03/public_html/prueba/preferencepassport/vendor/laravel/framework/src/Illuminate/Database/Eloquent/Model.php(1188): Illuminate\\Database\\Eloquent\\Builder->__call()
#7 /home/soaonjvfyv03/public_html/prueba/preferencepassport/vendor/laravel/framework/src/Illuminate/Database/Eloquent/Model.php(1153): Illuminate\\Database\\Eloquent\\Model->insertAndSetId()
#8 /home/soaonjvfyv03/public_html/prueba/preferencepassport/vendor/laravel/framework/src/Illuminate/Database/Eloquent/Model.php(994): Illuminate\\Database\\Eloquent\\Model->performInsert()
#9 /home/soaonjvfyv03/public_html/prueba/preferencepassport/vendor/laravel/framework/src/Illuminate/Database/Eloquent/Builder.php(896): Illuminate\\Database\\Eloquent\\Model->save()
#10 /home/soaonjvfyv03/public_html/prueba/preferencepassport/vendor/laravel/framework/src/Illuminate/Support/helpers.php(263): Illuminate\\Database\\Eloquent\\Builder->Illuminate\\Database\\Eloquent\\{closure}()
#11 /home/soaonjvfyv03/public_html/prueba/preferencepassport/vendor/laravel/framework/src/Illuminate/Database/Eloquent/Builder.php(897): tap()
#12 /home/soaonjvfyv03/public_html/prueba/preferencepassport/vendor/laravel/framework/src/Illuminate/Support/Traits/ForwardsCalls.php(23): Illuminate\\Database\\Eloquent\\Builder->create()
#13 /home/soaonjvfyv03/public_html/prueba/preferencepassport/vendor/laravel/framework/src/Illuminate/Database/Eloquent/Model.php(2132): Illuminate\\Database\\Eloquent\\Model->forwardCallTo()
#14 /home/soaonjvfyv03/public_html/prueba/preferencepassport/vendor/laravel/framework/src/Illuminate/Database/Eloquent/Model.php(2144): Illuminate\\Database\\Eloquent\\Model->__call()
#15 /home/soaonjvfyv03/public_html/prueba/preferencepassport/app/Http/Controllers/LeadController.php(811): Illuminate\\Database\\Eloquent\\Model::__callStatic()
#16 /home/soaonjvfyv03/public_html/prueba/preferencepassport/vendor/laravel/framework/src/Illuminate/Routing/Controller.php(54): App\\Http\\Controllers\\LeadController->store()
#17 /home/soaonjvfyv03/public_html/prueba/preferencepassport/vendor/laravel/framework/src/Illuminate/Routing/ControllerDispatcher.php(45): Illuminate\\Routing\\Controller->callAction()
#18 /home/soaonjvfyv03/public_html/prueba/preferencepassport/vendor/laravel/framework/src/Illuminate/Routing/Route.php(262): Illuminate\\Routing\\ControllerDispatcher->dispatch()
#19 /home/soaonjvfyv03/public_html/prueba/preferencepassport/vendor/laravel/framework/src/Illuminate/Routing/Route.php(205): Illuminate\\Routing\\Route->runController()
#20 /home/soaonjvfyv03/public_html/prueba/preferencepassport/vendor/laravel/framework/src/Illuminate/Routing/Router.php(721): Illuminate\\Routing\\Route->run()
#21 /home/soaonjvfyv03/public_html/prueba/preferencepassport/vendor/laravel/framework/src/Illuminate/Pipeline/Pipeline.php(128): Illuminate\\Routing\\Router->Illuminate\\Routing\\{closure}()
#22 /home/soaonjvfyv03/public_html/prueba/preferencepassport/vendor/spatie/laravel-permission/src/Middlewares/RoleMiddleware.php(27): Illuminate\\Pipeline\\Pipeline->Illuminate\\Pipeline\\{closure}()
#23 /home/soaonjvfyv03/public_html/prueba/preferencepassport/vendor/laravel/framework/src/Illuminate/Pipeline/Pipeline.php(167): Spatie\\Permission\\Middlewares\\RoleMiddleware->handle()
#24 /home/soaonjvfyv03/public_html/prueba/preferencepassport/vendor/laravel/framework/src/Illuminate/Routing/Middleware/SubstituteBindings.php(50): Illuminate\\Pipeline\\Pipeline->Illuminate\\Pipeline\\{closure}()
#25 /home/soaonjvfyv03/public_html/prueba/preferencepassport/vendor/laravel/framework/src/Illuminate/Pipeline/Pipeline.php(167): Illuminate\\Routing\\Middleware\\SubstituteBindings->handle()
#26 /home/soaonjvfyv03/public_html/prueba/preferencepassport/vendor/laravel/framework/src/Illuminate/Auth/Middleware/Authenticate.php(44): Illuminate\\Pipeline\\Pipeline->Illuminate\\Pipeline\\{closure}()
#27 /home/soaonjvfyv03/public_html/prueba/preferencepassport/vendor/laravel/framework/src/Illuminate/Pipeline/Pipeline.php(167): Illuminate\\Auth\\Middleware\\Authenticate->handle()
#28 /home/soaonjvfyv03/public_html/prueba/preferencepassport/vendor/laravel/framework/src/Illuminate/Foundation/Http/Middleware/VerifyCsrfToken.php(78): Illuminate\\Pipeline\\Pipeline->Illuminate\\Pipeline\\{closure}()
#29 /home/soaonjvfyv03/public_html/prueba/preferencepassport/app/Http/Middleware/VerifyCsrfToken.php(30): Illuminate\\Foundation\\Http\\Middleware\\VerifyCsrfToken->handle()
#30 /home/soaonjvfyv03/public_html/prueba/preferencepassport/vendor/laravel/framework/src/Illuminate/Pipeline/Pipeline.php(167): App\\Http\\Middleware\\VerifyCsrfToken->handle()
#31 /home/soaonjvfyv03/public_html/prueba/preferencepassport/vendor/laravel/framework/src/Illuminate/View/Middleware/ShareErrorsFromSession.php(49): Illuminate\\Pipeline\\Pipeline->Illuminate\\Pipeline\\{closure}()
#32 /home/soaonjvfyv03/public_html/prueba/preferencepassport/vendor/laravel/framework/src/Illuminate/Pipeline/Pipeline.php(167): Illuminate\\View\\Middleware\\ShareErrorsFromSession->handle()
#33 /home/soaonjvfyv03/public_html/prueba/preferencepassport/vendor/laravel/framework/src/Illuminate/Session/Middleware/StartSession.php(121): Illuminate\\Pipeline\\Pipeline->Illuminate\\Pipeline\\{closure}()
#34 /home/soaonjvfyv03/public_html/prueba/preferencepassport/vendor/laravel/framework/src/Illuminate/Session/Middleware/StartSession.php(64): Illuminate\\Session\\Middleware\\StartSession->handleStatefulRequest()
#35 /home/soaonjvfyv03/public_html/prueba/preferencepassport/vendor/laravel/framework/src/Illuminate/Pipeline/Pipeline.php(167): Illuminate\\Session\\Middleware\\StartSession->handle()
#36 /home/soaonjvfyv03/public_html/prueba/preferencepassport/vendor/laravel/framework/src/Illuminate/Cookie/Middleware/AddQueuedCookiesToResponse.php(37): Illuminate\\Pipeline\\Pipeline->Illuminate\\Pipeline\\{closure}()
#37 /home/soaonjvfyv03/public_html/prueba/preferencepassport/vendor/laravel/framework/src/Illuminate/Pipeline/Pipeline.php(167): Illuminate\\Cookie\\Middleware\\AddQueuedCookiesToResponse->handle()
#38 /home/soaonjvfyv03/public_html/prueba/preferencepassport/vendor/laravel/framework/src/Illuminate/Cookie/Middleware/EncryptCookies.php(67): Illuminate\\Pipeline\\Pipeline->Illuminate\\Pipeline\\{closure}()
#39 /home/soaonjvfyv03/public_html/prueba/preferencepassport/vendor/laravel/framework/src/Illuminate/Pipeline/Pipeline.php(167): Illuminate\\Cookie\\Middleware\\EncryptCookies->handle()
#40 /home/soaonjvfyv03/public_html/prueba/preferencepassport/vendor/laravel/framework/src/Illuminate/Pipeline/Pipeline.php(103): Illuminate\\Pipeline\\Pipeline->Illuminate\\Pipeline\\{closure}()
#41 /home/soaonjvfyv03/public_html/prueba/preferencepassport/vendor/laravel/framework/src/Illuminate/Routing/Router.php(723): Illuminate\\Pipeline\\Pipeline->then()
#42 /home/soaonjvfyv03/public_html/prueba/preferencepassport/vendor/laravel/framework/src/Illuminate/Routing/Router.php(698): Illuminate\\Routing\\Router->runRouteWithinStack()
#43 /home/soaonjvfyv03/public_html/prueba/preferencepassport/vendor/laravel/framework/src/Illuminate/Routing/Router.php(662): Illuminate\\Routing\\Router->runRoute()
#44 /home/soaonjvfyv03/public_html/prueba/preferencepassport/vendor/laravel/framework/src/Illuminate/Routing/Router.php(651): Illuminate\\Routing\\Router->dispatchToRoute()
#45 /home/soaonjvfyv03/public_html/prueba/preferencepassport/vendor/laravel/framework/src/Illuminate/Foundation/Http/Kernel.php(167): Illuminate\\Routing\\Router->dispatch()
#46 /home/soaonjvfyv03/public_html/prueba/preferencepassport/vendor/laravel/framework/src/Illuminate/Pipeline/Pipeline.php(128): Illuminate\\Foundation\\Http\\Kernel->Illuminate\\Foundation\\Http\\{closure}()
#47 /home/soaonjvfyv03/public_html/prueba/preferencepassport/vendor/livewire/livewire/src/DisableBrowserCache.php(19): Illuminate\\Pipeline\\Pipeline->Illuminate\\Pipeline\\{closure}()
#48 /home/soaonjvfyv03/public_html/prueba/preferencepassport/vendor/laravel/framework/src/Illuminate/Pipeline/Pipeline.php(167): Livewire\\DisableBrowserCache->handle()
#49 /home/soaonjvfyv03/public_html/prueba/preferencepassport/vendor/laravel/framework/src/Illuminate/Foundation/Http/Middleware/TransformsRequest.php(21): Illuminate\\Pipeline\\Pipeline->Illuminate\\Pipeline\\{closure}()
#50 /home/soaonjvfyv03/public_html/prueba/preferencepassport/vendor/laravel/framework/src/Illuminate/Foundation/Http/Middleware/ConvertEmptyStringsToNull.php(31): Illuminate\\Foundation\\Http\\Middleware\\TransformsRequest->handle()
#51 /home/soaonjvfyv03/public_html/prueba/preferencepassport/vendor/laravel/framework/src/Illuminate/Pipeline/Pipeline.php(167): Illuminate\\Foundation\\Http\\Middleware\\ConvertEmptyStringsToNull->handle()
#52 /home/soaonjvfyv03/public_html/prueba/preferencepassport/vendor/laravel/framework/src/Illuminate/Foundation/Http/Middleware/TransformsRequest.php(21): Illuminate\\Pipeline\\Pipeline->Illuminate\\Pipeline\\{closure}()
#53 /home/soaonjvfyv03/public_html/prueba/preferencepassport/vendor/laravel/framework/src/Illuminate/Foundation/Http/Middleware/TrimStrings.php(40): Illuminate\\Foundation\\Http\\Middleware\\TransformsRequest->handle()
#54 /home/soaonjvfyv03/public_html/prueba/preferencepassport/vendor/laravel/framework/src/Illuminate/Pipeline/Pipeline.php(167): Illuminate\\Foundation\\Http\\Middleware\\TrimStrings->handle()
#55 /home/soaonjvfyv03/public_html/prueba/preferencepassport/vendor/laravel/framework/src/Illuminate/Foundation/Http/Middleware/ValidatePostSize.php(27): Illuminate\\Pipeline\\Pipeline->Illuminate\\Pipeline\\{closure}()
#56 /home/soaonjvfyv03/public_html/prueba/preferencepassport/vendor/laravel/framework/src/Illuminate/Pipeline/Pipeline.php(167): Illuminate\\Foundation\\Http\\Middleware\\ValidatePostSize->handle()
#57 /home/soaonjvfyv03/public_html/prueba/preferencepassport/vendor/laravel/framework/src/Illuminate/Foundation/Http/Middleware/PreventRequestsDuringMaintenance.php(86): Illuminate\\Pipeline\\Pipeline->Illuminate\\Pipeline\\{closure}()
#58 /home/soaonjvfyv03/public_html/prueba/preferencepassport/vendor/laravel/framework/src/Illuminate/Pipeline/Pipeline.php(167): Illuminate\\Foundation\\Http\\Middleware\\PreventRequestsDuringMaintenance->handle()
#59 /home/soaonjvfyv03/public_html/prueba/preferencepassport/vendor/fruitcake/laravel-cors/src/HandleCors.php(38): Illuminate\\Pipeline\\Pipeline->Illuminate\\Pipeline\\{closure}()
#60 /home/soaonjvfyv03/public_html/prueba/preferencepassport/vendor/laravel/framework/src/Illuminate/Pipeline/Pipeline.php(167): Fruitcake\\Cors\\HandleCors->handle()
#61 /home/soaonjvfyv03/public_html/prueba/preferencepassport/vendor/laravel/framework/src/Illuminate/Http/Middleware/TrustProxies.php(39): Illuminate\\Pipeline\\Pipeline->Illuminate\\Pipeline\\{closure}()
#62 /home/soaonjvfyv03/public_html/prueba/preferencepassport/vendor/laravel/framework/src/Illuminate/Pipeline/Pipeline.php(167): Illuminate\\Http\\Middleware\\TrustProxies->handle()
#63 /home/soaonjvfyv03/public_html/prueba/preferencepassport/vendor/laravel/framework/src/Illuminate/Pipeline/Pipeline.php(103): Illuminate\\Pipeline\\Pipeline->Illuminate\\Pipeline\\{closure}()
#64 /home/soaonjvfyv03/public_html/prueba/preferencepassport/vendor/laravel/framework/src/Illuminate/Foundation/Http/Kernel.php(142): Illuminate\\Pipeline\\Pipeline->then()
#65 /home/soaonjvfyv03/public_html/prueba/preferencepassport/vendor/laravel/framework/src/Illuminate/Foundation/Http/Kernel.php(111): Illuminate\\Foundation\\Http\\Kernel->sendRequestThroughRouter()
#66 /home/soaonjvfyv03/public_html/prueba/preferencepassport/index.php(52): Illuminate\\Foundation\\Http\\Kernel->handle()
#67 {main}

[previous exception] [object] (PDOException(code: 42S22): SQLSTATE[42S22]: Column not found: 1054 Unknown column 'tarjeta' in 'field list' at /home/soaonjvfyv03/public_html/prueba/preferencepassport/vendor/laravel/framework/src/Illuminate/Database/Connection.php:495)
[stacktrace]
#0 /home/soaonjvfyv03/public_html/prueba/preferencepassport/vendor/laravel/framework/src/Illuminate/Database/Connection.php(495): PDO->prepare()
#1 /home/soaonjvfyv03/public_html/prueba/preferencepassport/vendor/laravel/framework/src/Illuminate/Database/Connection.php(705): Illuminate\\Database\\Connection->Illuminate\\Database\\{closure}()
#2 /home/soaonjvfyv03/public_html/prueba/preferencepassport/vendor/laravel/framework/src/Illuminate/Database/Connection.php(672): Illuminate\\Database\\Connection->runQueryCallback()
#3 /home/soaonjvfyv03/public_html/prueba/preferencepassport/vendor/laravel/framework/src/Illuminate/Database/Connection.php(502): Illuminate\\Database\\Connection->run()
#4 /home/soaonjvfyv03/public_html/prueba/preferencepassport/vendor/laravel/framework/src/Illuminate/Database/Connection.php(454): Illuminate\\Database\\Connection->statement()
#5 /home/soaonjvfyv03/public_html/prueba/preferencepassport/vendor/laravel/framework/src/Illuminate/Database/Query/Processors/Processor.php(32): Illuminate\\Database\\Connection->insert()
#6 /home/soaonjvfyv03/public_html/prueba/preferencepassport/vendor/laravel/framework/src/Illuminate/Database/Query/Builder.php(3028): Illuminate\\Database\\Query\\Processors\\Processor->processInsertGetId()
#7 /home/soaonjvfyv03/public_html/prueba/preferencepassport/vendor/laravel/framework/src/Illuminate/Database/Eloquent/Builder.php(1657): Illuminate\\Database\\Query\\Builder->insertGetId()
#8 /home/soaonjvfyv03/public_html/prueba/preferencepassport/vendor/laravel/framework/src/Illuminate/Database/Eloquent/Model.php(1188): Illuminate\\Database\\Eloquent\\Builder->__call()
#9 /home/soaonjvfyv03/public_html/prueba/preferencepassport/vendor/laravel/framework/src/Illuminate/Database/Eloquent/Model.php(1153): Illuminate\\Database\\Eloquent\\Model->insertAndSetId()
#10 /home/soaonjvfyv03/public_html/prueba/preferencepassport/vendor/laravel/framework/src/Illuminate/Database/Eloquent/Model.php(994): Illuminate\\Database\\Eloquent\\Model->performInsert()
#11 /home/soaonjvfyv03/public_html/prueba/preferencepassport/vendor/laravel/framework/src/Illuminate/Database/Eloquent/Builder.php(896): Illuminate\\Database\\Eloquent\\Model->save()
#12 /home/soaonjvfyv03/public_html/prueba/preferencepassport/vendor/laravel/framework/src/Illuminate/Support/helpers.php(263): Illuminate\\Database\\Eloquent\\Builder->Illuminate\\Database\\Eloquent\\{closure}()
#13 /home/soaonjvfyv03/public_html/prueba/preferencepassport/vendor/laravel/framework/src/Illuminate/Database/Eloquent/Builder.php(897): tap()
#14 /home/soaonjvfyv03/public_html/prueba/preferencepassport/vendor/laravel/framework/src/Illuminate/Support/Traits/ForwardsCalls.php(23): Illuminate\\Database\\Eloquent\\Builder->create()
#15 /home/soaonjvfyv03/public_html/prueba/preferencepassport/vendor/laravel/framework/src/Illuminate/Database/Eloquent/Model.php(2132): Illuminate\\Database\\Eloquent\\Model->forwardCallTo()
#16 /home/soaonjvfyv03/public_html/prueba/preferencepassport/vendor/laravel/framework/src/Illuminate/Database/Eloquent/Model.php(2144): Illuminate\\Database\\Eloquent\\Model->__call()
#17 /home/soaonjvfyv03/public_html/prueba/preferencepassport/app/Http/Controllers/LeadController.php(811): Illuminate\\Database\\Eloquent\\Model::__callStatic()
#18 /home/soaonjvfyv03/public_html/prueba/preferencepassport/vendor/laravel/framework/src/Illuminate/Routing/Controller.php(54): App\\Http\\Controllers\\LeadController->store()
#19 /home/soaonjvfyv03/public_html/prueba/preferencepassport/vendor/laravel/framework/src/Illuminate/Routing/ControllerDispatcher.php(45): Illuminate\\Routing\\Controller->callAction()
#20 /home/soaonjvfyv03/public_html/prueba/preferencepassport/vendor/laravel/framework/src/Illuminate/Routing/Route.php(262): Illuminate\\Routing\\ControllerDispatcher->dispatch()
#21 /home/soaonjvfyv03/public_html/prueba/preferencepassport/vendor/laravel/framework/src/Illuminate/Routing/Route.php(205): Illuminate\\Routing\\Route->runController()
#22 /home/soaonjvfyv03/public_html/prueba/preferencepassport/vendor/laravel/framework/src/Illuminate/Routing/Router.php(721): Illuminate\\Routing\\Route->run()
#23 /home/soaonjvfyv03/public_html/prueba/preferencepassport/vendor/laravel/framework/src/Illuminate/Pipeline/Pipeline.php(128): Illuminate\\Routing\\Router->Illuminate\\Routing\\{closure}()
#24 /home/soaonjvfyv03/public_html/prueba/preferencepassport/vendor/spatie/laravel-permission/src/Middlewares/RoleMiddleware.php(27): Illuminate\\Pipeline\\Pipeline->Illuminate\\Pipeline\\{closure}()
#25 /home/soaonjvfyv03/public_html/prueba/preferencepassport/vendor/laravel/framework/src/Illuminate/Pipeline/Pipeline.php(167): Spatie\\Permission\\Middlewares\\RoleMiddleware->handle()
#26 /home/soaonjvfyv03/public_html/prueba/preferencepassport/vendor/laravel/framework/src/Illuminate/Routing/Middleware/SubstituteBindings.php(50): Illuminate\\Pipeline\\Pipeline->Illuminate\\Pipeline\\{closure}()
#27 /home/soaonjvfyv03/public_html/prueba/preferencepassport/vendor/laravel/framework/src/Illuminate/Pipeline/Pipeline.php(167): Illuminate\\Routing\\Middleware\\SubstituteBindings->handle()
#28 /home/soaonjvfyv03/public_html/prueba/preferencepassport/vendor/laravel/framework/src/Illuminate/Auth/Middleware/Authenticate.php(44): Illuminate\\Pipeline\\Pipeline->Illuminate\\Pipeline\\{closure}()
#29 /home/soaonjvfyv03/public_html/prueba/preferencepassport/vendor/laravel/framework/src/Illuminate/Pipeline/Pipeline.php(167): Illuminate\\Auth\\Middleware\\Authenticate->handle()
#30 /home/soaonjvfyv03/public_html/prueba/preferencepassport/vendor/laravel/framework/src/Illuminate/Foundation/Http/Middleware/VerifyCsrfToken.php(78): Illuminate\\Pipeline\\Pipeline->Illuminate\\Pipeline\\{closure}()
#31 /home/soaonjvfyv03/public_html/prueba/preferencepassport/app/Http/Middleware/VerifyCsrfToken.php(30): Illuminate\\Foundation\\Http\\Middleware\\VerifyCsrfToken->handle()
#32 /home/soaonjvfyv03/public_html/prueba/preferencepassport/vendor/laravel/framework/src/Illuminate/Pipeline/Pipeline.php(167): App\\Http\\Middleware\\VerifyCsrfToken->handle()
#33 /home/soaonjvfyv03/public_html/prueba/preferencepassport/vendor/laravel/framework/src/Illuminate/View/Middleware/ShareErrorsFromSession.php(49): Illuminate\\Pipeline\\Pipeline->Illuminate\\Pipeline\\{closure}()
#34 /home/soaonjvfyv03/public_html/prueba/preferencepassport/vendor/laravel/framework/src/Illuminate/Pipeline/Pipeline.php(167): Illuminate\\View\\Middleware\\ShareErrorsFromSession->handle()
#35 /home/soaonjvfyv03/public_html/prueba/preferencepassport/vendor/laravel/framework/src/Illuminate/Session/Middleware/StartSession.php(121): Illuminate\\Pipeline\\Pipeline->Illuminate\\Pipeline\\{closure}()
#36 /home/soaonjvfyv03/public_html/prueba/preferencepassport/vendor/laravel/framework/src/Illuminate/Session/Middleware/StartSession.php(64): Illuminate\\Session\\Middleware\\StartSession->handleStatefulRequest()
#37 /home/soaonjvfyv03/public_html/prueba/preferencepassport/vendor/laravel/framework/src/Illuminate/Pipeline/Pipeline.php(167): Illuminate\\Session\\Middleware\\StartSession->handle()
#38 /home/soaonjvfyv03/public_html/prueba/preferencepassport/vendor/laravel/framework/src/Illuminate/Cookie/Middleware/AddQueuedCookiesToResponse.php(37): Illuminate\\Pipeline\\Pipeline->Illuminate\\Pipeline\\{closure}()
#39 /home/soaonjvfyv03/public_html/prueba/preferencepassport/vendor/laravel/framework/src/Illuminate/Pipeline/Pipeline.php(167): Illuminate\\Cookie\\Middleware\\AddQueuedCookiesToResponse->handle()
#40 /home/soaonjvfyv03/public_html/prueba/preferencepassport/vendor/laravel/framework/src/Illuminate/Cookie/Middleware/EncryptCookies.php(67): Illuminate\\Pipeline\\Pipeline->Illuminate\\Pipeline\\{closure}()
#41 /home/soaonjvfyv03/public_html/prueba/preferencepassport/vendor/laravel/framework/src/Illuminate/Pipeline/Pipeline.php(167): Illuminate\\Cookie\\Middleware\\EncryptCookies->handle()
#42 /home/soaonjvfyv03/public_html/prueba/preferencepassport/vendor/laravel/framework/src/Illuminate/Pipeline/Pipeline.php(103): Illuminate\\Pipeline\\Pipeline->Illuminate\\Pipeline\\{closure}()
#43 /home/soaonjvfyv03/public_html/prueba/preferencepassport/vendor/laravel/framework/src/Illuminate/Routing/Router.php(723): Illuminate\\Pipeline\\Pipeline->then()
#44 /home/soaonjvfyv03/public_html/prueba/preferencepassport/vendor/laravel/framework/src/Illuminate/Routing/Router.php(698): Illuminate\\Routing\\Router->runRouteWithinStack()
#45 /home/soaonjvfyv03/public_html/prueba/preferencepassport/vendor/laravel/framework/src/Illuminate/Routing/Router.php(662): Illuminate\\Routing\\Router->runRoute()
#46 /home/soaonjvfyv03/public_html/prueba/preferencepassport/vendor/laravel/framework/src/Illuminate/Routing/Router.php(651): Illuminate\\Routing\\Router->dispatchToRoute()
#47 /home/soaonjvfyv03/public_html/prueba/preferencepassport/vendor/laravel/framework/src/Illuminate/Foundation/Http/Kernel.php(167): Illuminate\\Routing\\Router->dispatch()
#48 /home/soaonjvfyv03/public_html/prueba/preferencepassport/vendor/laravel/framework/src/Illuminate/Pipeline/Pipeline.php(128): Illuminate\\Foundation\\Http\\Kernel->Illuminate\\Foundation\\Http\\{closure}()
#49 /home/soaonjvfyv03/public_html/prueba/preferencepassport/vendor/livewire/livewire/src/DisableBrowserCache.php(19): Illuminate\\Pipeline\\Pipeline->Illuminate\\Pipeline\\{closure}()
#50 /home/soaonjvfyv03/public_html/prueba/preferencepassport/vendor/laravel/framework/src/Illuminate/Pipeline/Pipeline.php(167): Livewire\\DisableBrowserCache->handle()
#51 /home/soaonjvfyv03/public_html/prueba/preferencepassport/vendor/laravel/framework/src/Illuminate/Foundation/Http/Middleware/TransformsRequest.php(21): Illuminate\\Pipeline\\Pipeline->Illuminate\\Pipeline\\{closure}()
#52 /home/soaonjvfyv03/public_html/prueba/preferencepassport/vendor/laravel/framework/src/Illuminate/Foundation/Http/Middleware/ConvertEmptyStringsToNull.php(31): Illuminate\\Foundation\\Http\\Middleware\\TransformsRequest->handle()
#53 /home/soaonjvfyv03/public_html/prueba/preferencepassport/vendor/laravel/framework/src/Illuminate/Pipeline/Pipeline.php(167): Illuminate\\Foundation\\Http\\Middleware\\ConvertEmptyStringsToNull->handle()
#54 /home/soaonjvfyv03/public_html/prueba/preferencepassport/vendor/laravel/framework/src/Illuminate/Foundation/Http/Middleware/TransformsRequest.php(21): Illuminate\\Pipeline\\Pipeline->Illuminate\\Pipeline\\{closure}()
#55 /home/soaonjvfyv03/public_html/prueba/preferencepassport/vendor/laravel/framework/src/Illuminate/Foundation/Http/Middleware/TrimStrings.php(40): Illuminate\\Foundation\\Http\\Middleware\\TransformsRequest->handle()
#56 /home/soaonjvfyv03/public_html/prueba/preferencepassport/vendor/laravel/framework/src/Illuminate/Pipeline/Pipeline.php(167): Illuminate\\Foundation\\Http\\Middleware\\TrimStrings->handle()
#57 /home/soaonjvfyv03/public_html/prueba/preferencepassport/vendor/laravel/framework/src/Illuminate/Foundation/Http/Middleware/ValidatePostSize.php(27): Illuminate\\Pipeline\\Pipeline->Illuminate\\Pipeline\\{closure}()
#58 /home/soaonjvfyv03/public_html/prueba/preferencepassport/vendor/laravel/framework/src/Illuminate/Pipeline/Pipeline.php(167): Illuminate\\Foundation\\Http\\Middleware\\ValidatePostSize->handle()
#59 /home/soaonjvfyv03/public_html/prueba/preferencepassport/vendor/laravel/framework/src/Illuminate/Foundation/Http/Middleware/PreventRequestsDuringMaintenance.php(86): Illuminate\\Pipeline\\Pipeline->Illuminate\\Pipeline\\{closure}()
#60 /home/soaonjvfyv03/public_html/prueba/preferencepassport/vendor/laravel/framework/src/Illuminate/Pipeline/Pipeline.php(167): Illuminate\\Foundation\\Http\\Middleware\\PreventRequestsDuringMaintenance->handle()
#61 /home/soaonjvfyv03/public_html/prueba/preferencepassport/vendor/fruitcake/laravel-cors/src/HandleCors.php(38): Illuminate\\Pipeline\\Pipeline->Illuminate\\Pipeline\\{closure}()
#62 /home/soaonjvfyv03/public_html/prueba/preferencepassport/vendor/laravel/framework/src/Illuminate/Pipeline/Pipeline.php(167): Fruitcake\\Cors\\HandleCors->handle()
#63 /home/soaonjvfyv03/public_html/prueba/preferencepassport/vendor/laravel/framework/src/Illuminate/Http/Middleware/TrustProxies.php(39): Illuminate\\Pipeline\\Pipeline->Illuminate\\Pipeline\\{closure}()
#64 /home/soaonjvfyv03/public_html/prueba/preferencepassport/vendor/laravel/framework/src/Illuminate/Pipeline/Pipeline.php(167): Illuminate\\Http\\Middleware\\TrustProxies->handle()
#65 /home/soaonjvfyv03/public_html/prueba/preferencepassport/vendor/laravel/framework/src/Illuminate/Pipeline/Pipeline.php(103): Illuminate\\Pipeline\\Pipeline->Illuminate\\Pipeline\\{closure}()
#66 /home/soaonjvfyv03/public_html/prueba/preferencepassport/vendor/laravel/framework/src/Illuminate/Foundation/Http/Kernel.php(142): Illuminate\\Pipeline\\Pipeline->then()
#67 /home/soaonjvfyv03/public_html/prueba/preferencepassport/vendor/laravel/framework/src/Illuminate/Foundation/Http/Kernel.php(111): Illuminate\\Foundation\\Http\\Kernel->sendRequestThroughRouter()
#68 /home/soaonjvfyv03/public_html/prueba/preferencepassport/index.php(52): Illuminate\\Foundation\\Http\\Kernel->handle()
#69 {main}
"} 
[2023-07-13 10:35:01] local.INFO: {"id":8,"name":"Gina Cravioto","email":"gina@vacationcards.com","email_verified_at":null,"avatar":"default.png","status":"1","created_at":"2022-12-12 13:10:59","updated_at":"2023-01-12 09:20:11"}Usuario guardadopor: Gina Cravioto  
[2023-07-13 10:35:20] local.INFO: {"nombre":"guillermo venancio tec ucann","edad":"30","estadocivil":"casado","telefono1":"12345678","telefono2":"12345678","correo":"memonuevecero@gmail.com","pais":"colombia","notal":"sss","user_id":"8","created_at2":"2023-07-13 10:35:10","statuses_id":"1","tarjeta":"Tarjeta Classic","updated_at":"2023-07-13T15:35:20.000000Z","created_at":"2023-07-13T15:35:20.000000Z","id":305}Lead Creado  por : Gina Cravioto  
[2023-07-13 10:35:21] local.ERROR: Connection could not be established with host marketing-xperience.com :stream_socket_client(): Unable to connect to ssl://marketing-xperience.com:465 (Connection refused) {"userId":8,"exception":"[object] (Swift_TransportException(code: 0): Connection could not be established with host marketing-xperience.com :stream_socket_client(): Unable to connect to ssl://marketing-xperience.com:465 (Connection refused) at /home/soaonjvfyv03/public_html/prueba/preferencepassport/vendor/swiftmailer/swiftmailer/lib/classes/Swift/Transport/StreamBuffer.php:261)
[stacktrace]
#0 [internal function]: Swift_Transport_StreamBuffer->{closure}()
#1 /home/soaonjvfyv03/public_html/prueba/preferencepassport/vendor/swiftmailer/swiftmailer/lib/classes/Swift/Transport/StreamBuffer.php(264): stream_socket_client()
#2 /home/soaonjvfyv03/public_html/prueba/preferencepassport/vendor/swiftmailer/swiftmailer/lib/classes/Swift/Transport/StreamBuffer.php(58): Swift_Transport_StreamBuffer->establishSocketConnection()
#3 /home/soaonjvfyv03/public_html/prueba/preferencepassport/vendor/swiftmailer/swiftmailer/lib/classes/Swift/Transport/AbstractSmtpTransport.php(143): Swift_Transport_StreamBuffer->initialize()
#4 /home/soaonjvfyv03/public_html/prueba/preferencepassport/vendor/swiftmailer/swiftmailer/lib/classes/Swift/Mailer.php(65): Swift_Transport_AbstractSmtpTransport->start()
#5 /home/soaonjvfyv03/public_html/prueba/preferencepassport/vendor/laravel/framework/src/Illuminate/Mail/Mailer.php(521): Swift_Mailer->send()
#6 /home/soaonjvfyv03/public_html/prueba/preferencepassport/vendor/laravel/framework/src/Illuminate/Mail/Mailer.php(288): Illuminate\\Mail\\Mailer->sendSwiftMessage()
#7 /home/soaonjvfyv03/public_html/prueba/preferencepassport/vendor/laravel/framework/src/Illuminate/Mail/Mailable.php(187): Illuminate\\Mail\\Mailer->send()
#8 /home/soaonjvfyv03/public_html/prueba/preferencepassport/vendor/laravel/framework/src/Illuminate/Support/Traits/Localizable.php(19): Illuminate\\Mail\\Mailable->Illuminate\\Mail\\{closure}()
#9 /home/soaonjvfyv03/public_html/prueba/preferencepassport/vendor/laravel/framework/src/Illuminate/Mail/Mailable.php(188): Illuminate\\Mail\\Mailable->withLocale()
#10 /home/soaonjvfyv03/public_html/prueba/preferencepassport/vendor/laravel/framework/src/Illuminate/Mail/Mailer.php(304): Illuminate\\Mail\\Mailable->send()
#11 /home/soaonjvfyv03/public_html/prueba/preferencepassport/vendor/laravel/framework/src/Illuminate/Mail/Mailer.php(258): Illuminate\\Mail\\Mailer->sendMailable()
#12 /home/soaonjvfyv03/public_html/prueba/preferencepassport/vendor/laravel/framework/src/Illuminate/Mail/PendingMail.php(124): Illuminate\\Mail\\Mailer->send()
#13 /home/soaonjvfyv03/public_html/prueba/preferencepassport/app/Jobs/ProcessLeads.php(59): Illuminate\\Mail\\PendingMail->send()
#14 /home/soaonjvfyv03/public_html/prueba/preferencepassport/vendor/laravel/framework/src/Illuminate/Container/BoundMethod.php(36): App\\Jobs\\ProcessLeads->handle()
#15 /home/soaonjvfyv03/public_html/prueba/preferencepassport/vendor/laravel/framework/src/Illuminate/Container/Util.php(40): Illuminate\\Container\\BoundMethod::Illuminate\\Container\\{closure}()
#16 /home/soaonjvfyv03/public_html/prueba/preferencepassport/vendor/laravel/framework/src/Illuminate/Container/BoundMethod.php(93): Illuminate\\Container\\Util::unwrapIfClosure()
#17 /home/soaonjvfyv03/public_html/prueba/preferencepassport/vendor/laravel/framework/src/Illuminate/Container/BoundMethod.php(37): Illuminate\\Container\\BoundMethod::callBoundMethod()
#18 /home/soaonjvfyv03/public_html/prueba/preferencepassport/vendor/laravel/framework/src/Illuminate/Container/Container.php(653): Illuminate\\Container\\BoundMethod::call()
#19 /home/soaonjvfyv03/public_html/prueba/preferencepassport/vendor/laravel/framework/src/Illuminate/Bus/Dispatcher.php(128): Illuminate\\Container\\Container->call()
#20 /home/soaonjvfyv03/public_html/prueba/preferencepassport/vendor/laravel/framework/src/Illuminate/Pipeline/Pipeline.php(128): Illuminate\\Bus\\Dispatcher->Illuminate\\Bus\\{closure}()
#21 /home/soaonjvfyv03/public_html/prueba/preferencepassport/vendor/laravel/framework/src/Illuminate/Pipeline/Pipeline.php(103): Illuminate\\Pipeline\\Pipeline->Illuminate\\Pipeline\\{closure}()
#22 /home/soaonjvfyv03/public_html/prueba/preferencepassport/vendor/laravel/framework/src/Illuminate/Bus/Dispatcher.php(132): Illuminate\\Pipeline\\Pipeline->then()
#23 /home/soaonjvfyv03/public_html/prueba/preferencepassport/vendor/laravel/framework/src/Illuminate/Bus/Dispatcher.php(266): Illuminate\\Bus\\Dispatcher->dispatchNow()
#24 /home/soaonjvfyv03/public_html/prueba/preferencepassport/vendor/laravel/framework/src/Illuminate/Container/BoundMethod.php(36): Illuminate\\Bus\\Dispatcher->Illuminate\\Bus\\{closure}()
#25 /home/soaonjvfyv03/public_html/prueba/preferencepassport/vendor/laravel/framework/src/Illuminate/Container/Util.php(40): Illuminate\\Container\\BoundMethod::Illuminate\\Container\\{closure}()
#26 /home/soaonjvfyv03/public_html/prueba/preferencepassport/vendor/laravel/framework/src/Illuminate/Container/BoundMethod.php(81): Illuminate\\Container\\Util::unwrapIfClosure()
#27 /home/soaonjvfyv03/public_html/prueba/preferencepassport/vendor/laravel/framework/src/Illuminate/Container/BoundMethod.php(37): Illuminate\\Container\\BoundMethod::callBoundMethod()
#28 /home/soaonjvfyv03/public_html/prueba/preferencepassport/vendor/laravel/framework/src/Illuminate/Container/Container.php(653): Illuminate\\Container\\BoundMethod::call()
#29 /home/soaonjvfyv03/public_html/prueba/preferencepassport/vendor/laravel/framework/src/Illuminate/Foundation/Application.php(1158): Illuminate\\Container\\Container->call()
#30 /home/soaonjvfyv03/public_html/prueba/preferencepassport/vendor/laravel/framework/src/Illuminate/Foundation/Http/Kernel.php(182): Illuminate\\Foundation\\Application->terminate()
#31 /home/soaonjvfyv03/public_html/prueba/preferencepassport/index.php(55): Illuminate\\Foundation\\Http\\Kernel->terminate()
#32 {main}
"} 
[2023-07-13 10:39:53] local.INFO: {"nombre":"administrador","edad":"29","estadocivil":"casado","telefono1":"1234567890","telefono2":"1234567890","correo":"g.tec@marketing-xperience.com","pais":"mexico","notal":"notal","user_id":"8","created_at2":"2023-07-13 09:59:07","statuses_id":"1","tarjeta":"Tarjeta Classic","updated_at":"2023-07-13T15:39:53.000000Z","created_at":"2023-07-13T15:39:53.000000Z","id":306}Lead Creado  por : Gina Cravioto  
[2023-07-13 10:39:54] local.ERROR: Connection could not be established with host marketing-xperience.com :stream_socket_client(): Unable to connect to ssl://marketing-xperience.com:465 (Connection refused) {"userId":8,"exception":"[object] (Swift_TransportException(code: 0): Connection could not be established with host marketing-xperience.com :stream_socket_client(): Unable to connect to ssl://marketing-xperience.com:465 (Connection refused) at /home/soaonjvfyv03/public_html/prueba/preferencepassport/vendor/swiftmailer/swiftmailer/lib/classes/Swift/Transport/StreamBuffer.php:261)
[stacktrace]
#0 [internal function]: Swift_Transport_StreamBuffer->{closure}()
#1 /home/soaonjvfyv03/public_html/prueba/preferencepassport/vendor/swiftmailer/swiftmailer/lib/classes/Swift/Transport/StreamBuffer.php(264): stream_socket_client()
#2 /home/soaonjvfyv03/public_html/prueba/preferencepassport/vendor/swiftmailer/swiftmailer/lib/classes/Swift/Transport/StreamBuffer.php(58): Swift_Transport_StreamBuffer->establishSocketConnection()
#3 /home/soaonjvfyv03/public_html/prueba/preferencepassport/vendor/swiftmailer/swiftmailer/lib/classes/Swift/Transport/AbstractSmtpTransport.php(143): Swift_Transport_StreamBuffer->initialize()
#4 /home/soaonjvfyv03/public_html/prueba/preferencepassport/vendor/swiftmailer/swiftmailer/lib/classes/Swift/Mailer.php(65): Swift_Transport_AbstractSmtpTransport->start()
#5 /home/soaonjvfyv03/public_html/prueba/preferencepassport/vendor/laravel/framework/src/Illuminate/Mail/Mailer.php(521): Swift_Mailer->send()
#6 /home/soaonjvfyv03/public_html/prueba/preferencepassport/vendor/laravel/framework/src/Illuminate/Mail/Mailer.php(288): Illuminate\\Mail\\Mailer->sendSwiftMessage()
#7 /home/soaonjvfyv03/public_html/prueba/preferencepassport/vendor/laravel/framework/src/Illuminate/Mail/Mailable.php(187): Illuminate\\Mail\\Mailer->send()
#8 /home/soaonjvfyv03/public_html/prueba/preferencepassport/vendor/laravel/framework/src/Illuminate/Support/Traits/Localizable.php(19): Illuminate\\Mail\\Mailable->Illuminate\\Mail\\{closure}()
#9 /home/soaonjvfyv03/public_html/prueba/preferencepassport/vendor/laravel/framework/src/Illuminate/Mail/Mailable.php(188): Illuminate\\Mail\\Mailable->withLocale()
#10 /home/soaonjvfyv03/public_html/prueba/preferencepassport/vendor/laravel/framework/src/Illuminate/Mail/Mailer.php(304): Illuminate\\Mail\\Mailable->send()
#11 /home/soaonjvfyv03/public_html/prueba/preferencepassport/vendor/laravel/framework/src/Illuminate/Mail/Mailer.php(258): Illuminate\\Mail\\Mailer->sendMailable()
#12 /home/soaonjvfyv03/public_html/prueba/preferencepassport/vendor/laravel/framework/src/Illuminate/Mail/PendingMail.php(124): Illuminate\\Mail\\Mailer->send()
#13 /home/soaonjvfyv03/public_html/prueba/preferencepassport/app/Jobs/ProcessLeads.php(59): Illuminate\\Mail\\PendingMail->send()
#14 /home/soaonjvfyv03/public_html/prueba/preferencepassport/vendor/laravel/framework/src/Illuminate/Container/BoundMethod.php(36): App\\Jobs\\ProcessLeads->handle()
#15 /home/soaonjvfyv03/public_html/prueba/preferencepassport/vendor/laravel/framework/src/Illuminate/Container/Util.php(40): Illuminate\\Container\\BoundMethod::Illuminate\\Container\\{closure}()
#16 /home/soaonjvfyv03/public_html/prueba/preferencepassport/vendor/laravel/framework/src/Illuminate/Container/BoundMethod.php(93): Illuminate\\Container\\Util::unwrapIfClosure()
#17 /home/soaonjvfyv03/public_html/prueba/preferencepassport/vendor/laravel/framework/src/Illuminate/Container/BoundMethod.php(37): Illuminate\\Container\\BoundMethod::callBoundMethod()
#18 /home/soaonjvfyv03/public_html/prueba/preferencepassport/vendor/laravel/framework/src/Illuminate/Container/Container.php(653): Illuminate\\Container\\BoundMethod::call()
#19 /home/soaonjvfyv03/public_html/prueba/preferencepassport/vendor/laravel/framework/src/Illuminate/Bus/Dispatcher.php(128): Illuminate\\Container\\Container->call()
#20 /home/soaonjvfyv03/public_html/prueba/preferencepassport/vendor/laravel/framework/src/Illuminate/Pipeline/Pipeline.php(128): Illuminate\\Bus\\Dispatcher->Illuminate\\Bus\\{closure}()
#21 /home/soaonjvfyv03/public_html/prueba/preferencepassport/vendor/laravel/framework/src/Illuminate/Pipeline/Pipeline.php(103): Illuminate\\Pipeline\\Pipeline->Illuminate\\Pipeline\\{closure}()
#22 /home/soaonjvfyv03/public_html/prueba/preferencepassport/vendor/laravel/framework/src/Illuminate/Bus/Dispatcher.php(132): Illuminate\\Pipeline\\Pipeline->then()
#23 /home/soaonjvfyv03/public_html/prueba/preferencepassport/vendor/laravel/framework/src/Illuminate/Bus/Dispatcher.php(266): Illuminate\\Bus\\Dispatcher->dispatchNow()
#24 /home/soaonjvfyv03/public_html/prueba/preferencepassport/vendor/laravel/framework/src/Illuminate/Container/BoundMethod.php(36): Illuminate\\Bus\\Dispatcher->Illuminate\\Bus\\{closure}()
#25 /home/soaonjvfyv03/public_html/prueba/preferencepassport/vendor/laravel/framework/src/Illuminate/Container/Util.php(40): Illuminate\\Container\\BoundMethod::Illuminate\\Container\\{closure}()
#26 /home/soaonjvfyv03/public_html/prueba/preferencepassport/vendor/laravel/framework/src/Illuminate/Container/BoundMethod.php(81): Illuminate\\Container\\Util::unwrapIfClosure()
#27 /home/soaonjvfyv03/public_html/prueba/preferencepassport/vendor/laravel/framework/src/Illuminate/Container/BoundMethod.php(37): Illuminate\\Container\\BoundMethod::callBoundMethod()
#28 /home/soaonjvfyv03/public_html/prueba/preferencepassport/vendor/laravel/framework/src/Illuminate/Container/Container.php(653): Illuminate\\Container\\BoundMethod::call()
#29 /home/soaonjvfyv03/public_html/prueba/preferencepassport/vendor/laravel/framework/src/Illuminate/Foundation/Application.php(1158): Illuminate\\Container\\Container->call()
#30 /home/soaonjvfyv03/public_html/prueba/preferencepassport/vendor/laravel/framework/src/Illuminate/Foundation/Http/Kernel.php(182): Illuminate\\Foundation\\Application->terminate()
#31 /home/soaonjvfyv03/public_html/prueba/preferencepassport/index.php(55): Illuminate\\Foundation\\Http\\Kernel->terminate()
#32 {main}
"} 
[2023-07-13 12:17:50] local.INFO: {"nombre":"guillermo venancio tec ucann","edad":"30","estadocivil":"casado","telefono1":"12345678","telefono2":"12345678","correo":"memonuevecero@gmail.com","pais":"colombia","notal":"dd","user_id":"8","created_at2":"2023-07-13 12:15:38","statuses_id":"1","tarjeta":"Tarjeta Classic","updated_at":"2023-07-13T17:17:50.000000Z","created_at":"2023-07-13T17:17:50.000000Z","id":307}Lead Creado  por : Gina Cravioto  
[2023-07-13 12:17:51] local.ERROR: Connection could not be established with host marketing-xperience.com :stream_socket_client(): Unable to connect to ssl://marketing-xperience.com:465 (Connection refused) {"userId":8,"exception":"[object] (Swift_TransportException(code: 0): Connection could not be established with host marketing-xperience.com :stream_socket_client(): Unable to connect to ssl://marketing-xperience.com:465 (Connection refused) at /home/soaonjvfyv03/public_html/prueba/preferencepassport/vendor/swiftmailer/swiftmailer/lib/classes/Swift/Transport/StreamBuffer.php:261)
[stacktrace]
#0 [internal function]: Swift_Transport_StreamBuffer->{closure}()
#1 /home/soaonjvfyv03/public_html/prueba/preferencepassport/vendor/swiftmailer/swiftmailer/lib/classes/Swift/Transport/StreamBuffer.php(264): stream_socket_client()
#2 /home/soaonjvfyv03/public_html/prueba/preferencepassport/vendor/swiftmailer/swiftmailer/lib/classes/Swift/Transport/StreamBuffer.php(58): Swift_Transport_StreamBuffer->establishSocketConnection()
#3 /home/soaonjvfyv03/public_html/prueba/preferencepassport/vendor/swiftmailer/swiftmailer/lib/classes/Swift/Transport/AbstractSmtpTransport.php(143): Swift_Transport_StreamBuffer->initialize()
#4 /home/soaonjvfyv03/public_html/prueba/preferencepassport/vendor/swiftmailer/swiftmailer/lib/classes/Swift/Mailer.php(65): Swift_Transport_AbstractSmtpTransport->start()
#5 /home/soaonjvfyv03/public_html/prueba/preferencepassport/vendor/laravel/framework/src/Illuminate/Mail/Mailer.php(521): Swift_Mailer->send()
#6 /home/soaonjvfyv03/public_html/prueba/preferencepassport/vendor/laravel/framework/src/Illuminate/Mail/Mailer.php(288): Illuminate\\Mail\\Mailer->sendSwiftMessage()
#7 /home/soaonjvfyv03/public_html/prueba/preferencepassport/vendor/laravel/framework/src/Illuminate/Mail/Mailable.php(187): Illuminate\\Mail\\Mailer->send()
#8 /home/soaonjvfyv03/public_html/prueba/preferencepassport/vendor/laravel/framework/src/Illuminate/Support/Traits/Localizable.php(19): Illuminate\\Mail\\Mailable->Illuminate\\Mail\\{closure}()
#9 /home/soaonjvfyv03/public_html/prueba/preferencepassport/vendor/laravel/framework/src/Illuminate/Mail/Mailable.php(188): Illuminate\\Mail\\Mailable->withLocale()
#10 /home/soaonjvfyv03/public_html/prueba/preferencepassport/vendor/laravel/framework/src/Illuminate/Mail/Mailer.php(304): Illuminate\\Mail\\Mailable->send()
#11 /home/soaonjvfyv03/public_html/prueba/preferencepassport/vendor/laravel/framework/src/Illuminate/Mail/Mailer.php(258): Illuminate\\Mail\\Mailer->sendMailable()
#12 /home/soaonjvfyv03/public_html/prueba/preferencepassport/vendor/laravel/framework/src/Illuminate/Mail/PendingMail.php(124): Illuminate\\Mail\\Mailer->send()
#13 /home/soaonjvfyv03/public_html/prueba/preferencepassport/app/Jobs/ProcessLeads.php(60): Illuminate\\Mail\\PendingMail->send()
#14 /home/soaonjvfyv03/public_html/prueba/preferencepassport/vendor/laravel/framework/src/Illuminate/Container/BoundMethod.php(36): App\\Jobs\\ProcessLeads->handle()
#15 /home/soaonjvfyv03/public_html/prueba/preferencepassport/vendor/laravel/framework/src/Illuminate/Container/Util.php(40): Illuminate\\Container\\BoundMethod::Illuminate\\Container\\{closure}()
#16 /home/soaonjvfyv03/public_html/prueba/preferencepassport/vendor/laravel/framework/src/Illuminate/Container/BoundMethod.php(93): Illuminate\\Container\\Util::unwrapIfClosure()
#17 /home/soaonjvfyv03/public_html/prueba/preferencepassport/vendor/laravel/framework/src/Illuminate/Container/BoundMethod.php(37): Illuminate\\Container\\BoundMethod::callBoundMethod()
#18 /home/soaonjvfyv03/public_html/prueba/preferencepassport/vendor/laravel/framework/src/Illuminate/Container/Container.php(653): Illuminate\\Container\\BoundMethod::call()
#19 /home/soaonjvfyv03/public_html/prueba/preferencepassport/vendor/laravel/framework/src/Illuminate/Bus/Dispatcher.php(128): Illuminate\\Container\\Container->call()
#20 /home/soaonjvfyv03/public_html/prueba/preferencepassport/vendor/laravel/framework/src/Illuminate/Pipeline/Pipeline.php(128): Illuminate\\Bus\\Dispatcher->Illuminate\\Bus\\{closure}()
#21 /home/soaonjvfyv03/public_html/prueba/preferencepassport/vendor/laravel/framework/src/Illuminate/Pipeline/Pipeline.php(103): Illuminate\\Pipeline\\Pipeline->Illuminate\\Pipeline\\{closure}()
#22 /home/soaonjvfyv03/public_html/prueba/preferencepassport/vendor/laravel/framework/src/Illuminate/Bus/Dispatcher.php(132): Illuminate\\Pipeline\\Pipeline->then()
#23 /home/soaonjvfyv03/public_html/prueba/preferencepassport/vendor/laravel/framework/src/Illuminate/Bus/Dispatcher.php(266): Illuminate\\Bus\\Dispatcher->dispatchNow()
#24 /home/soaonjvfyv03/public_html/prueba/preferencepassport/vendor/laravel/framework/src/Illuminate/Container/BoundMethod.php(36): Illuminate\\Bus\\Dispatcher->Illuminate\\Bus\\{closure}()
#25 /home/soaonjvfyv03/public_html/prueba/preferencepassport/vendor/laravel/framework/src/Illuminate/Container/Util.php(40): Illuminate\\Container\\BoundMethod::Illuminate\\Container\\{closure}()
#26 /home/soaonjvfyv03/public_html/prueba/preferencepassport/vendor/laravel/framework/src/Illuminate/Container/BoundMethod.php(81): Illuminate\\Container\\Util::unwrapIfClosure()
#27 /home/soaonjvfyv03/public_html/prueba/preferencepassport/vendor/laravel/framework/src/Illuminate/Container/BoundMethod.php(37): Illuminate\\Container\\BoundMethod::callBoundMethod()
#28 /home/soaonjvfyv03/public_html/prueba/preferencepassport/vendor/laravel/framework/src/Illuminate/Container/Container.php(653): Illuminate\\Container\\BoundMethod::call()
#29 /home/soaonjvfyv03/public_html/prueba/preferencepassport/vendor/laravel/framework/src/Illuminate/Foundation/Application.php(1158): Illuminate\\Container\\Container->call()
#30 /home/soaonjvfyv03/public_html/prueba/preferencepassport/vendor/laravel/framework/src/Illuminate/Foundation/Http/Kernel.php(182): Illuminate\\Foundation\\Application->terminate()
#31 /home/soaonjvfyv03/public_html/prueba/preferencepassport/index.php(55): Illuminate\\Foundation\\Http\\Kernel->terminate()
#32 {main}
"} 
[2023-07-13 12:44:30] local.INFO: {"nombre":"guillermo venancio tec ucann","edad":"30","estadocivil":"casado","telefono1":"12345678","telefono2":"12345678","correo":"memonuevecero@gmail.com","pais":"colombia","notal":"ss","user_id":"8","created_at2":"2023-07-13 12:44:17","statuses_id":"1","tarjeta":"Tarjeta Platinum","updated_at":"2023-07-13T17:44:30.000000Z","created_at":"2023-07-13T17:44:30.000000Z","id":308}Lead Creado  por : Gina Cravioto  
[2023-07-13 12:48:54] local.INFO: {"nombre":"guillermo venancio tec ucann","edad":"30","estadocivil":"casado","telefono1":"12345678","telefono2":"12345678","correo":"memonuevecero@gmail.com","pais":"colombia","notal":"ss","user_id":"8","created_at2":"2023-07-13 12:44:17","statuses_id":"1","tarjeta":"Tarjeta Platinum","updated_at":"2023-07-13T17:48:54.000000Z","created_at":"2023-07-13T17:48:54.000000Z","id":309}Lead Creado  por : Gina Cravioto  
[2023-07-13 12:49:58] local.INFO: {"nombre":"guillermo venancio tec ucann","edad":"30","estadocivil":"casado","telefono1":"12345678","telefono2":"12345678","correo":"memonuevecero@gmail.com","pais":"colombia","notal":"123","user_id":"8","created_at2":"2023-07-13 12:49:48","statuses_id":"1","tarjeta":"Tarjeta Classic","updated_at":"2023-07-13T17:49:58.000000Z","created_at":"2023-07-13T17:49:58.000000Z","id":310}Lead Creado  por : Gina Cravioto  
[2023-07-13 13:13:58] local.INFO: {"nombre":"jose perez leonn","edad":"30","estadocivil":"casado","telefono1":"12345678","telefono2":"12345678","correo":"g.tec@marketing-xperience.com","pais":"colombia","notal":"s","user_id":"8","created_at2":"2023-07-13 13:13:46","statuses_id":"1","tarjeta":"Tarjeta Classic","updated_at":"2023-07-13T18:13:58.000000Z","created_at":"2023-07-13T18:13:58.000000Z","id":311}Lead Creado  por : Gina Cravioto  
[2023-07-13 13:14:26] local.INFO: {"nombre":"guillermo venancio tec ucann","edad":"30","estadocivil":"casado","telefono1":"12345678","telefono2":"12345678","correo":"memonuevecero@gmail.com","pais":"colombia","notal":"sss","user_id":"8","created_at2":"2023-07-13 13:14:14","statuses_id":"1","tarjeta":"Tarjeta Classic","updated_at":"2023-07-13T18:14:26.000000Z","created_at":"2023-07-13T18:14:26.000000Z","id":312}Lead Creado  por : Gina Cravioto  
[2023-07-13 13:22:50] local.INFO: {"nombre":"guillermo venancio tec ucann","edad":"30","estadocivil":"casado","telefono1":"12345678","telefono2":"12345678","correo":"memonuevecero@gmail.com","pais":"colombia","notal":"dd","user_id":"8","created_at2":"2023-07-13 13:22:36","statuses_id":"1","tarjeta":"Tarjeta Classic","updated_at":"2023-07-13T18:22:50.000000Z","created_at":"2023-07-13T18:22:50.000000Z","id":313}Lead Creado  por : Gina Cravioto  
[2023-07-13 13:23:51] local.INFO: {"nombre":"guillermo venancio tec ucann","edad":"30","estadocivil":"casado","telefono1":"12345678","telefono2":"12345678","correo":"memonuevecero@gmail.com","pais":"colombia","notal":"123","user_id":"8","created_at2":"2023-07-13 13:23:41","statuses_id":"1","tarjeta":"Tarjeta Classic","updated_at":"2023-07-13T18:23:51.000000Z","created_at":"2023-07-13T18:23:51.000000Z","id":314}Lead Creado  por : Gina Cravioto  
[2023-07-13 13:44:02] local.INFO: {"nombre":"administrador","edad":"29","estadocivil":"casado","telefono1":"1234567890","telefono2":"1234567890","correo":"guillermo.v.tec.ucan@gmail.com","pais":"mexico","notal":"notal","user_id":"8","created_at2":"2023-07-13 13:43:44","statuses_id":"1","tarjeta":"Tarjeta Classic","updated_at":"2023-07-13T18:44:02.000000Z","created_at":"2023-07-13T18:44:02.000000Z","id":315}Lead Creado  por : Gina Cravioto  
[2023-07-13 15:20:10] local.INFO: {"nombre":"guillermo venancio tec ucann","edad":"30","estadocivil":"casado","telefono1":"12345678","telefono2":"12345678","correo":"g.tec@marketing-xperience.com","pais":"mexico","notal":"s","user_id":"8","created_at2":"2023-07-13 15:19:57","statuses_id":"1","tarjeta":"Tarjeta Classic","updated_at":"2023-07-13T20:20:10.000000Z","created_at":"2023-07-13T20:20:10.000000Z","id":316}Lead Creado  por : Gina Cravioto  
[2023-07-13 15:25:22] local.INFO: {"nombre":"guillermo venancio tec ucann","edad":"30","estadocivil":"casado","telefono1":"12345678","telefono2":"12345678","correo":"g.tec@marketing-xperience.com","pais":"colombia","notal":"sss","user_id":"8","created_at2":"2023-07-13 15:25:08","statuses_id":"1","tarjeta":"Tarjeta Classic","updated_at":"2023-07-13T20:25:22.000000Z","created_at":"2023-07-13T20:25:22.000000Z","id":317}Lead Creado  por : Gina Cravioto  
