[2023-07-20 17:45:11] local.INFO: {"nombre":"guillermo venancio tec ucan","edad":"30","estadocivil":"casado","telefono1":"99999999999","telefono2":"99999999999","correo":"memonuevecero@gmail.com","pais":"mexico","notal":"cancun","password":"qmrlodFZ76","user_id":"8","created_at2":"2023-07-20 17:40:22","statuses_id":"1","tarjeta":"Tarjeta Classic","updated_at":"2023-07-20T22:45:11.000000Z","created_at":"2023-07-20T22:45:11.000000Z","id":357}Lead Creado  por : Gina Cravioto  
[2023-07-20 17:45:12] local.ERROR: Undefined variable $mailData {"userId":8,"exception":"[object] (ErrorException(code: 0): Undefined variable $mailData at C:\\xampp\\htdocs\\preferencepassport\\app\\Mail\\correo.php:35)
[stacktrace]
#0 C:\\xampp\\htdocs\\preferencepassport\\app\\Mail\\correo.php(35): Illuminate\\Foundation\\Bootstrap\\HandleExceptions->handleError(2, 'Undefined varia...', 'C:\\\\xampp\\\\htdocs...', 35)
#1 C:\\xampp\\htdocs\\preferencepassport\\vendor\\laravel\\framework\\src\\Illuminate\\Container\\BoundMethod.php(36): App\\Mail\\correo->build()
#2 C:\\xampp\\htdocs\\preferencepassport\\vendor\\laravel\\framework\\src\\Illuminate\\Container\\Util.php(40): Illuminate\\Container\\BoundMethod::Illuminate\\Container\\{closure}()
#3 C:\\xampp\\htdocs\\preferencepassport\\vendor\\laravel\\framework\\src\\Illuminate\\Container\\BoundMethod.php(93): Illuminate\\Container\\Util::unwrapIfClosure(Object(Closure))
#4 C:\\xampp\\htdocs\\preferencepassport\\vendor\\laravel\\framework\\src\\Illuminate\\Container\\BoundMethod.php(37): Illuminate\\Container\\BoundMethod::callBoundMethod(Object(Illuminate\\Foundation\\Application), Array, Object(Closure))
#5 C:\\xampp\\htdocs\\preferencepassport\\vendor\\laravel\\framework\\src\\Illuminate\\Container\\Container.php(653): Illuminate\\Container\\BoundMethod::call(Object(Illuminate\\Foundation\\Application), Array, Array, NULL)
#6 C:\\xampp\\htdocs\\preferencepassport\\vendor\\laravel\\framework\\src\\Illuminate\\Mail\\Mailable.php(175): Illuminate\\Container\\Container->call(Array)
#7 C:\\xampp\\htdocs\\preferencepassport\\vendor\\laravel\\framework\\src\\Illuminate\\Support\\Traits\\Localizable.php(19): Illuminate\\Mail\\Mailable->Illuminate\\Mail\\{closure}()
#8 C:\\xampp\\htdocs\\preferencepassport\\vendor\\laravel\\framework\\src\\Illuminate\\Mail\\Mailable.php(188): Illuminate\\Mail\\Mailable->withLocale(NULL, Object(Closure))
#9 C:\\xampp\\htdocs\\preferencepassport\\vendor\\laravel\\framework\\src\\Illuminate\\Mail\\Mailer.php(304): Illuminate\\Mail\\Mailable->send(Object(Illuminate\\Mail\\Mailer))
#10 C:\\xampp\\htdocs\\preferencepassport\\vendor\\laravel\\framework\\src\\Illuminate\\Mail\\Mailer.php(258): Illuminate\\Mail\\Mailer->sendMailable(Object(App\\Mail\\correo))
#11 C:\\xampp\\htdocs\\preferencepassport\\vendor\\laravel\\framework\\src\\Illuminate\\Mail\\PendingMail.php(124): Illuminate\\Mail\\Mailer->send(Object(App\\Mail\\correo))
#12 C:\\xampp\\htdocs\\preferencepassport\\app\\Jobs\\ProcessLeads.php(67): Illuminate\\Mail\\PendingMail->send(Object(App\\Mail\\correo))
#13 C:\\xampp\\htdocs\\preferencepassport\\vendor\\laravel\\framework\\src\\Illuminate\\Container\\BoundMethod.php(36): App\\Jobs\\ProcessLeads->handle()
#14 C:\\xampp\\htdocs\\preferencepassport\\vendor\\laravel\\framework\\src\\Illuminate\\Container\\Util.php(40): Illuminate\\Container\\BoundMethod::Illuminate\\Container\\{closure}()
#15 C:\\xampp\\htdocs\\preferencepassport\\vendor\\laravel\\framework\\src\\Illuminate\\Container\\BoundMethod.php(93): Illuminate\\Container\\Util::unwrapIfClosure(Object(Closure))
#16 C:\\xampp\\htdocs\\preferencepassport\\vendor\\laravel\\framework\\src\\Illuminate\\Container\\BoundMethod.php(37): Illuminate\\Container\\BoundMethod::callBoundMethod(Object(Illuminate\\Foundation\\Application), Array, Object(Closure))
#17 C:\\xampp\\htdocs\\preferencepassport\\vendor\\laravel\\framework\\src\\Illuminate\\Container\\Container.php(653): Illuminate\\Container\\BoundMethod::call(Object(Illuminate\\Foundation\\Application), Array, Array, NULL)
#18 C:\\xampp\\htdocs\\preferencepassport\\vendor\\laravel\\framework\\src\\Illuminate\\Bus\\Dispatcher.php(128): Illuminate\\Container\\Container->call(Array)
#19 C:\\xampp\\htdocs\\preferencepassport\\vendor\\laravel\\framework\\src\\Illuminate\\Pipeline\\Pipeline.php(128): Illuminate\\Bus\\Dispatcher->Illuminate\\Bus\\{closure}(Object(App\\Jobs\\ProcessLeads))
#20 C:\\xampp\\htdocs\\preferencepassport\\vendor\\laravel\\framework\\src\\Illuminate\\Pipeline\\Pipeline.php(103): Illuminate\\Pipeline\\Pipeline->Illuminate\\Pipeline\\{closure}(Object(App\\Jobs\\ProcessLeads))
#21 C:\\xampp\\htdocs\\preferencepassport\\vendor\\laravel\\framework\\src\\Illuminate\\Bus\\Dispatcher.php(132): Illuminate\\Pipeline\\Pipeline->then(Object(Closure))
#22 C:\\xampp\\htdocs\\preferencepassport\\vendor\\laravel\\framework\\src\\Illuminate\\Bus\\Dispatcher.php(266): Illuminate\\Bus\\Dispatcher->dispatchNow(Object(App\\Jobs\\ProcessLeads), false)
#23 C:\\xampp\\htdocs\\preferencepassport\\vendor\\laravel\\framework\\src\\Illuminate\\Container\\BoundMethod.php(36): Illuminate\\Bus\\Dispatcher->Illuminate\\Bus\\{closure}()
#24 C:\\xampp\\htdocs\\preferencepassport\\vendor\\laravel\\framework\\src\\Illuminate\\Container\\Util.php(40): Illuminate\\Container\\BoundMethod::Illuminate\\Container\\{closure}()
#25 C:\\xampp\\htdocs\\preferencepassport\\vendor\\laravel\\framework\\src\\Illuminate\\Container\\BoundMethod.php(81): Illuminate\\Container\\Util::unwrapIfClosure(Object(Closure))
#26 C:\\xampp\\htdocs\\preferencepassport\\vendor\\laravel\\framework\\src\\Illuminate\\Container\\BoundMethod.php(37): Illuminate\\Container\\BoundMethod::callBoundMethod(Object(Illuminate\\Foundation\\Application), Object(Closure), Object(Closure))
#27 C:\\xampp\\htdocs\\preferencepassport\\vendor\\laravel\\framework\\src\\Illuminate\\Container\\Container.php(653): Illuminate\\Container\\BoundMethod::call(Object(Illuminate\\Foundation\\Application), Object(Closure), Array, NULL)
#28 C:\\xampp\\htdocs\\preferencepassport\\vendor\\laravel\\framework\\src\\Illuminate\\Foundation\\Application.php(1158): Illuminate\\Container\\Container->call(Object(Closure))
#29 C:\\xampp\\htdocs\\preferencepassport\\vendor\\laravel\\framework\\src\\Illuminate\\Foundation\\Http\\Kernel.php(182): Illuminate\\Foundation\\Application->terminate()
#30 C:\\xampp\\htdocs\\preferencepassport\\index.php(55): Illuminate\\Foundation\\Http\\Kernel->terminate(Object(Illuminate\\Http\\Request), Object(Illuminate\\Http\\RedirectResponse))
#31 {main}
"} 
