[2023-07-15 11:26:18] local.INFO: {"nombre":"guillermo venancio tec ucann","edad":"30","estadocivil":"casado","telefono1":"12345678","telefono2":"12345678","correo":"memonuevecero@gmail.com","pais":"colombia","notal":"ss","password":"PZmygGHpKO","user_id":"8","created_at2":"2023-07-15 11:26:08","statuses_id":"1","tarjeta":"Tarjeta Classic","updated_at":"2023-07-15T16:26:18.000000Z","created_at":"2023-07-15T16:26:18.000000Z","id":344}Lead Creado  por : Gina Cravioto  
[2023-07-15 11:26:28] local.INFO: {"id":344,"nombre":"guillermo venancio tec ucann","edad":"30","estadocivil":"casado","telefono1":"12345678","telefono2":"12345678","correo":"memonuevecero@gmail.com","pais":"colombia","notal":"ss","created_at":"2023-07-15T16:26:18.000000Z","updated_at":"2023-07-15T16:26:18.000000Z","created_at2":"2023-07-15","user_id":"8","statuses_id":"1","cerrador_id":null,"id_vendedor":null,"tarjeta":"Tarjeta Classic","password":"PZmygGHpKO"}Lead Elimidado  por : Gina Cravioto  
[2023-07-15 11:32:29] local.INFO: {"nombre":"guillermo venancio tec ucann","edad":"30","estadocivil":"casado","telefono1":"12345678","telefono2":"12345678","correo":"memonuevecero@gmail.com","pais":"colombia","notal":"123","password":"crvNufpcqR","user_id":"8","created_at2":"2023-07-15 11:32:19","statuses_id":"1","tarjeta":"Tarjeta Classic","updated_at":"2023-07-15T16:32:29.000000Z","created_at":"2023-07-15T16:32:29.000000Z","id":345}Lead Creado  por : Gina Cravioto  
[2023-07-15 11:32:29] local.ERROR: Undefined variable $mailData {"userId":8,"exception":"[object] (ErrorException(code: 0): Undefined variable $mailData at /home/soaonjvfyv03/public_html/prueba/preferencepassport/app/Mail/correo.php:34)
[stacktrace]
#0 /home/soaonjvfyv03/public_html/prueba/preferencepassport/app/Mail/correo.php(34): Illuminate\\Foundation\\Bootstrap\\HandleExceptions->handleError()
#1 /home/soaonjvfyv03/public_html/prueba/preferencepassport/vendor/laravel/framework/src/Illuminate/Container/BoundMethod.php(36): App\\Mail\\correo->build()
#2 /home/soaonjvfyv03/public_html/prueba/preferencepassport/vendor/laravel/framework/src/Illuminate/Container/Util.php(40): Illuminate\\Container\\BoundMethod::Illuminate\\Container\\{closure}()
#3 /home/soaonjvfyv03/public_html/prueba/preferencepassport/vendor/laravel/framework/src/Illuminate/Container/BoundMethod.php(93): Illuminate\\Container\\Util::unwrapIfClosure()
#4 /home/soaonjvfyv03/public_html/prueba/preferencepassport/vendor/laravel/framework/src/Illuminate/Container/BoundMethod.php(37): Illuminate\\Container\\BoundMethod::callBoundMethod()
#5 /home/soaonjvfyv03/public_html/prueba/preferencepassport/vendor/laravel/framework/src/Illuminate/Container/Container.php(653): Illuminate\\Container\\BoundMethod::call()
#6 /home/soaonjvfyv03/public_html/prueba/preferencepassport/vendor/laravel/framework/src/Illuminate/Mail/Mailable.php(175): Illuminate\\Container\\Container->call()
#7 /home/soaonjvfyv03/public_html/prueba/preferencepassport/vendor/laravel/framework/src/Illuminate/Support/Traits/Localizable.php(19): Illuminate\\Mail\\Mailable->Illuminate\\Mail\\{closure}()
#8 /home/soaonjvfyv03/public_html/prueba/preferencepassport/vendor/laravel/framework/src/Illuminate/Mail/Mailable.php(188): Illuminate\\Mail\\Mailable->withLocale()
#9 /home/soaonjvfyv03/public_html/prueba/preferencepassport/vendor/laravel/framework/src/Illuminate/Mail/Mailer.php(304): Illuminate\\Mail\\Mailable->send()
#10 /home/soaonjvfyv03/public_html/prueba/preferencepassport/vendor/laravel/framework/src/Illuminate/Mail/Mailer.php(258): Illuminate\\Mail\\Mailer->sendMailable()
#11 /home/soaonjvfyv03/public_html/prueba/preferencepassport/vendor/laravel/framework/src/Illuminate/Mail/PendingMail.php(124): Illuminate\\Mail\\Mailer->send()
#12 /home/soaonjvfyv03/public_html/prueba/preferencepassport/app/Jobs/ProcessLeads.php(65): Illuminate\\Mail\\PendingMail->send()
#13 /home/soaonjvfyv03/public_html/prueba/preferencepassport/vendor/laravel/framework/src/Illuminate/Container/BoundMethod.php(36): App\\Jobs\\ProcessLeads->handle()
#14 /home/soaonjvfyv03/public_html/prueba/preferencepassport/vendor/laravel/framework/src/Illuminate/Container/Util.php(40): Illuminate\\Container\\BoundMethod::Illuminate\\Container\\{closure}()
#15 /home/soaonjvfyv03/public_html/prueba/preferencepassport/vendor/laravel/framework/src/Illuminate/Container/BoundMethod.php(93): Illuminate\\Container\\Util::unwrapIfClosure()
#16 /home/soaonjvfyv03/public_html/prueba/preferencepassport/vendor/laravel/framework/src/Illuminate/Container/BoundMethod.php(37): Illuminate\\Container\\BoundMethod::callBoundMethod()
#17 /home/soaonjvfyv03/public_html/prueba/preferencepassport/vendor/laravel/framework/src/Illuminate/Container/Container.php(653): Illuminate\\Container\\BoundMethod::call()
#18 /home/soaonjvfyv03/public_html/prueba/preferencepassport/vendor/laravel/framework/src/Illuminate/Bus/Dispatcher.php(128): Illuminate\\Container\\Container->call()
#19 /home/soaonjvfyv03/public_html/prueba/preferencepassport/vendor/laravel/framework/src/Illuminate/Pipeline/Pipeline.php(128): Illuminate\\Bus\\Dispatcher->Illuminate\\Bus\\{closure}()
#20 /home/soaonjvfyv03/public_html/prueba/preferencepassport/vendor/laravel/framework/src/Illuminate/Pipeline/Pipeline.php(103): Illuminate\\Pipeline\\Pipeline->Illuminate\\Pipeline\\{closure}()
#21 /home/soaonjvfyv03/public_html/prueba/preferencepassport/vendor/laravel/framework/src/Illuminate/Bus/Dispatcher.php(132): Illuminate\\Pipeline\\Pipeline->then()
#22 /home/soaonjvfyv03/public_html/prueba/preferencepassport/vendor/laravel/framework/src/Illuminate/Bus/Dispatcher.php(266): Illuminate\\Bus\\Dispatcher->dispatchNow()
#23 /home/soaonjvfyv03/public_html/prueba/preferencepassport/vendor/laravel/framework/src/Illuminate/Container/BoundMethod.php(36): Illuminate\\Bus\\Dispatcher->Illuminate\\Bus\\{closure}()
#24 /home/soaonjvfyv03/public_html/prueba/preferencepassport/vendor/laravel/framework/src/Illuminate/Container/Util.php(40): Illuminate\\Container\\BoundMethod::Illuminate\\Container\\{closure}()
#25 /home/soaonjvfyv03/public_html/prueba/preferencepassport/vendor/laravel/framework/src/Illuminate/Container/BoundMethod.php(81): Illuminate\\Container\\Util::unwrapIfClosure()
#26 /home/soaonjvfyv03/public_html/prueba/preferencepassport/vendor/laravel/framework/src/Illuminate/Container/BoundMethod.php(37): Illuminate\\Container\\BoundMethod::callBoundMethod()
#27 /home/soaonjvfyv03/public_html/prueba/preferencepassport/vendor/laravel/framework/src/Illuminate/Container/Container.php(653): Illuminate\\Container\\BoundMethod::call()
#28 /home/soaonjvfyv03/public_html/prueba/preferencepassport/vendor/laravel/framework/src/Illuminate/Foundation/Application.php(1158): Illuminate\\Container\\Container->call()
#29 /home/soaonjvfyv03/public_html/prueba/preferencepassport/vendor/laravel/framework/src/Illuminate/Foundation/Http/Kernel.php(182): Illuminate\\Foundation\\Application->terminate()
#30 /home/soaonjvfyv03/public_html/prueba/preferencepassport/index.php(55): Illuminate\\Foundation\\Http\\Kernel->terminate()
#31 {main}
"} 
[2023-07-15 11:35:26] local.INFO: {"id":345,"nombre":"guillermo venancio tec ucann","edad":"30","estadocivil":"casado","telefono1":"12345678","telefono2":"12345678","correo":"memonuevecero@gmail.com","pais":"colombia","notal":"123","created_at":"2023-07-15T16:32:29.000000Z","updated_at":"2023-07-15T16:32:29.000000Z","created_at2":"2023-07-15","user_id":"8","statuses_id":"1","cerrador_id":null,"id_vendedor":null,"tarjeta":"Tarjeta Classic","password":"crvNufpcqR"}Lead Elimidado  por : Gina Cravioto  
[2023-07-15 11:35:55] local.INFO: {"nombre":"jose perez leonn","edad":"30","estadocivil":"casado","telefono1":"12345678","telefono2":"12345678","correo":"memonuevecero@gmail.com","pais":"mexico","notal":"sss","password":"2R9LdY6eiY","user_id":"8","created_at2":"2023-07-15 11:35:37","statuses_id":"1","tarjeta":"Tarjeta Classic","updated_at":"2023-07-15T16:35:55.000000Z","created_at":"2023-07-15T16:35:55.000000Z","id":346}Lead Creado  por : Gina Cravioto  
[2023-07-15 11:35:55] local.ERROR: Undefined variable $mailData {"userId":8,"exception":"[object] (ErrorException(code: 0): Undefined variable $mailData at /home/soaonjvfyv03/public_html/prueba/preferencepassport/app/Mail/correo.php:34)
[stacktrace]
#0 /home/soaonjvfyv03/public_html/prueba/preferencepassport/app/Mail/correo.php(34): Illuminate\\Foundation\\Bootstrap\\HandleExceptions->handleError()
#1 /home/soaonjvfyv03/public_html/prueba/preferencepassport/vendor/laravel/framework/src/Illuminate/Container/BoundMethod.php(36): App\\Mail\\correo->build()
#2 /home/soaonjvfyv03/public_html/prueba/preferencepassport/vendor/laravel/framework/src/Illuminate/Container/Util.php(40): Illuminate\\Container\\BoundMethod::Illuminate\\Container\\{closure}()
#3 /home/soaonjvfyv03/public_html/prueba/preferencepassport/vendor/laravel/framework/src/Illuminate/Container/BoundMethod.php(93): Illuminate\\Container\\Util::unwrapIfClosure()
#4 /home/soaonjvfyv03/public_html/prueba/preferencepassport/vendor/laravel/framework/src/Illuminate/Container/BoundMethod.php(37): Illuminate\\Container\\BoundMethod::callBoundMethod()
#5 /home/soaonjvfyv03/public_html/prueba/preferencepassport/vendor/laravel/framework/src/Illuminate/Container/Container.php(653): Illuminate\\Container\\BoundMethod::call()
#6 /home/soaonjvfyv03/public_html/prueba/preferencepassport/vendor/laravel/framework/src/Illuminate/Mail/Mailable.php(175): Illuminate\\Container\\Container->call()
#7 /home/soaonjvfyv03/public_html/prueba/preferencepassport/vendor/laravel/framework/src/Illuminate/Support/Traits/Localizable.php(19): Illuminate\\Mail\\Mailable->Illuminate\\Mail\\{closure}()
#8 /home/soaonjvfyv03/public_html/prueba/preferencepassport/vendor/laravel/framework/src/Illuminate/Mail/Mailable.php(188): Illuminate\\Mail\\Mailable->withLocale()
#9 /home/soaonjvfyv03/public_html/prueba/preferencepassport/vendor/laravel/framework/src/Illuminate/Mail/Mailer.php(304): Illuminate\\Mail\\Mailable->send()
#10 /home/soaonjvfyv03/public_html/prueba/preferencepassport/vendor/laravel/framework/src/Illuminate/Mail/Mailer.php(258): Illuminate\\Mail\\Mailer->sendMailable()
#11 /home/soaonjvfyv03/public_html/prueba/preferencepassport/vendor/laravel/framework/src/Illuminate/Mail/PendingMail.php(124): Illuminate\\Mail\\Mailer->send()
#12 /home/soaonjvfyv03/public_html/prueba/preferencepassport/app/Jobs/ProcessLeads.php(65): Illuminate\\Mail\\PendingMail->send()
#13 /home/soaonjvfyv03/public_html/prueba/preferencepassport/vendor/laravel/framework/src/Illuminate/Container/BoundMethod.php(36): App\\Jobs\\ProcessLeads->handle()
#14 /home/soaonjvfyv03/public_html/prueba/preferencepassport/vendor/laravel/framework/src/Illuminate/Container/Util.php(40): Illuminate\\Container\\BoundMethod::Illuminate\\Container\\{closure}()
#15 /home/soaonjvfyv03/public_html/prueba/preferencepassport/vendor/laravel/framework/src/Illuminate/Container/BoundMethod.php(93): Illuminate\\Container\\Util::unwrapIfClosure()
#16 /home/soaonjvfyv03/public_html/prueba/preferencepassport/vendor/laravel/framework/src/Illuminate/Container/BoundMethod.php(37): Illuminate\\Container\\BoundMethod::callBoundMethod()
#17 /home/soaonjvfyv03/public_html/prueba/preferencepassport/vendor/laravel/framework/src/Illuminate/Container/Container.php(653): Illuminate\\Container\\BoundMethod::call()
#18 /home/soaonjvfyv03/public_html/prueba/preferencepassport/vendor/laravel/framework/src/Illuminate/Bus/Dispatcher.php(128): Illuminate\\Container\\Container->call()
#19 /home/soaonjvfyv03/public_html/prueba/preferencepassport/vendor/laravel/framework/src/Illuminate/Pipeline/Pipeline.php(128): Illuminate\\Bus\\Dispatcher->Illuminate\\Bus\\{closure}()
#20 /home/soaonjvfyv03/public_html/prueba/preferencepassport/vendor/laravel/framework/src/Illuminate/Pipeline/Pipeline.php(103): Illuminate\\Pipeline\\Pipeline->Illuminate\\Pipeline\\{closure}()
#21 /home/soaonjvfyv03/public_html/prueba/preferencepassport/vendor/laravel/framework/src/Illuminate/Bus/Dispatcher.php(132): Illuminate\\Pipeline\\Pipeline->then()
#22 /home/soaonjvfyv03/public_html/prueba/preferencepassport/vendor/laravel/framework/src/Illuminate/Bus/Dispatcher.php(266): Illuminate\\Bus\\Dispatcher->dispatchNow()
#23 /home/soaonjvfyv03/public_html/prueba/preferencepassport/vendor/laravel/framework/src/Illuminate/Container/BoundMethod.php(36): Illuminate\\Bus\\Dispatcher->Illuminate\\Bus\\{closure}()
#24 /home/soaonjvfyv03/public_html/prueba/preferencepassport/vendor/laravel/framework/src/Illuminate/Container/Util.php(40): Illuminate\\Container\\BoundMethod::Illuminate\\Container\\{closure}()
#25 /home/soaonjvfyv03/public_html/prueba/preferencepassport/vendor/laravel/framework/src/Illuminate/Container/BoundMethod.php(81): Illuminate\\Container\\Util::unwrapIfClosure()
#26 /home/soaonjvfyv03/public_html/prueba/preferencepassport/vendor/laravel/framework/src/Illuminate/Container/BoundMethod.php(37): Illuminate\\Container\\BoundMethod::callBoundMethod()
#27 /home/soaonjvfyv03/public_html/prueba/preferencepassport/vendor/laravel/framework/src/Illuminate/Container/Container.php(653): Illuminate\\Container\\BoundMethod::call()
#28 /home/soaonjvfyv03/public_html/prueba/preferencepassport/vendor/laravel/framework/src/Illuminate/Foundation/Application.php(1158): Illuminate\\Container\\Container->call()
#29 /home/soaonjvfyv03/public_html/prueba/preferencepassport/vendor/laravel/framework/src/Illuminate/Foundation/Http/Kernel.php(182): Illuminate\\Foundation\\Application->terminate()
#30 /home/soaonjvfyv03/public_html/prueba/preferencepassport/index.php(55): Illuminate\\Foundation\\Http\\Kernel->terminate()
#31 {main}
"} 
[2023-07-15 11:36:46] local.INFO: {"id":346,"nombre":"jose perez leonn","edad":"30","estadocivil":"casado","telefono1":"12345678","telefono2":"12345678","correo":"memonuevecero@gmail.com","pais":"mexico","notal":"sss","created_at":"2023-07-15T16:35:55.000000Z","updated_at":"2023-07-15T16:35:55.000000Z","created_at2":"2023-07-15","user_id":"8","statuses_id":"1","cerrador_id":null,"id_vendedor":null,"tarjeta":"Tarjeta Classic","password":"2R9LdY6eiY"}Lead Elimidado  por : Gina Cravioto  
[2023-07-15 11:37:02] local.INFO: {"nombre":"jose perez leonn","edad":"30","estadocivil":"casado","telefono1":"12345678","telefono2":"12345678","correo":"memonuevecero@gmail.com","pais":"colombia","notal":"dd","password":"KwH6eXMS2R","user_id":"8","created_at2":"2023-07-15 11:36:51","statuses_id":"1","tarjeta":"Tarjeta Classic","updated_at":"2023-07-15T16:37:02.000000Z","created_at":"2023-07-15T16:37:02.000000Z","id":347}Lead Creado  por : Gina Cravioto  
[2023-07-15 11:37:02] local.ERROR: Undefined variable $mailData {"userId":8,"exception":"[object] (ErrorException(code: 0): Undefined variable $mailData at /home/soaonjvfyv03/public_html/prueba/preferencepassport/app/Mail/correo.php:34)
[stacktrace]
#0 /home/soaonjvfyv03/public_html/prueba/preferencepassport/app/Mail/correo.php(34): Illuminate\\Foundation\\Bootstrap\\HandleExceptions->handleError()
#1 /home/soaonjvfyv03/public_html/prueba/preferencepassport/vendor/laravel/framework/src/Illuminate/Container/BoundMethod.php(36): App\\Mail\\correo->build()
#2 /home/soaonjvfyv03/public_html/prueba/preferencepassport/vendor/laravel/framework/src/Illuminate/Container/Util.php(40): Illuminate\\Container\\BoundMethod::Illuminate\\Container\\{closure}()
#3 /home/soaonjvfyv03/public_html/prueba/preferencepassport/vendor/laravel/framework/src/Illuminate/Container/BoundMethod.php(93): Illuminate\\Container\\Util::unwrapIfClosure()
#4 /home/soaonjvfyv03/public_html/prueba/preferencepassport/vendor/laravel/framework/src/Illuminate/Container/BoundMethod.php(37): Illuminate\\Container\\BoundMethod::callBoundMethod()
#5 /home/soaonjvfyv03/public_html/prueba/preferencepassport/vendor/laravel/framework/src/Illuminate/Container/Container.php(653): Illuminate\\Container\\BoundMethod::call()
#6 /home/soaonjvfyv03/public_html/prueba/preferencepassport/vendor/laravel/framework/src/Illuminate/Mail/Mailable.php(175): Illuminate\\Container\\Container->call()
#7 /home/soaonjvfyv03/public_html/prueba/preferencepassport/vendor/laravel/framework/src/Illuminate/Support/Traits/Localizable.php(19): Illuminate\\Mail\\Mailable->Illuminate\\Mail\\{closure}()
#8 /home/soaonjvfyv03/public_html/prueba/preferencepassport/vendor/laravel/framework/src/Illuminate/Mail/Mailable.php(188): Illuminate\\Mail\\Mailable->withLocale()
#9 /home/soaonjvfyv03/public_html/prueba/preferencepassport/vendor/laravel/framework/src/Illuminate/Mail/Mailer.php(304): Illuminate\\Mail\\Mailable->send()
#10 /home/soaonjvfyv03/public_html/prueba/preferencepassport/vendor/laravel/framework/src/Illuminate/Mail/Mailer.php(258): Illuminate\\Mail\\Mailer->sendMailable()
#11 /home/soaonjvfyv03/public_html/prueba/preferencepassport/vendor/laravel/framework/src/Illuminate/Mail/PendingMail.php(124): Illuminate\\Mail\\Mailer->send()
#12 /home/soaonjvfyv03/public_html/prueba/preferencepassport/app/Jobs/ProcessLeads.php(65): Illuminate\\Mail\\PendingMail->send()
#13 /home/soaonjvfyv03/public_html/prueba/preferencepassport/vendor/laravel/framework/src/Illuminate/Container/BoundMethod.php(36): App\\Jobs\\ProcessLeads->handle()
#14 /home/soaonjvfyv03/public_html/prueba/preferencepassport/vendor/laravel/framework/src/Illuminate/Container/Util.php(40): Illuminate\\Container\\BoundMethod::Illuminate\\Container\\{closure}()
#15 /home/soaonjvfyv03/public_html/prueba/preferencepassport/vendor/laravel/framework/src/Illuminate/Container/BoundMethod.php(93): Illuminate\\Container\\Util::unwrapIfClosure()
#16 /home/soaonjvfyv03/public_html/prueba/preferencepassport/vendor/laravel/framework/src/Illuminate/Container/BoundMethod.php(37): Illuminate\\Container\\BoundMethod::callBoundMethod()
#17 /home/soaonjvfyv03/public_html/prueba/preferencepassport/vendor/laravel/framework/src/Illuminate/Container/Container.php(653): Illuminate\\Container\\BoundMethod::call()
#18 /home/soaonjvfyv03/public_html/prueba/preferencepassport/vendor/laravel/framework/src/Illuminate/Bus/Dispatcher.php(128): Illuminate\\Container\\Container->call()
#19 /home/soaonjvfyv03/public_html/prueba/preferencepassport/vendor/laravel/framework/src/Illuminate/Pipeline/Pipeline.php(128): Illuminate\\Bus\\Dispatcher->Illuminate\\Bus\\{closure}()
#20 /home/soaonjvfyv03/public_html/prueba/preferencepassport/vendor/laravel/framework/src/Illuminate/Pipeline/Pipeline.php(103): Illuminate\\Pipeline\\Pipeline->Illuminate\\Pipeline\\{closure}()
#21 /home/soaonjvfyv03/public_html/prueba/preferencepassport/vendor/laravel/framework/src/Illuminate/Bus/Dispatcher.php(132): Illuminate\\Pipeline\\Pipeline->then()
#22 /home/soaonjvfyv03/public_html/prueba/preferencepassport/vendor/laravel/framework/src/Illuminate/Bus/Dispatcher.php(266): Illuminate\\Bus\\Dispatcher->dispatchNow()
#23 /home/soaonjvfyv03/public_html/prueba/preferencepassport/vendor/laravel/framework/src/Illuminate/Container/BoundMethod.php(36): Illuminate\\Bus\\Dispatcher->Illuminate\\Bus\\{closure}()
#24 /home/soaonjvfyv03/public_html/prueba/preferencepassport/vendor/laravel/framework/src/Illuminate/Container/Util.php(40): Illuminate\\Container\\BoundMethod::Illuminate\\Container\\{closure}()
#25 /home/soaonjvfyv03/public_html/prueba/preferencepassport/vendor/laravel/framework/src/Illuminate/Container/BoundMethod.php(81): Illuminate\\Container\\Util::unwrapIfClosure()
#26 /home/soaonjvfyv03/public_html/prueba/preferencepassport/vendor/laravel/framework/src/Illuminate/Container/BoundMethod.php(37): Illuminate\\Container\\BoundMethod::callBoundMethod()
#27 /home/soaonjvfyv03/public_html/prueba/preferencepassport/vendor/laravel/framework/src/Illuminate/Container/Container.php(653): Illuminate\\Container\\BoundMethod::call()
#28 /home/soaonjvfyv03/public_html/prueba/preferencepassport/vendor/laravel/framework/src/Illuminate/Foundation/Application.php(1158): Illuminate\\Container\\Container->call()
#29 /home/soaonjvfyv03/public_html/prueba/preferencepassport/vendor/laravel/framework/src/Illuminate/Foundation/Http/Kernel.php(182): Illuminate\\Foundation\\Application->terminate()
#30 /home/soaonjvfyv03/public_html/prueba/preferencepassport/index.php(55): Illuminate\\Foundation\\Http\\Kernel->terminate()
#31 {main}
"} 
[2023-07-15 11:42:02] local.INFO: {"id":347,"nombre":"jose perez leonn","edad":"30","estadocivil":"casado","telefono1":"12345678","telefono2":"12345678","correo":"memonuevecero@gmail.com","pais":"colombia","notal":"dd","created_at":"2023-07-15T16:37:02.000000Z","updated_at":"2023-07-15T16:37:02.000000Z","created_at2":"2023-07-15","user_id":"8","statuses_id":"1","cerrador_id":null,"id_vendedor":null,"tarjeta":"Tarjeta Classic","password":"KwH6eXMS2R"}Lead Elimidado  por : Gina Cravioto  
[2023-07-15 11:46:29] local.INFO: {"nombre":"guillermo venancio tec ucann","edad":"30","estadocivil":"casado","telefono1":"12345678","telefono2":"12345678","correo":"memonuevecero@gmail.com","pais":"colombia","notal":"s","password":"niuz8OIy73","user_id":"8","created_at2":"2023-07-15 11:42:07","statuses_id":"1","tarjeta":"Tarjeta Classic","updated_at":"2023-07-15T16:46:29.000000Z","created_at":"2023-07-15T16:46:29.000000Z","id":348}Lead Creado  por : Gina Cravioto  
[2023-07-15 13:40:07] local.INFO: {"nombre":"guillermo venancio tec ucann","edad":"30","estadocivil":"casado","telefono1":"12345678","telefono2":"12345678","correo":"memonuevecero@gmail.com","pais":"colombia","notal":"ss","password":"kzCfD1tIXR","user_id":"8","created_at2":"2023-07-15 13:39:18","statuses_id":"1","tarjeta":"Tarjeta Classic","updated_at":"2023-07-15T18:40:07.000000Z","created_at":"2023-07-15T18:40:07.000000Z","id":349}Lead Creado  por : Gina Cravioto  
[2023-07-15 13:40:07] local.ERROR: Undefined variable $mailData {"userId":8,"exception":"[object] (ErrorException(code: 0): Undefined variable $mailData at /home/soaonjvfyv03/public_html/prueba/preferencepassport/app/Mail/correo.php:34)
[stacktrace]
#0 /home/soaonjvfyv03/public_html/prueba/preferencepassport/app/Mail/correo.php(34): Illuminate\\Foundation\\Bootstrap\\HandleExceptions->handleError()
#1 /home/soaonjvfyv03/public_html/prueba/preferencepassport/vendor/laravel/framework/src/Illuminate/Container/BoundMethod.php(36): App\\Mail\\correo->build()
#2 /home/soaonjvfyv03/public_html/prueba/preferencepassport/vendor/laravel/framework/src/Illuminate/Container/Util.php(40): Illuminate\\Container\\BoundMethod::Illuminate\\Container\\{closure}()
#3 /home/soaonjvfyv03/public_html/prueba/preferencepassport/vendor/laravel/framework/src/Illuminate/Container/BoundMethod.php(93): Illuminate\\Container\\Util::unwrapIfClosure()
#4 /home/soaonjvfyv03/public_html/prueba/preferencepassport/vendor/laravel/framework/src/Illuminate/Container/BoundMethod.php(37): Illuminate\\Container\\BoundMethod::callBoundMethod()
#5 /home/soaonjvfyv03/public_html/prueba/preferencepassport/vendor/laravel/framework/src/Illuminate/Container/Container.php(653): Illuminate\\Container\\BoundMethod::call()
#6 /home/soaonjvfyv03/public_html/prueba/preferencepassport/vendor/laravel/framework/src/Illuminate/Mail/Mailable.php(175): Illuminate\\Container\\Container->call()
#7 /home/soaonjvfyv03/public_html/prueba/preferencepassport/vendor/laravel/framework/src/Illuminate/Support/Traits/Localizable.php(19): Illuminate\\Mail\\Mailable->Illuminate\\Mail\\{closure}()
#8 /home/soaonjvfyv03/public_html/prueba/preferencepassport/vendor/laravel/framework/src/Illuminate/Mail/Mailable.php(188): Illuminate\\Mail\\Mailable->withLocale()
#9 /home/soaonjvfyv03/public_html/prueba/preferencepassport/vendor/laravel/framework/src/Illuminate/Mail/Mailer.php(304): Illuminate\\Mail\\Mailable->send()
#10 /home/soaonjvfyv03/public_html/prueba/preferencepassport/vendor/laravel/framework/src/Illuminate/Mail/Mailer.php(258): Illuminate\\Mail\\Mailer->sendMailable()
#11 /home/soaonjvfyv03/public_html/prueba/preferencepassport/vendor/laravel/framework/src/Illuminate/Mail/PendingMail.php(124): Illuminate\\Mail\\Mailer->send()
#12 /home/soaonjvfyv03/public_html/prueba/preferencepassport/app/Jobs/ProcessLeads.php(65): Illuminate\\Mail\\PendingMail->send()
#13 /home/soaonjvfyv03/public_html/prueba/preferencepassport/vendor/laravel/framework/src/Illuminate/Container/BoundMethod.php(36): App\\Jobs\\ProcessLeads->handle()
#14 /home/soaonjvfyv03/public_html/prueba/preferencepassport/vendor/laravel/framework/src/Illuminate/Container/Util.php(40): Illuminate\\Container\\BoundMethod::Illuminate\\Container\\{closure}()
#15 /home/soaonjvfyv03/public_html/prueba/preferencepassport/vendor/laravel/framework/src/Illuminate/Container/BoundMethod.php(93): Illuminate\\Container\\Util::unwrapIfClosure()
#16 /home/soaonjvfyv03/public_html/prueba/preferencepassport/vendor/laravel/framework/src/Illuminate/Container/BoundMethod.php(37): Illuminate\\Container\\BoundMethod::callBoundMethod()
#17 /home/soaonjvfyv03/public_html/prueba/preferencepassport/vendor/laravel/framework/src/Illuminate/Container/Container.php(653): Illuminate\\Container\\BoundMethod::call()
#18 /home/soaonjvfyv03/public_html/prueba/preferencepassport/vendor/laravel/framework/src/Illuminate/Bus/Dispatcher.php(128): Illuminate\\Container\\Container->call()
#19 /home/soaonjvfyv03/public_html/prueba/preferencepassport/vendor/laravel/framework/src/Illuminate/Pipeline/Pipeline.php(128): Illuminate\\Bus\\Dispatcher->Illuminate\\Bus\\{closure}()
#20 /home/soaonjvfyv03/public_html/prueba/preferencepassport/vendor/laravel/framework/src/Illuminate/Pipeline/Pipeline.php(103): Illuminate\\Pipeline\\Pipeline->Illuminate\\Pipeline\\{closure}()
#21 /home/soaonjvfyv03/public_html/prueba/preferencepassport/vendor/laravel/framework/src/Illuminate/Bus/Dispatcher.php(132): Illuminate\\Pipeline\\Pipeline->then()
#22 /home/soaonjvfyv03/public_html/prueba/preferencepassport/vendor/laravel/framework/src/Illuminate/Bus/Dispatcher.php(266): Illuminate\\Bus\\Dispatcher->dispatchNow()
#23 /home/soaonjvfyv03/public_html/prueba/preferencepassport/vendor/laravel/framework/src/Illuminate/Container/BoundMethod.php(36): Illuminate\\Bus\\Dispatcher->Illuminate\\Bus\\{closure}()
#24 /home/soaonjvfyv03/public_html/prueba/preferencepassport/vendor/laravel/framework/src/Illuminate/Container/Util.php(40): Illuminate\\Container\\BoundMethod::Illuminate\\Container\\{closure}()
#25 /home/soaonjvfyv03/public_html/prueba/preferencepassport/vendor/laravel/framework/src/Illuminate/Container/BoundMethod.php(81): Illuminate\\Container\\Util::unwrapIfClosure()
#26 /home/soaonjvfyv03/public_html/prueba/preferencepassport/vendor/laravel/framework/src/Illuminate/Container/BoundMethod.php(37): Illuminate\\Container\\BoundMethod::callBoundMethod()
#27 /home/soaonjvfyv03/public_html/prueba/preferencepassport/vendor/laravel/framework/src/Illuminate/Container/Container.php(653): Illuminate\\Container\\BoundMethod::call()
#28 /home/soaonjvfyv03/public_html/prueba/preferencepassport/vendor/laravel/framework/src/Illuminate/Foundation/Application.php(1158): Illuminate\\Container\\Container->call()
#29 /home/soaonjvfyv03/public_html/prueba/preferencepassport/vendor/laravel/framework/src/Illuminate/Foundation/Http/Kernel.php(182): Illuminate\\Foundation\\Application->terminate()
#30 /home/soaonjvfyv03/public_html/prueba/preferencepassport/index.php(55): Illuminate\\Foundation\\Http\\Kernel->terminate()
#31 {main}
"} 
[2023-07-15 13:59:37] local.INFO: {"nombre":"guillermo venancio tec ucann","edad":"30","estadocivil":"casado","telefono1":"12345678","telefono2":"12345678","correo":"memonuevecero@gmail.com","pais":"colombia","notal":"123","password":"oeMW5BMMw2","user_id":"8","created_at2":"2023-07-15 13:59:26","statuses_id":"1","tarjeta":"Tarjeta Classic","updated_at":"2023-07-15T18:59:37.000000Z","created_at":"2023-07-15T18:59:37.000000Z","id":350}Lead Creado  por : Gina Cravioto  
[2023-07-15 13:59:37] local.ERROR: Undefined variable $mailData {"userId":8,"exception":"[object] (ErrorException(code: 0): Undefined variable $mailData at /home/soaonjvfyv03/public_html/prueba/preferencepassport/app/Mail/correo.php:34)
[stacktrace]
#0 /home/soaonjvfyv03/public_html/prueba/preferencepassport/app/Mail/correo.php(34): Illuminate\\Foundation\\Bootstrap\\HandleExceptions->handleError()
#1 /home/soaonjvfyv03/public_html/prueba/preferencepassport/vendor/laravel/framework/src/Illuminate/Container/BoundMethod.php(36): App\\Mail\\correo->build()
#2 /home/soaonjvfyv03/public_html/prueba/preferencepassport/vendor/laravel/framework/src/Illuminate/Container/Util.php(40): Illuminate\\Container\\BoundMethod::Illuminate\\Container\\{closure}()
#3 /home/soaonjvfyv03/public_html/prueba/preferencepassport/vendor/laravel/framework/src/Illuminate/Container/BoundMethod.php(93): Illuminate\\Container\\Util::unwrapIfClosure()
#4 /home/soaonjvfyv03/public_html/prueba/preferencepassport/vendor/laravel/framework/src/Illuminate/Container/BoundMethod.php(37): Illuminate\\Container\\BoundMethod::callBoundMethod()
#5 /home/soaonjvfyv03/public_html/prueba/preferencepassport/vendor/laravel/framework/src/Illuminate/Container/Container.php(653): Illuminate\\Container\\BoundMethod::call()
#6 /home/soaonjvfyv03/public_html/prueba/preferencepassport/vendor/laravel/framework/src/Illuminate/Mail/Mailable.php(175): Illuminate\\Container\\Container->call()
#7 /home/soaonjvfyv03/public_html/prueba/preferencepassport/vendor/laravel/framework/src/Illuminate/Support/Traits/Localizable.php(19): Illuminate\\Mail\\Mailable->Illuminate\\Mail\\{closure}()
#8 /home/soaonjvfyv03/public_html/prueba/preferencepassport/vendor/laravel/framework/src/Illuminate/Mail/Mailable.php(188): Illuminate\\Mail\\Mailable->withLocale()
#9 /home/soaonjvfyv03/public_html/prueba/preferencepassport/vendor/laravel/framework/src/Illuminate/Mail/Mailer.php(304): Illuminate\\Mail\\Mailable->send()
#10 /home/soaonjvfyv03/public_html/prueba/preferencepassport/vendor/laravel/framework/src/Illuminate/Mail/Mailer.php(258): Illuminate\\Mail\\Mailer->sendMailable()
#11 /home/soaonjvfyv03/public_html/prueba/preferencepassport/vendor/laravel/framework/src/Illuminate/Mail/PendingMail.php(124): Illuminate\\Mail\\Mailer->send()
#12 /home/soaonjvfyv03/public_html/prueba/preferencepassport/app/Jobs/ProcessLeads.php(65): Illuminate\\Mail\\PendingMail->send()
#13 /home/soaonjvfyv03/public_html/prueba/preferencepassport/vendor/laravel/framework/src/Illuminate/Container/BoundMethod.php(36): App\\Jobs\\ProcessLeads->handle()
#14 /home/soaonjvfyv03/public_html/prueba/preferencepassport/vendor/laravel/framework/src/Illuminate/Container/Util.php(40): Illuminate\\Container\\BoundMethod::Illuminate\\Container\\{closure}()
#15 /home/soaonjvfyv03/public_html/prueba/preferencepassport/vendor/laravel/framework/src/Illuminate/Container/BoundMethod.php(93): Illuminate\\Container\\Util::unwrapIfClosure()
#16 /home/soaonjvfyv03/public_html/prueba/preferencepassport/vendor/laravel/framework/src/Illuminate/Container/BoundMethod.php(37): Illuminate\\Container\\BoundMethod::callBoundMethod()
#17 /home/soaonjvfyv03/public_html/prueba/preferencepassport/vendor/laravel/framework/src/Illuminate/Container/Container.php(653): Illuminate\\Container\\BoundMethod::call()
#18 /home/soaonjvfyv03/public_html/prueba/preferencepassport/vendor/laravel/framework/src/Illuminate/Bus/Dispatcher.php(128): Illuminate\\Container\\Container->call()
#19 /home/soaonjvfyv03/public_html/prueba/preferencepassport/vendor/laravel/framework/src/Illuminate/Pipeline/Pipeline.php(128): Illuminate\\Bus\\Dispatcher->Illuminate\\Bus\\{closure}()
#20 /home/soaonjvfyv03/public_html/prueba/preferencepassport/vendor/laravel/framework/src/Illuminate/Pipeline/Pipeline.php(103): Illuminate\\Pipeline\\Pipeline->Illuminate\\Pipeline\\{closure}()
#21 /home/soaonjvfyv03/public_html/prueba/preferencepassport/vendor/laravel/framework/src/Illuminate/Bus/Dispatcher.php(132): Illuminate\\Pipeline\\Pipeline->then()
#22 /home/soaonjvfyv03/public_html/prueba/preferencepassport/vendor/laravel/framework/src/Illuminate/Bus/Dispatcher.php(266): Illuminate\\Bus\\Dispatcher->dispatchNow()
#23 /home/soaonjvfyv03/public_html/prueba/preferencepassport/vendor/laravel/framework/src/Illuminate/Container/BoundMethod.php(36): Illuminate\\Bus\\Dispatcher->Illuminate\\Bus\\{closure}()
#24 /home/soaonjvfyv03/public_html/prueba/preferencepassport/vendor/laravel/framework/src/Illuminate/Container/Util.php(40): Illuminate\\Container\\BoundMethod::Illuminate\\Container\\{closure}()
#25 /home/soaonjvfyv03/public_html/prueba/preferencepassport/vendor/laravel/framework/src/Illuminate/Container/BoundMethod.php(81): Illuminate\\Container\\Util::unwrapIfClosure()
#26 /home/soaonjvfyv03/public_html/prueba/preferencepassport/vendor/laravel/framework/src/Illuminate/Container/BoundMethod.php(37): Illuminate\\Container\\BoundMethod::callBoundMethod()
#27 /home/soaonjvfyv03/public_html/prueba/preferencepassport/vendor/laravel/framework/src/Illuminate/Container/Container.php(653): Illuminate\\Container\\BoundMethod::call()
#28 /home/soaonjvfyv03/public_html/prueba/preferencepassport/vendor/laravel/framework/src/Illuminate/Foundation/Application.php(1158): Illuminate\\Container\\Container->call()
#29 /home/soaonjvfyv03/public_html/prueba/preferencepassport/vendor/laravel/framework/src/Illuminate/Foundation/Http/Kernel.php(182): Illuminate\\Foundation\\Application->terminate()
#30 /home/soaonjvfyv03/public_html/prueba/preferencepassport/index.php(55): Illuminate\\Foundation\\Http\\Kernel->terminate()
#31 {main}
"} 
[2023-07-15 14:03:28] local.INFO: {"id":348,"nombre":"guillermo venancio tec ucann","edad":"30","estadocivil":"casado","telefono1":"12345678","telefono2":"12345678","correo":"memonuevecero@gmail.com","pais":"colombia","notal":"s","created_at":"2023-07-15T16:46:29.000000Z","updated_at":"2023-07-15T16:46:29.000000Z","created_at2":"2023-07-15","user_id":"8","statuses_id":"1","cerrador_id":null,"id_vendedor":null,"tarjeta":"Tarjeta Classic","password":"niuz8OIy73"}Lead Elimidado  por : Gina Cravioto  
[2023-07-15 14:03:30] local.INFO: {"id":350,"nombre":"guillermo venancio tec ucann","edad":"30","estadocivil":"casado","telefono1":"12345678","telefono2":"12345678","correo":"memonuevecero@gmail.com","pais":"colombia","notal":"123","created_at":"2023-07-15T18:59:37.000000Z","updated_at":"2023-07-15T18:59:37.000000Z","created_at2":"2023-07-15","user_id":"8","statuses_id":"1","cerrador_id":null,"id_vendedor":null,"tarjeta":"Tarjeta Classic","password":"oeMW5BMMw2"}Lead Elimidado  por : Gina Cravioto  
[2023-07-15 14:03:33] local.INFO: {"id":349,"nombre":"guillermo venancio tec ucann","edad":"30","estadocivil":"casado","telefono1":"12345678","telefono2":"12345678","correo":"memonuevecero@gmail.com","pais":"colombia","notal":"ss","created_at":"2023-07-15T18:40:07.000000Z","updated_at":"2023-07-15T18:40:07.000000Z","created_at2":"2023-07-15","user_id":"8","statuses_id":"1","cerrador_id":null,"id_vendedor":null,"tarjeta":"Tarjeta Classic","password":"kzCfD1tIXR"}Lead Elimidado  por : Gina Cravioto  
[2023-07-15 14:03:34] local.INFO: {"id":343,"nombre":"guillermo venancio tec ucan","edad":"29","estadocivil":"casado","telefono1":"1234567890","telefono2":"1234567890","correo":"memonuevecero@gmail.com","pais":"mexico","notal":"notal","created_at":"2023-07-14T22:47:16.000000Z","updated_at":"2023-07-14T22:47:16.000000Z","created_at2":"2023-07-14","user_id":"8","statuses_id":"1","cerrador_id":null,"id_vendedor":null,"tarjeta":"Tarjeta Gold","password":"vyVCrk46Sh"}Lead Elimidado  por : Gina Cravioto  
[2023-07-15 14:03:48] local.INFO: {"nombre":"guillermo venancio tec ucan","edad":"30","estadocivil":"casado","telefono1":"12345678","telefono2":"12345678","correo":"memonuevecero@gmail.com","pais":"colombia","notal":"sss","password":"A3nFhmhO0E","user_id":"8","created_at2":"2023-07-15 14:03:36","statuses_id":"1","tarjeta":"Tarjeta Classic","updated_at":"2023-07-15T19:03:48.000000Z","created_at":"2023-07-15T19:03:48.000000Z","id":351}Lead Creado  por : Gina Cravioto  
[2023-07-15 14:03:48] local.ERROR: Undefined variable $mailData {"userId":8,"exception":"[object] (ErrorException(code: 0): Undefined variable $mailData at /home/soaonjvfyv03/public_html/prueba/preferencepassport/app/Mail/correo.php:34)
[stacktrace]
#0 /home/soaonjvfyv03/public_html/prueba/preferencepassport/app/Mail/correo.php(34): Illuminate\\Foundation\\Bootstrap\\HandleExceptions->handleError()
#1 /home/soaonjvfyv03/public_html/prueba/preferencepassport/vendor/laravel/framework/src/Illuminate/Container/BoundMethod.php(36): App\\Mail\\correo->build()
#2 /home/soaonjvfyv03/public_html/prueba/preferencepassport/vendor/laravel/framework/src/Illuminate/Container/Util.php(40): Illuminate\\Container\\BoundMethod::Illuminate\\Container\\{closure}()
#3 /home/soaonjvfyv03/public_html/prueba/preferencepassport/vendor/laravel/framework/src/Illuminate/Container/BoundMethod.php(93): Illuminate\\Container\\Util::unwrapIfClosure()
#4 /home/soaonjvfyv03/public_html/prueba/preferencepassport/vendor/laravel/framework/src/Illuminate/Container/BoundMethod.php(37): Illuminate\\Container\\BoundMethod::callBoundMethod()
#5 /home/soaonjvfyv03/public_html/prueba/preferencepassport/vendor/laravel/framework/src/Illuminate/Container/Container.php(653): Illuminate\\Container\\BoundMethod::call()
#6 /home/soaonjvfyv03/public_html/prueba/preferencepassport/vendor/laravel/framework/src/Illuminate/Mail/Mailable.php(175): Illuminate\\Container\\Container->call()
#7 /home/soaonjvfyv03/public_html/prueba/preferencepassport/vendor/laravel/framework/src/Illuminate/Support/Traits/Localizable.php(19): Illuminate\\Mail\\Mailable->Illuminate\\Mail\\{closure}()
#8 /home/soaonjvfyv03/public_html/prueba/preferencepassport/vendor/laravel/framework/src/Illuminate/Mail/Mailable.php(188): Illuminate\\Mail\\Mailable->withLocale()
#9 /home/soaonjvfyv03/public_html/prueba/preferencepassport/vendor/laravel/framework/src/Illuminate/Mail/Mailer.php(304): Illuminate\\Mail\\Mailable->send()
#10 /home/soaonjvfyv03/public_html/prueba/preferencepassport/vendor/laravel/framework/src/Illuminate/Mail/Mailer.php(258): Illuminate\\Mail\\Mailer->sendMailable()
#11 /home/soaonjvfyv03/public_html/prueba/preferencepassport/vendor/laravel/framework/src/Illuminate/Mail/PendingMail.php(124): Illuminate\\Mail\\Mailer->send()
#12 /home/soaonjvfyv03/public_html/prueba/preferencepassport/app/Jobs/ProcessLeads.php(65): Illuminate\\Mail\\PendingMail->send()
#13 /home/soaonjvfyv03/public_html/prueba/preferencepassport/vendor/laravel/framework/src/Illuminate/Container/BoundMethod.php(36): App\\Jobs\\ProcessLeads->handle()
#14 /home/soaonjvfyv03/public_html/prueba/preferencepassport/vendor/laravel/framework/src/Illuminate/Container/Util.php(40): Illuminate\\Container\\BoundMethod::Illuminate\\Container\\{closure}()
#15 /home/soaonjvfyv03/public_html/prueba/preferencepassport/vendor/laravel/framework/src/Illuminate/Container/BoundMethod.php(93): Illuminate\\Container\\Util::unwrapIfClosure()
#16 /home/soaonjvfyv03/public_html/prueba/preferencepassport/vendor/laravel/framework/src/Illuminate/Container/BoundMethod.php(37): Illuminate\\Container\\BoundMethod::callBoundMethod()
#17 /home/soaonjvfyv03/public_html/prueba/preferencepassport/vendor/laravel/framework/src/Illuminate/Container/Container.php(653): Illuminate\\Container\\BoundMethod::call()
#18 /home/soaonjvfyv03/public_html/prueba/preferencepassport/vendor/laravel/framework/src/Illuminate/Bus/Dispatcher.php(128): Illuminate\\Container\\Container->call()
#19 /home/soaonjvfyv03/public_html/prueba/preferencepassport/vendor/laravel/framework/src/Illuminate/Pipeline/Pipeline.php(128): Illuminate\\Bus\\Dispatcher->Illuminate\\Bus\\{closure}()
#20 /home/soaonjvfyv03/public_html/prueba/preferencepassport/vendor/laravel/framework/src/Illuminate/Pipeline/Pipeline.php(103): Illuminate\\Pipeline\\Pipeline->Illuminate\\Pipeline\\{closure}()
#21 /home/soaonjvfyv03/public_html/prueba/preferencepassport/vendor/laravel/framework/src/Illuminate/Bus/Dispatcher.php(132): Illuminate\\Pipeline\\Pipeline->then()
#22 /home/soaonjvfyv03/public_html/prueba/preferencepassport/vendor/laravel/framework/src/Illuminate/Bus/Dispatcher.php(266): Illuminate\\Bus\\Dispatcher->dispatchNow()
#23 /home/soaonjvfyv03/public_html/prueba/preferencepassport/vendor/laravel/framework/src/Illuminate/Container/BoundMethod.php(36): Illuminate\\Bus\\Dispatcher->Illuminate\\Bus\\{closure}()
#24 /home/soaonjvfyv03/public_html/prueba/preferencepassport/vendor/laravel/framework/src/Illuminate/Container/Util.php(40): Illuminate\\Container\\BoundMethod::Illuminate\\Container\\{closure}()
#25 /home/soaonjvfyv03/public_html/prueba/preferencepassport/vendor/laravel/framework/src/Illuminate/Container/BoundMethod.php(81): Illuminate\\Container\\Util::unwrapIfClosure()
#26 /home/soaonjvfyv03/public_html/prueba/preferencepassport/vendor/laravel/framework/src/Illuminate/Container/BoundMethod.php(37): Illuminate\\Container\\BoundMethod::callBoundMethod()
#27 /home/soaonjvfyv03/public_html/prueba/preferencepassport/vendor/laravel/framework/src/Illuminate/Container/Container.php(653): Illuminate\\Container\\BoundMethod::call()
#28 /home/soaonjvfyv03/public_html/prueba/preferencepassport/vendor/laravel/framework/src/Illuminate/Foundation/Application.php(1158): Illuminate\\Container\\Container->call()
#29 /home/soaonjvfyv03/public_html/prueba/preferencepassport/vendor/laravel/framework/src/Illuminate/Foundation/Http/Kernel.php(182): Illuminate\\Foundation\\Application->terminate()
#30 /home/soaonjvfyv03/public_html/prueba/preferencepassport/index.php(55): Illuminate\\Foundation\\Http\\Kernel->terminate()
#31 {main}
"} 
[2023-07-15 14:11:50] local.INFO: {"id":351,"nombre":"guillermo venancio tec ucan","edad":"30","estadocivil":"casado","telefono1":"12345678","telefono2":"12345678","correo":"memonuevecero@gmail.com","pais":"colombia","notal":"sss","created_at":"2023-07-15T19:03:48.000000Z","updated_at":"2023-07-15T19:03:48.000000Z","created_at2":"2023-07-15","user_id":"8","statuses_id":"1","cerrador_id":null,"id_vendedor":null,"tarjeta":"Tarjeta Classic","password":"A3nFhmhO0E"}Lead Elimidado  por : Gina Cravioto  
[2023-07-15 14:12:03] local.INFO: {"nombre":"guillermo venancio tec ucan","edad":"30","estadocivil":"casado","telefono1":"12345678","telefono2":"12345678","correo":"memonuevecero@gmail.com","pais":"colombia","notal":"dd","password":"Fx4C4Qqowx","user_id":"8","created_at2":"2023-07-15 14:11:51","statuses_id":"1","tarjeta":"Tarjeta Classic","updated_at":"2023-07-15T19:12:03.000000Z","created_at":"2023-07-15T19:12:03.000000Z","id":352}Lead Creado  por : Gina Cravioto  
[2023-07-15 14:12:57] local.INFO: {"nombre":"guillermo venancio tec ucann","edad":"30","estadocivil":"casado","telefono1":"12345678","telefono2":"12345678","correo":"memonuevecero@gmail.com","pais":"colombia","notal":"s","password":"gUBWacYGhp","user_id":"8","created_at2":"2023-07-15 14:12:45","statuses_id":"1","tarjeta":"Tarjeta Classic","updated_at":"2023-07-15T19:12:57.000000Z","created_at":"2023-07-15T19:12:57.000000Z","id":353}Lead Creado  por : Gina Cravioto  
[2023-07-15 14:12:57] local.ERROR: Array to string conversion {"userId":8,"exception":"[object] (ErrorException(code: 0): Array to string conversion at /home/soaonjvfyv03/public_html/prueba/preferencepassport/app/Mail/correo.php:24)
[stacktrace]
#0 /home/soaonjvfyv03/public_html/prueba/preferencepassport/app/Mail/correo.php(24): Illuminate\\Foundation\\Bootstrap\\HandleExceptions->handleError()
#1 /home/soaonjvfyv03/public_html/prueba/preferencepassport/app/Jobs/ProcessLeads.php(65): App\\Mail\\correo->__construct()
#2 /home/soaonjvfyv03/public_html/prueba/preferencepassport/vendor/laravel/framework/src/Illuminate/Container/BoundMethod.php(36): App\\Jobs\\ProcessLeads->handle()
#3 /home/soaonjvfyv03/public_html/prueba/preferencepassport/vendor/laravel/framework/src/Illuminate/Container/Util.php(40): Illuminate\\Container\\BoundMethod::Illuminate\\Container\\{closure}()
#4 /home/soaonjvfyv03/public_html/prueba/preferencepassport/vendor/laravel/framework/src/Illuminate/Container/BoundMethod.php(93): Illuminate\\Container\\Util::unwrapIfClosure()
#5 /home/soaonjvfyv03/public_html/prueba/preferencepassport/vendor/laravel/framework/src/Illuminate/Container/BoundMethod.php(37): Illuminate\\Container\\BoundMethod::callBoundMethod()
#6 /home/soaonjvfyv03/public_html/prueba/preferencepassport/vendor/laravel/framework/src/Illuminate/Container/Container.php(653): Illuminate\\Container\\BoundMethod::call()
#7 /home/soaonjvfyv03/public_html/prueba/preferencepassport/vendor/laravel/framework/src/Illuminate/Bus/Dispatcher.php(128): Illuminate\\Container\\Container->call()
#8 /home/soaonjvfyv03/public_html/prueba/preferencepassport/vendor/laravel/framework/src/Illuminate/Pipeline/Pipeline.php(128): Illuminate\\Bus\\Dispatcher->Illuminate\\Bus\\{closure}()
#9 /home/soaonjvfyv03/public_html/prueba/preferencepassport/vendor/laravel/framework/src/Illuminate/Pipeline/Pipeline.php(103): Illuminate\\Pipeline\\Pipeline->Illuminate\\Pipeline\\{closure}()
#10 /home/soaonjvfyv03/public_html/prueba/preferencepassport/vendor/laravel/framework/src/Illuminate/Bus/Dispatcher.php(132): Illuminate\\Pipeline\\Pipeline->then()
#11 /home/soaonjvfyv03/public_html/prueba/preferencepassport/vendor/laravel/framework/src/Illuminate/Bus/Dispatcher.php(266): Illuminate\\Bus\\Dispatcher->dispatchNow()
#12 /home/soaonjvfyv03/public_html/prueba/preferencepassport/vendor/laravel/framework/src/Illuminate/Container/BoundMethod.php(36): Illuminate\\Bus\\Dispatcher->Illuminate\\Bus\\{closure}()
#13 /home/soaonjvfyv03/public_html/prueba/preferencepassport/vendor/laravel/framework/src/Illuminate/Container/Util.php(40): Illuminate\\Container\\BoundMethod::Illuminate\\Container\\{closure}()
#14 /home/soaonjvfyv03/public_html/prueba/preferencepassport/vendor/laravel/framework/src/Illuminate/Container/BoundMethod.php(81): Illuminate\\Container\\Util::unwrapIfClosure()
#15 /home/soaonjvfyv03/public_html/prueba/preferencepassport/vendor/laravel/framework/src/Illuminate/Container/BoundMethod.php(37): Illuminate\\Container\\BoundMethod::callBoundMethod()
#16 /home/soaonjvfyv03/public_html/prueba/preferencepassport/vendor/laravel/framework/src/Illuminate/Container/Container.php(653): Illuminate\\Container\\BoundMethod::call()
#17 /home/soaonjvfyv03/public_html/prueba/preferencepassport/vendor/laravel/framework/src/Illuminate/Foundation/Application.php(1158): Illuminate\\Container\\Container->call()
#18 /home/soaonjvfyv03/public_html/prueba/preferencepassport/vendor/laravel/framework/src/Illuminate/Foundation/Http/Kernel.php(182): Illuminate\\Foundation\\Application->terminate()
#19 /home/soaonjvfyv03/public_html/prueba/preferencepassport/index.php(55): Illuminate\\Foundation\\Http\\Kernel->terminate()
#20 {main}
"} 
[2023-07-15 14:23:18] local.INFO: {"nombre":"guillermo venancio tec ucann","edad":"30","estadocivil":"casado","telefono1":"12345678","telefono2":"12345678","correo":"memonuevecero@gmail.com","pais":"colombia","notal":"ss","password":"6xlDnyBvLu","user_id":"8","created_at2":"2023-07-15 14:23:06","statuses_id":"1","tarjeta":"Tarjeta Classic","updated_at":"2023-07-15T19:23:18.000000Z","created_at":"2023-07-15T19:23:18.000000Z","id":354}Lead Creado  por : Gina Cravioto  
[2023-07-15 14:23:18] local.ERROR: Undefined variable $mailData {"userId":8,"exception":"[object] (ErrorException(code: 0): Undefined variable $mailData at /home/soaonjvfyv03/public_html/prueba/preferencepassport/app/Mail/correo.php:35)
[stacktrace]
#0 /home/soaonjvfyv03/public_html/prueba/preferencepassport/app/Mail/correo.php(35): Illuminate\\Foundation\\Bootstrap\\HandleExceptions->handleError()
#1 /home/soaonjvfyv03/public_html/prueba/preferencepassport/vendor/laravel/framework/src/Illuminate/Container/BoundMethod.php(36): App\\Mail\\correo->build()
#2 /home/soaonjvfyv03/public_html/prueba/preferencepassport/vendor/laravel/framework/src/Illuminate/Container/Util.php(40): Illuminate\\Container\\BoundMethod::Illuminate\\Container\\{closure}()
#3 /home/soaonjvfyv03/public_html/prueba/preferencepassport/vendor/laravel/framework/src/Illuminate/Container/BoundMethod.php(93): Illuminate\\Container\\Util::unwrapIfClosure()
#4 /home/soaonjvfyv03/public_html/prueba/preferencepassport/vendor/laravel/framework/src/Illuminate/Container/BoundMethod.php(37): Illuminate\\Container\\BoundMethod::callBoundMethod()
#5 /home/soaonjvfyv03/public_html/prueba/preferencepassport/vendor/laravel/framework/src/Illuminate/Container/Container.php(653): Illuminate\\Container\\BoundMethod::call()
#6 /home/soaonjvfyv03/public_html/prueba/preferencepassport/vendor/laravel/framework/src/Illuminate/Mail/Mailable.php(175): Illuminate\\Container\\Container->call()
#7 /home/soaonjvfyv03/public_html/prueba/preferencepassport/vendor/laravel/framework/src/Illuminate/Support/Traits/Localizable.php(19): Illuminate\\Mail\\Mailable->Illuminate\\Mail\\{closure}()
#8 /home/soaonjvfyv03/public_html/prueba/preferencepassport/vendor/laravel/framework/src/Illuminate/Mail/Mailable.php(188): Illuminate\\Mail\\Mailable->withLocale()
#9 /home/soaonjvfyv03/public_html/prueba/preferencepassport/vendor/laravel/framework/src/Illuminate/Mail/Mailer.php(304): Illuminate\\Mail\\Mailable->send()
#10 /home/soaonjvfyv03/public_html/prueba/preferencepassport/vendor/laravel/framework/src/Illuminate/Mail/Mailer.php(258): Illuminate\\Mail\\Mailer->sendMailable()
#11 /home/soaonjvfyv03/public_html/prueba/preferencepassport/vendor/laravel/framework/src/Illuminate/Mail/PendingMail.php(124): Illuminate\\Mail\\Mailer->send()
#12 /home/soaonjvfyv03/public_html/prueba/preferencepassport/app/Jobs/ProcessLeads.php(65): Illuminate\\Mail\\PendingMail->send()
#13 /home/soaonjvfyv03/public_html/prueba/preferencepassport/vendor/laravel/framework/src/Illuminate/Container/BoundMethod.php(36): App\\Jobs\\ProcessLeads->handle()
#14 /home/soaonjvfyv03/public_html/prueba/preferencepassport/vendor/laravel/framework/src/Illuminate/Container/Util.php(40): Illuminate\\Container\\BoundMethod::Illuminate\\Container\\{closure}()
#15 /home/soaonjvfyv03/public_html/prueba/preferencepassport/vendor/laravel/framework/src/Illuminate/Container/BoundMethod.php(93): Illuminate\\Container\\Util::unwrapIfClosure()
#16 /home/soaonjvfyv03/public_html/prueba/preferencepassport/vendor/laravel/framework/src/Illuminate/Container/BoundMethod.php(37): Illuminate\\Container\\BoundMethod::callBoundMethod()
#17 /home/soaonjvfyv03/public_html/prueba/preferencepassport/vendor/laravel/framework/src/Illuminate/Container/Container.php(653): Illuminate\\Container\\BoundMethod::call()
#18 /home/soaonjvfyv03/public_html/prueba/preferencepassport/vendor/laravel/framework/src/Illuminate/Bus/Dispatcher.php(128): Illuminate\\Container\\Container->call()
#19 /home/soaonjvfyv03/public_html/prueba/preferencepassport/vendor/laravel/framework/src/Illuminate/Pipeline/Pipeline.php(128): Illuminate\\Bus\\Dispatcher->Illuminate\\Bus\\{closure}()
#20 /home/soaonjvfyv03/public_html/prueba/preferencepassport/vendor/laravel/framework/src/Illuminate/Pipeline/Pipeline.php(103): Illuminate\\Pipeline\\Pipeline->Illuminate\\Pipeline\\{closure}()
#21 /home/soaonjvfyv03/public_html/prueba/preferencepassport/vendor/laravel/framework/src/Illuminate/Bus/Dispatcher.php(132): Illuminate\\Pipeline\\Pipeline->then()
#22 /home/soaonjvfyv03/public_html/prueba/preferencepassport/vendor/laravel/framework/src/Illuminate/Bus/Dispatcher.php(266): Illuminate\\Bus\\Dispatcher->dispatchNow()
#23 /home/soaonjvfyv03/public_html/prueba/preferencepassport/vendor/laravel/framework/src/Illuminate/Container/BoundMethod.php(36): Illuminate\\Bus\\Dispatcher->Illuminate\\Bus\\{closure}()
#24 /home/soaonjvfyv03/public_html/prueba/preferencepassport/vendor/laravel/framework/src/Illuminate/Container/Util.php(40): Illuminate\\Container\\BoundMethod::Illuminate\\Container\\{closure}()
#25 /home/soaonjvfyv03/public_html/prueba/preferencepassport/vendor/laravel/framework/src/Illuminate/Container/BoundMethod.php(81): Illuminate\\Container\\Util::unwrapIfClosure()
#26 /home/soaonjvfyv03/public_html/prueba/preferencepassport/vendor/laravel/framework/src/Illuminate/Container/BoundMethod.php(37): Illuminate\\Container\\BoundMethod::callBoundMethod()
#27 /home/soaonjvfyv03/public_html/prueba/preferencepassport/vendor/laravel/framework/src/Illuminate/Container/Container.php(653): Illuminate\\Container\\BoundMethod::call()
#28 /home/soaonjvfyv03/public_html/prueba/preferencepassport/vendor/laravel/framework/src/Illuminate/Foundation/Application.php(1158): Illuminate\\Container\\Container->call()
#29 /home/soaonjvfyv03/public_html/prueba/preferencepassport/vendor/laravel/framework/src/Illuminate/Foundation/Http/Kernel.php(182): Illuminate\\Foundation\\Application->terminate()
#30 /home/soaonjvfyv03/public_html/prueba/preferencepassport/index.php(55): Illuminate\\Foundation\\Http\\Kernel->terminate()
#31 {main}
"} 
[2023-07-15 14:24:36] local.INFO: {"nombre":"guillermo venancio tec ucann","edad":"30","estadocivil":"casado","telefono1":"12345678","telefono2":"12345678","correo":"memonuevecero@gmail.com","pais":"colombia","notal":"this","password":"9BEwRsf1lc","user_id":"8","created_at2":"2023-07-15 14:24:25","statuses_id":"1","tarjeta":"Tarjeta Classic","updated_at":"2023-07-15T19:24:36.000000Z","created_at":"2023-07-15T19:24:36.000000Z","id":355}Lead Creado  por : Gina Cravioto  
[2023-07-15 14:24:36] local.ERROR: Undefined variable $mailData {"userId":8,"exception":"[object] (ErrorException(code: 0): Undefined variable $mailData at /home/soaonjvfyv03/public_html/prueba/preferencepassport/app/Mail/correo.php:35)
[stacktrace]
#0 /home/soaonjvfyv03/public_html/prueba/preferencepassport/app/Mail/correo.php(35): Illuminate\\Foundation\\Bootstrap\\HandleExceptions->handleError()
#1 /home/soaonjvfyv03/public_html/prueba/preferencepassport/vendor/laravel/framework/src/Illuminate/Container/BoundMethod.php(36): App\\Mail\\correo->build()
#2 /home/soaonjvfyv03/public_html/prueba/preferencepassport/vendor/laravel/framework/src/Illuminate/Container/Util.php(40): Illuminate\\Container\\BoundMethod::Illuminate\\Container\\{closure}()
#3 /home/soaonjvfyv03/public_html/prueba/preferencepassport/vendor/laravel/framework/src/Illuminate/Container/BoundMethod.php(93): Illuminate\\Container\\Util::unwrapIfClosure()
#4 /home/soaonjvfyv03/public_html/prueba/preferencepassport/vendor/laravel/framework/src/Illuminate/Container/BoundMethod.php(37): Illuminate\\Container\\BoundMethod::callBoundMethod()
#5 /home/soaonjvfyv03/public_html/prueba/preferencepassport/vendor/laravel/framework/src/Illuminate/Container/Container.php(653): Illuminate\\Container\\BoundMethod::call()
#6 /home/soaonjvfyv03/public_html/prueba/preferencepassport/vendor/laravel/framework/src/Illuminate/Mail/Mailable.php(175): Illuminate\\Container\\Container->call()
#7 /home/soaonjvfyv03/public_html/prueba/preferencepassport/vendor/laravel/framework/src/Illuminate/Support/Traits/Localizable.php(19): Illuminate\\Mail\\Mailable->Illuminate\\Mail\\{closure}()
#8 /home/soaonjvfyv03/public_html/prueba/preferencepassport/vendor/laravel/framework/src/Illuminate/Mail/Mailable.php(188): Illuminate\\Mail\\Mailable->withLocale()
#9 /home/soaonjvfyv03/public_html/prueba/preferencepassport/vendor/laravel/framework/src/Illuminate/Mail/Mailer.php(304): Illuminate\\Mail\\Mailable->send()
#10 /home/soaonjvfyv03/public_html/prueba/preferencepassport/vendor/laravel/framework/src/Illuminate/Mail/Mailer.php(258): Illuminate\\Mail\\Mailer->sendMailable()
#11 /home/soaonjvfyv03/public_html/prueba/preferencepassport/vendor/laravel/framework/src/Illuminate/Mail/PendingMail.php(124): Illuminate\\Mail\\Mailer->send()
#12 /home/soaonjvfyv03/public_html/prueba/preferencepassport/app/Jobs/ProcessLeads.php(65): Illuminate\\Mail\\PendingMail->send()
#13 /home/soaonjvfyv03/public_html/prueba/preferencepassport/vendor/laravel/framework/src/Illuminate/Container/BoundMethod.php(36): App\\Jobs\\ProcessLeads->handle()
#14 /home/soaonjvfyv03/public_html/prueba/preferencepassport/vendor/laravel/framework/src/Illuminate/Container/Util.php(40): Illuminate\\Container\\BoundMethod::Illuminate\\Container\\{closure}()
#15 /home/soaonjvfyv03/public_html/prueba/preferencepassport/vendor/laravel/framework/src/Illuminate/Container/BoundMethod.php(93): Illuminate\\Container\\Util::unwrapIfClosure()
#16 /home/soaonjvfyv03/public_html/prueba/preferencepassport/vendor/laravel/framework/src/Illuminate/Container/BoundMethod.php(37): Illuminate\\Container\\BoundMethod::callBoundMethod()
#17 /home/soaonjvfyv03/public_html/prueba/preferencepassport/vendor/laravel/framework/src/Illuminate/Container/Container.php(653): Illuminate\\Container\\BoundMethod::call()
#18 /home/soaonjvfyv03/public_html/prueba/preferencepassport/vendor/laravel/framework/src/Illuminate/Bus/Dispatcher.php(128): Illuminate\\Container\\Container->call()
#19 /home/soaonjvfyv03/public_html/prueba/preferencepassport/vendor/laravel/framework/src/Illuminate/Pipeline/Pipeline.php(128): Illuminate\\Bus\\Dispatcher->Illuminate\\Bus\\{closure}()
#20 /home/soaonjvfyv03/public_html/prueba/preferencepassport/vendor/laravel/framework/src/Illuminate/Pipeline/Pipeline.php(103): Illuminate\\Pipeline\\Pipeline->Illuminate\\Pipeline\\{closure}()
#21 /home/soaonjvfyv03/public_html/prueba/preferencepassport/vendor/laravel/framework/src/Illuminate/Bus/Dispatcher.php(132): Illuminate\\Pipeline\\Pipeline->then()
#22 /home/soaonjvfyv03/public_html/prueba/preferencepassport/vendor/laravel/framework/src/Illuminate/Bus/Dispatcher.php(266): Illuminate\\Bus\\Dispatcher->dispatchNow()
#23 /home/soaonjvfyv03/public_html/prueba/preferencepassport/vendor/laravel/framework/src/Illuminate/Container/BoundMethod.php(36): Illuminate\\Bus\\Dispatcher->Illuminate\\Bus\\{closure}()
#24 /home/soaonjvfyv03/public_html/prueba/preferencepassport/vendor/laravel/framework/src/Illuminate/Container/Util.php(40): Illuminate\\Container\\BoundMethod::Illuminate\\Container\\{closure}()
#25 /home/soaonjvfyv03/public_html/prueba/preferencepassport/vendor/laravel/framework/src/Illuminate/Container/BoundMethod.php(81): Illuminate\\Container\\Util::unwrapIfClosure()
#26 /home/soaonjvfyv03/public_html/prueba/preferencepassport/vendor/laravel/framework/src/Illuminate/Container/BoundMethod.php(37): Illuminate\\Container\\BoundMethod::callBoundMethod()
#27 /home/soaonjvfyv03/public_html/prueba/preferencepassport/vendor/laravel/framework/src/Illuminate/Container/Container.php(653): Illuminate\\Container\\BoundMethod::call()
#28 /home/soaonjvfyv03/public_html/prueba/preferencepassport/vendor/laravel/framework/src/Illuminate/Foundation/Application.php(1158): Illuminate\\Container\\Container->call()
#29 /home/soaonjvfyv03/public_html/prueba/preferencepassport/vendor/laravel/framework/src/Illuminate/Foundation/Http/Kernel.php(182): Illuminate\\Foundation\\Application->terminate()
#30 /home/soaonjvfyv03/public_html/prueba/preferencepassport/index.php(55): Illuminate\\Foundation\\Http\\Kernel->terminate()
#31 {main}
"} 
