[2023-01-10 11:08:31] local.INFO: {"id":5,"name":"Admin","email":"Administrador@vacationcards.com","email_verified_at":null,"avatar":"default.png","status":1,"created_at":"2022-12-12T19:27:33.000000Z","updated_at":"2023-01-10T16:07:03.000000Z"}  
[2023-01-10 11:08:31] local.INFO: {"id":5,"name":"Admin","email":"Administrador@vacationcards.com","email_verified_at":null,"avatar":"default.png","status":1,"created_at":"2022-12-12T19:27:33.000000Z","updated_at":"2023-01-10T16:08:31.000000Z"}  
[2023-01-10 11:11:12] local.INFO: {"id":5,"name":"Admin","email":"Administrador@vacationcards.com","email_verified_at":null,"avatar":"default.png","status":1,"created_at":"2022-12-12T19:27:33.000000Z","updated_at":"2023-01-10T16:08:31.000000Z"}  
[2023-01-10 11:11:12] local.INFO: {"id":5,"name":"Admin memo","email":"Administrador@vacationcards.com","email_verified_at":null,"avatar":"default.png","status":1,"created_at":"2022-12-12T19:27:33.000000Z","updated_at":"2023-01-10T16:11:12.000000Z"}  
[2023-01-10 11:16:00] local.INFO: {"name":"guillermo","email":"admin@admin.com234","updated_at":"2023-01-10T16:16:00.000000Z","created_at":"2023-01-10T16:16:00.000000Z","id":14}  
[2023-01-10 11:16:00] local.INFO: {"name":"guillermo","email":"admin@admin.com234","updated_at":"2023-01-10T16:16:00.000000Z","created_at":"2023-01-10T16:16:00.000000Z","id":14,"roles":[{"id":1,"name":"Administrador","guard_name":"web","created_at":"2022-12-12T15:01:57.000000Z","updated_at":"2022-12-12T15:01:57.000000Z","pivot":{"model_id":14,"role_id":1,"model_type":"App\\Models\\User"}}]}  
[2023-01-10 11:18:29] local.INFO: {"id":14,"name":"guillermo","email":"admin@admin.com234","email_verified_at":null,"avatar":"default.png","status":null,"created_at":"2023-01-10T16:16:00.000000Z","updated_at":"2023-01-10T16:16:00.000000Z"}  
[2023-01-10 11:18:29] local.INFO: {"id":14,"name":"guillermo","email":"admin@admin.com234","email_verified_at":null,"avatar":"default.png","status":0,"created_at":"2023-01-10T16:16:00.000000Z","updated_at":"2023-01-10T16:18:29.000000Z"}  
[2023-01-10 11:28:23] local.INFO: {"id":14,"name":"guillermo","email":"admin@admin.com234","email_verified_at":null,"avatar":"default.png","status":0,"created_at":"2023-01-10T16:16:00.000000Z","updated_at":"2023-01-10T16:18:29.000000Z"}  
[2023-01-10 11:28:23] local.INFO: {"id":14,"name":"guillermo","email":"admin@admin.com234","email_verified_at":null,"avatar":"default.png","status":1,"created_at":"2023-01-10T16:16:00.000000Z","updated_at":"2023-01-10T16:28:23.000000Z"}  
[2023-01-10 11:28:31] local.INFO: {"id":14,"name":"guillermo","email":"admin@admin.com234","email_verified_at":null,"avatar":"default.png","status":1,"created_at":"2023-01-10T16:16:00.000000Z","updated_at":"2023-01-10T16:28:23.000000Z"}  
[2023-01-10 11:28:31] local.INFO: {"id":14,"name":"guillermo2","email":"admin@admin.com234","email_verified_at":null,"avatar":"default.png","status":1,"created_at":"2023-01-10T16:16:00.000000Z","updated_at":"2023-01-10T16:28:31.000000Z"}  
[2023-01-10 11:28:52] local.INFO: {"id":11,"name":"pepe vendedor","email":"vendedor@admin.com","email_verified_at":null,"avatar":"default.png","status":1,"created_at":"2022-12-20T20:48:43.000000Z","updated_at":"2022-12-29T17:11:43.000000Z"}  
[2023-01-10 11:28:52] local.INFO: {"id":11,"name":"pepe vendedor","email":"vendedor@admin.com","email_verified_at":null,"avatar":"default.png","status":1,"created_at":"2022-12-20T20:48:43.000000Z","updated_at":"2023-01-10T16:28:52.000000Z"}  
[2023-01-10 11:29:04] local.INFO: {"id":8,"name":"Gina Cravioto","email":"gina@vacationcards.com","email_verified_at":null,"avatar":"default.png","status":1,"created_at":"2022-12-12T20:10:59.000000Z","updated_at":"2023-01-09T21:44:45.000000Z"}  
[2023-01-10 11:29:05] local.INFO: {"id":8,"name":"Gina Cravioto","email":"gina@vacationcards.com","email_verified_at":null,"avatar":"default.png","status":1,"created_at":"2022-12-12T20:10:59.000000Z","updated_at":"2023-01-10T16:29:05.000000Z"}  
[2023-01-10 11:37:00] local.INFO: {"id":8,"name":"Gina Cravioto","email":"gina@vacationcards.com","email_verified_at":null,"avatar":"default.png","status":1,"created_at":"2022-12-12T20:10:59.000000Z","updated_at":"2023-01-10T16:29:05.000000Z"}actualizar o crear  
[2023-01-10 11:37:00] local.INFO: {"id":8,"name":"Gina Cravioto","email":"gina@vacationcards.com","email_verified_at":null,"avatar":"default.png","status":1,"created_at":"2022-12-12T20:10:59.000000Z","updated_at":"2023-01-10T16:37:00.000000Z"}actualizar o crear  
[2023-01-10 11:41:53] local.INFO: {"id":5,"name":"Admin memo","email":"Administrador@vacationcards.com","email_verified_at":null,"avatar":"default.png","status":1,"created_at":"2022-12-12T19:27:33.000000Z","updated_at":"2023-01-10T16:11:12.000000Z"}actualizar o crear  
[2023-01-10 11:41:54] local.INFO: {"id":5,"name":"Admin","email":"Administrador@vacationcards.com","email_verified_at":null,"avatar":"default.png","status":1,"created_at":"2022-12-12T19:27:33.000000Z","updated_at":"2023-01-10T16:41:54.000000Z"}actualizar o crear  
[2023-01-10 11:44:55] local.INFO: {"id":5,"name":"Admin","email":"Administrador@vacationcards.com","email_verified_at":null,"avatar":"default.png","status":1,"created_at":"2022-12-12T19:27:33.000000Z","updated_at":"2023-01-10T16:41:54.000000Z"}guardadoGina Cravioto  
[2023-01-10 11:44:55] local.INFO: {"id":5,"name":"Admin2","email":"Administrador@vacationcards.com","email_verified_at":null,"avatar":"default.png","status":1,"created_at":"2022-12-12T19:27:33.000000Z","updated_at":"2023-01-10T16:44:55.000000Z"}guardadoGina Cravioto  
[2023-01-10 11:45:32] local.INFO: {"id":8,"name":"Gina Cravioto","email":"gina@vacationcards.com","email_verified_at":null,"avatar":"default.png","status":1,"created_at":"2022-12-12T20:10:59.000000Z","updated_at":"2023-01-10T16:37:00.000000Z"}guardadopor:Gina Cravioto  
[2023-01-10 11:45:32] local.INFO: {"id":8,"name":"Gina Craviotow","email":"gina@vacationcards.com","email_verified_at":null,"avatar":"default.png","status":1,"created_at":"2022-12-12T20:10:59.000000Z","updated_at":"2023-01-10T16:45:32.000000Z"}guardadopor:Gina Cravioto  
[2023-01-10 11:46:01] local.INFO: {"id":8,"name":"Gina Craviotow","email":"gina@vacationcards.com","email_verified_at":null,"avatar":"default.png","status":1,"created_at":"2022-12-12T20:10:59.000000Z","updated_at":"2023-01-10T16:45:32.000000Z"}guardadopor: Gina Craviotow  
[2023-01-10 11:46:01] local.INFO: {"id":8,"name":"Gina Cravioto","email":"gina@vacationcards.com","email_verified_at":null,"avatar":"default.png","status":1,"created_at":"2022-12-12T20:10:59.000000Z","updated_at":"2023-01-10T16:46:01.000000Z"}guardadopor: Gina Craviotow  
[2023-01-10 12:20:22] local.INFO: {"id":5,"name":"Admin2","email":"Administrador@vacationcards.com","email_verified_at":null,"avatar":"default.png","status":1,"created_at":"2022-12-12T19:27:33.000000Z","updated_at":"2023-01-10T16:44:55.000000Z"}guardadopor: Gina Cravioto  
[2023-01-10 12:20:22] local.INFO: {"id":5,"name":"Admin","email":"Administrador@vacationcards.com","email_verified_at":null,"avatar":"default.png","status":1,"created_at":"2022-12-12T19:27:33.000000Z","updated_at":"2023-01-10T17:20:22.000000Z"}guardadopor: Gina Cravioto  
[2023-01-10 17:26:03] local.INFO: {"id":7,"name":"Dist","email":"Distribuidor@vacationcards.com","email_verified_at":null,"avatar":"default.png","status":1,"created_at":"2022-12-12 14:32:19","updated_at":"2023-01-10 09:50:51"}guardadopor: Dist  
[2023-01-10 17:41:19] local.ERROR: syntax error, unexpected 'publi' (T_STRING), expecting function (T_FUNCTION) or const (T_CONST) {"userId":8,"exception":"[object] (ParseError(code: 0): syntax error, unexpected 'publi' (T_STRING), expecting function (T_FUNCTION) or const (T_CONST) at C:\\xampp\\htdocs\\vacationcardsgitbk\\app\\Events\\NotasSaved.php:17)
[stacktrace]
#0 C:\\xampp\\htdocs\\vacationcardsgitbk\\vendor\\composer\\ClassLoader.php(428): Composer\\Autoload\\includeFile('C:\\\\xampp\\\\htdocs...')
#1 [internal function]: Composer\\Autoload\\ClassLoader->loadClass('App\\\\Events\\\\Nota...')
#2 C:\\xampp\\htdocs\\vacationcardsgitbk\\vendor\\laravel\\framework\\src\\Illuminate\\Database\\Eloquent\\Concerns\\HasEvents.php(206): spl_autoload_call('App\\\\Events\\\\Nota...')
#3 C:\\xampp\\htdocs\\vacationcardsgitbk\\vendor\\laravel\\framework\\src\\Illuminate\\Database\\Eloquent\\Concerns\\HasEvents.php(181): Illuminate\\Database\\Eloquent\\Model->fireCustomModelEvent('saved', 'dispatch')
#4 C:\\xampp\\htdocs\\vacationcardsgitbk\\vendor\\laravel\\framework\\src\\Illuminate\\Database\\Eloquent\\Model.php(1035): Illuminate\\Database\\Eloquent\\Model->fireModelEvent('saved', false)
#5 C:\\xampp\\htdocs\\vacationcardsgitbk\\vendor\\laravel\\framework\\src\\Illuminate\\Database\\Eloquent\\Model.php(1006): Illuminate\\Database\\Eloquent\\Model->finishSave(Array)
#6 C:\\xampp\\htdocs\\vacationcardsgitbk\\vendor\\laravel\\framework\\src\\Illuminate\\Database\\Eloquent\\Builder.php(896): Illuminate\\Database\\Eloquent\\Model->save()
#7 C:\\xampp\\htdocs\\vacationcardsgitbk\\vendor\\laravel\\framework\\src\\Illuminate\\Support\\helpers.php(263): Illuminate\\Database\\Eloquent\\Builder->Illuminate\\Database\\Eloquent\\{closure}(Object(App\\Models\\Nota))
#8 C:\\xampp\\htdocs\\vacationcardsgitbk\\vendor\\laravel\\framework\\src\\Illuminate\\Database\\Eloquent\\Builder.php(897): tap(Object(App\\Models\\Nota), Object(Closure))
#9 C:\\xampp\\htdocs\\vacationcardsgitbk\\vendor\\laravel\\framework\\src\\Illuminate\\Support\\Traits\\ForwardsCalls.php(23): Illuminate\\Database\\Eloquent\\Builder->create(Array)
#10 C:\\xampp\\htdocs\\vacationcardsgitbk\\vendor\\laravel\\framework\\src\\Illuminate\\Database\\Eloquent\\Model.php(2132): Illuminate\\Database\\Eloquent\\Model->forwardCallTo(Object(Illuminate\\Database\\Eloquent\\Builder), 'create', Array)
#11 C:\\xampp\\htdocs\\vacationcardsgitbk\\vendor\\laravel\\framework\\src\\Illuminate\\Database\\Eloquent\\Model.php(2144): Illuminate\\Database\\Eloquent\\Model->__call('create', Array)
#12 C:\\xampp\\htdocs\\vacationcardsgitbk\\app\\Http\\Controllers\\LeadController.php(715): Illuminate\\Database\\Eloquent\\Model::__callStatic('create', Array)
#13 C:\\xampp\\htdocs\\vacationcardsgitbk\\vendor\\laravel\\framework\\src\\Illuminate\\Routing\\Controller.php(54): App\\Http\\Controllers\\LeadController->update(Object(Illuminate\\Http\\Request), Object(App\\Models\\Lead), Object(App\\Models\\Nota))
#14 C:\\xampp\\htdocs\\vacationcardsgitbk\\vendor\\laravel\\framework\\src\\Illuminate\\Routing\\ControllerDispatcher.php(45): Illuminate\\Routing\\Controller->callAction('update', Array)
#15 C:\\xampp\\htdocs\\vacationcardsgitbk\\vendor\\laravel\\framework\\src\\Illuminate\\Routing\\Route.php(262): Illuminate\\Routing\\ControllerDispatcher->dispatch(Object(Illuminate\\Routing\\Route), Object(App\\Http\\Controllers\\LeadController), 'update')
#16 C:\\xampp\\htdocs\\vacationcardsgitbk\\vendor\\laravel\\framework\\src\\Illuminate\\Routing\\Route.php(205): Illuminate\\Routing\\Route->runController()
#17 C:\\xampp\\htdocs\\vacationcardsgitbk\\vendor\\laravel\\framework\\src\\Illuminate\\Routing\\Router.php(721): Illuminate\\Routing\\Route->run()
#18 C:\\xampp\\htdocs\\vacationcardsgitbk\\vendor\\laravel\\framework\\src\\Illuminate\\Pipeline\\Pipeline.php(128): Illuminate\\Routing\\Router->Illuminate\\Routing\\{closure}(Object(Illuminate\\Http\\Request))
#19 C:\\xampp\\htdocs\\vacationcardsgitbk\\vendor\\spatie\\laravel-permission\\src\\Middlewares\\RoleMiddleware.php(27): Illuminate\\Pipeline\\Pipeline->Illuminate\\Pipeline\\{closure}(Object(Illuminate\\Http\\Request))
#20 C:\\xampp\\htdocs\\vacationcardsgitbk\\vendor\\laravel\\framework\\src\\Illuminate\\Pipeline\\Pipeline.php(167): Spatie\\Permission\\Middlewares\\RoleMiddleware->handle(Object(Illuminate\\Http\\Request), Object(Closure), 'Administrador|V...')
#21 C:\\xampp\\htdocs\\vacationcardsgitbk\\vendor\\laravel\\framework\\src\\Illuminate\\Routing\\Middleware\\SubstituteBindings.php(50): Illuminate\\Pipeline\\Pipeline->Illuminate\\Pipeline\\{closure}(Object(Illuminate\\Http\\Request))
#22 C:\\xampp\\htdocs\\vacationcardsgitbk\\vendor\\laravel\\framework\\src\\Illuminate\\Pipeline\\Pipeline.php(167): Illuminate\\Routing\\Middleware\\SubstituteBindings->handle(Object(Illuminate\\Http\\Request), Object(Closure))
#23 C:\\xampp\\htdocs\\vacationcardsgitbk\\vendor\\laravel\\framework\\src\\Illuminate\\Auth\\Middleware\\Authenticate.php(44): Illuminate\\Pipeline\\Pipeline->Illuminate\\Pipeline\\{closure}(Object(Illuminate\\Http\\Request))
#24 C:\\xampp\\htdocs\\vacationcardsgitbk\\vendor\\laravel\\framework\\src\\Illuminate\\Pipeline\\Pipeline.php(167): Illuminate\\Auth\\Middleware\\Authenticate->handle(Object(Illuminate\\Http\\Request), Object(Closure))
#25 C:\\xampp\\htdocs\\vacationcardsgitbk\\vendor\\laravel\\framework\\src\\Illuminate\\Foundation\\Http\\Middleware\\VerifyCsrfToken.php(78): Illuminate\\Pipeline\\Pipeline->Illuminate\\Pipeline\\{closure}(Object(Illuminate\\Http\\Request))
#26 C:\\xampp\\htdocs\\vacationcardsgitbk\\vendor\\laravel\\framework\\src\\Illuminate\\Pipeline\\Pipeline.php(167): Illuminate\\Foundation\\Http\\Middleware\\VerifyCsrfToken->handle(Object(Illuminate\\Http\\Request), Object(Closure))
#27 C:\\xampp\\htdocs\\vacationcardsgitbk\\vendor\\laravel\\framework\\src\\Illuminate\\View\\Middleware\\ShareErrorsFromSession.php(49): Illuminate\\Pipeline\\Pipeline->Illuminate\\Pipeline\\{closure}(Object(Illuminate\\Http\\Request))
#28 C:\\xampp\\htdocs\\vacationcardsgitbk\\vendor\\laravel\\framework\\src\\Illuminate\\Pipeline\\Pipeline.php(167): Illuminate\\View\\Middleware\\ShareErrorsFromSession->handle(Object(Illuminate\\Http\\Request), Object(Closure))
#29 C:\\xampp\\htdocs\\vacationcardsgitbk\\vendor\\laravel\\framework\\src\\Illuminate\\Session\\Middleware\\StartSession.php(121): Illuminate\\Pipeline\\Pipeline->Illuminate\\Pipeline\\{closure}(Object(Illuminate\\Http\\Request))
#30 C:\\xampp\\htdocs\\vacationcardsgitbk\\vendor\\laravel\\framework\\src\\Illuminate\\Session\\Middleware\\StartSession.php(64): Illuminate\\Session\\Middleware\\StartSession->handleStatefulRequest(Object(Illuminate\\Http\\Request), Object(Illuminate\\Session\\Store), Object(Closure))
#31 C:\\xampp\\htdocs\\vacationcardsgitbk\\vendor\\laravel\\framework\\src\\Illuminate\\Pipeline\\Pipeline.php(167): Illuminate\\Session\\Middleware\\StartSession->handle(Object(Illuminate\\Http\\Request), Object(Closure))
#32 C:\\xampp\\htdocs\\vacationcardsgitbk\\vendor\\laravel\\framework\\src\\Illuminate\\Cookie\\Middleware\\AddQueuedCookiesToResponse.php(37): Illuminate\\Pipeline\\Pipeline->Illuminate\\Pipeline\\{closure}(Object(Illuminate\\Http\\Request))
#33 C:\\xampp\\htdocs\\vacationcardsgitbk\\vendor\\laravel\\framework\\src\\Illuminate\\Pipeline\\Pipeline.php(167): Illuminate\\Cookie\\Middleware\\AddQueuedCookiesToResponse->handle(Object(Illuminate\\Http\\Request), Object(Closure))
#34 C:\\xampp\\htdocs\\vacationcardsgitbk\\vendor\\laravel\\framework\\src\\Illuminate\\Cookie\\Middleware\\EncryptCookies.php(67): Illuminate\\Pipeline\\Pipeline->Illuminate\\Pipeline\\{closure}(Object(Illuminate\\Http\\Request))
#35 C:\\xampp\\htdocs\\vacationcardsgitbk\\vendor\\laravel\\framework\\src\\Illuminate\\Pipeline\\Pipeline.php(167): Illuminate\\Cookie\\Middleware\\EncryptCookies->handle(Object(Illuminate\\Http\\Request), Object(Closure))
#36 C:\\xampp\\htdocs\\vacationcardsgitbk\\vendor\\laravel\\framework\\src\\Illuminate\\Pipeline\\Pipeline.php(103): Illuminate\\Pipeline\\Pipeline->Illuminate\\Pipeline\\{closure}(Object(Illuminate\\Http\\Request))
#37 C:\\xampp\\htdocs\\vacationcardsgitbk\\vendor\\laravel\\framework\\src\\Illuminate\\Routing\\Router.php(723): Illuminate\\Pipeline\\Pipeline->then(Object(Closure))
#38 C:\\xampp\\htdocs\\vacationcardsgitbk\\vendor\\laravel\\framework\\src\\Illuminate\\Routing\\Router.php(698): Illuminate\\Routing\\Router->runRouteWithinStack(Object(Illuminate\\Routing\\Route), Object(Illuminate\\Http\\Request))
#39 C:\\xampp\\htdocs\\vacationcardsgitbk\\vendor\\laravel\\framework\\src\\Illuminate\\Routing\\Router.php(662): Illuminate\\Routing\\Router->runRoute(Object(Illuminate\\Http\\Request), Object(Illuminate\\Routing\\Route))
#40 C:\\xampp\\htdocs\\vacationcardsgitbk\\vendor\\laravel\\framework\\src\\Illuminate\\Routing\\Router.php(651): Illuminate\\Routing\\Router->dispatchToRoute(Object(Illuminate\\Http\\Request))
#41 C:\\xampp\\htdocs\\vacationcardsgitbk\\vendor\\laravel\\framework\\src\\Illuminate\\Foundation\\Http\\Kernel.php(167): Illuminate\\Routing\\Router->dispatch(Object(Illuminate\\Http\\Request))
#42 C:\\xampp\\htdocs\\vacationcardsgitbk\\vendor\\laravel\\framework\\src\\Illuminate\\Pipeline\\Pipeline.php(128): Illuminate\\Foundation\\Http\\Kernel->Illuminate\\Foundation\\Http\\{closure}(Object(Illuminate\\Http\\Request))
#43 C:\\xampp\\htdocs\\vacationcardsgitbk\\vendor\\livewire\\livewire\\src\\DisableBrowserCache.php(19): Illuminate\\Pipeline\\Pipeline->Illuminate\\Pipeline\\{closure}(Object(Illuminate\\Http\\Request))
#44 C:\\xampp\\htdocs\\vacationcardsgitbk\\vendor\\laravel\\framework\\src\\Illuminate\\Pipeline\\Pipeline.php(167): Livewire\\DisableBrowserCache->handle(Object(Illuminate\\Http\\Request), Object(Closure))
#45 C:\\xampp\\htdocs\\vacationcardsgitbk\\vendor\\laravel\\framework\\src\\Illuminate\\Foundation\\Http\\Middleware\\TransformsRequest.php(21): Illuminate\\Pipeline\\Pipeline->Illuminate\\Pipeline\\{closure}(Object(Illuminate\\Http\\Request))
#46 C:\\xampp\\htdocs\\vacationcardsgitbk\\vendor\\laravel\\framework\\src\\Illuminate\\Foundation\\Http\\Middleware\\ConvertEmptyStringsToNull.php(31): Illuminate\\Foundation\\Http\\Middleware\\TransformsRequest->handle(Object(Illuminate\\Http\\Request), Object(Closure))
#47 C:\\xampp\\htdocs\\vacationcardsgitbk\\vendor\\laravel\\framework\\src\\Illuminate\\Pipeline\\Pipeline.php(167): Illuminate\\Foundation\\Http\\Middleware\\ConvertEmptyStringsToNull->handle(Object(Illuminate\\Http\\Request), Object(Closure))
#48 C:\\xampp\\htdocs\\vacationcardsgitbk\\vendor\\laravel\\framework\\src\\Illuminate\\Foundation\\Http\\Middleware\\TransformsRequest.php(21): Illuminate\\Pipeline\\Pipeline->Illuminate\\Pipeline\\{closure}(Object(Illuminate\\Http\\Request))
#49 C:\\xampp\\htdocs\\vacationcardsgitbk\\vendor\\laravel\\framework\\src\\Illuminate\\Foundation\\Http\\Middleware\\TrimStrings.php(40): Illuminate\\Foundation\\Http\\Middleware\\TransformsRequest->handle(Object(Illuminate\\Http\\Request), Object(Closure))
#50 C:\\xampp\\htdocs\\vacationcardsgitbk\\vendor\\laravel\\framework\\src\\Illuminate\\Pipeline\\Pipeline.php(167): Illuminate\\Foundation\\Http\\Middleware\\TrimStrings->handle(Object(Illuminate\\Http\\Request), Object(Closure))
#51 C:\\xampp\\htdocs\\vacationcardsgitbk\\vendor\\laravel\\framework\\src\\Illuminate\\Foundation\\Http\\Middleware\\ValidatePostSize.php(27): Illuminate\\Pipeline\\Pipeline->Illuminate\\Pipeline\\{closure}(Object(Illuminate\\Http\\Request))
#52 C:\\xampp\\htdocs\\vacationcardsgitbk\\vendor\\laravel\\framework\\src\\Illuminate\\Pipeline\\Pipeline.php(167): Illuminate\\Foundation\\Http\\Middleware\\ValidatePostSize->handle(Object(Illuminate\\Http\\Request), Object(Closure))
#53 C:\\xampp\\htdocs\\vacationcardsgitbk\\vendor\\laravel\\framework\\src\\Illuminate\\Foundation\\Http\\Middleware\\PreventRequestsDuringMaintenance.php(86): Illuminate\\Pipeline\\Pipeline->Illuminate\\Pipeline\\{closure}(Object(Illuminate\\Http\\Request))
#54 C:\\xampp\\htdocs\\vacationcardsgitbk\\vendor\\laravel\\framework\\src\\Illuminate\\Pipeline\\Pipeline.php(167): Illuminate\\Foundation\\Http\\Middleware\\PreventRequestsDuringMaintenance->handle(Object(Illuminate\\Http\\Request), Object(Closure))
#55 C:\\xampp\\htdocs\\vacationcardsgitbk\\vendor\\fruitcake\\laravel-cors\\src\\HandleCors.php(38): Illuminate\\Pipeline\\Pipeline->Illuminate\\Pipeline\\{closure}(Object(Illuminate\\Http\\Request))
#56 C:\\xampp\\htdocs\\vacationcardsgitbk\\vendor\\laravel\\framework\\src\\Illuminate\\Pipeline\\Pipeline.php(167): Fruitcake\\Cors\\HandleCors->handle(Object(Illuminate\\Http\\Request), Object(Closure))
#57 C:\\xampp\\htdocs\\vacationcardsgitbk\\vendor\\laravel\\framework\\src\\Illuminate\\Http\\Middleware\\TrustProxies.php(39): Illuminate\\Pipeline\\Pipeline->Illuminate\\Pipeline\\{closure}(Object(Illuminate\\Http\\Request))
#58 C:\\xampp\\htdocs\\vacationcardsgitbk\\vendor\\laravel\\framework\\src\\Illuminate\\Pipeline\\Pipeline.php(167): Illuminate\\Http\\Middleware\\TrustProxies->handle(Object(Illuminate\\Http\\Request), Object(Closure))
#59 C:\\xampp\\htdocs\\vacationcardsgitbk\\vendor\\laravel\\framework\\src\\Illuminate\\Pipeline\\Pipeline.php(103): Illuminate\\Pipeline\\Pipeline->Illuminate\\Pipeline\\{closure}(Object(Illuminate\\Http\\Request))
#60 C:\\xampp\\htdocs\\vacationcardsgitbk\\vendor\\laravel\\framework\\src\\Illuminate\\Foundation\\Http\\Kernel.php(142): Illuminate\\Pipeline\\Pipeline->then(Object(Closure))
#61 C:\\xampp\\htdocs\\vacationcardsgitbk\\vendor\\laravel\\framework\\src\\Illuminate\\Foundation\\Http\\Kernel.php(111): Illuminate\\Foundation\\Http\\Kernel->sendRequestThroughRouter(Object(Illuminate\\Http\\Request))
#62 C:\\xampp\\htdocs\\vacationcardsgitbk\\public\\index.php(52): Illuminate\\Foundation\\Http\\Kernel->handle(Object(Illuminate\\Http\\Request))
#63 {main}
"} 
[2023-01-10 17:46:41] local.ERROR: Undefined property: App\Events\NotasSaved::$Nota {"userId":8,"exception":"[object] (ErrorException(code: 0): Undefined property: App\\Events\\NotasSaved::$Nota at C:\\xampp\\htdocs\\vacationcardsgitbk\\app\\Listeners\\NotasSaved.php:30)
[stacktrace]
#0 C:\\xampp\\htdocs\\vacationcardsgitbk\\app\\Listeners\\NotasSaved.php(30): Illuminate\\Foundation\\Bootstrap\\HandleExceptions->handleError(8, 'Undefined prope...', 'C:\\\\xampp\\\\htdocs...', 30, Array)
#1 C:\\xampp\\htdocs\\vacationcardsgitbk\\vendor\\laravel\\framework\\src\\Illuminate\\Events\\Dispatcher.php(424): App\\Listeners\\NotasSaved->handle(Object(App\\Events\\NotasSaved))
#2 C:\\xampp\\htdocs\\vacationcardsgitbk\\vendor\\laravel\\framework\\src\\Illuminate\\Events\\Dispatcher.php(249): Illuminate\\Events\\Dispatcher->Illuminate\\Events\\{closure}('App\\\\Events\\\\Nota...', Array)
#3 C:\\xampp\\htdocs\\vacationcardsgitbk\\vendor\\laravel\\framework\\src\\Illuminate\\Database\\Eloquent\\Concerns\\HasEvents.php(206): Illuminate\\Events\\Dispatcher->dispatch('App\\\\Events\\\\Nota...')
#4 C:\\xampp\\htdocs\\vacationcardsgitbk\\vendor\\laravel\\framework\\src\\Illuminate\\Database\\Eloquent\\Concerns\\HasEvents.php(181): Illuminate\\Database\\Eloquent\\Model->fireCustomModelEvent('saved', 'dispatch')
#5 C:\\xampp\\htdocs\\vacationcardsgitbk\\vendor\\laravel\\framework\\src\\Illuminate\\Database\\Eloquent\\Model.php(1035): Illuminate\\Database\\Eloquent\\Model->fireModelEvent('saved', false)
#6 C:\\xampp\\htdocs\\vacationcardsgitbk\\vendor\\laravel\\framework\\src\\Illuminate\\Database\\Eloquent\\Model.php(1006): Illuminate\\Database\\Eloquent\\Model->finishSave(Array)
#7 C:\\xampp\\htdocs\\vacationcardsgitbk\\vendor\\laravel\\framework\\src\\Illuminate\\Database\\Eloquent\\Builder.php(896): Illuminate\\Database\\Eloquent\\Model->save()
#8 C:\\xampp\\htdocs\\vacationcardsgitbk\\vendor\\laravel\\framework\\src\\Illuminate\\Support\\helpers.php(263): Illuminate\\Database\\Eloquent\\Builder->Illuminate\\Database\\Eloquent\\{closure}(Object(App\\Models\\Nota))
#9 C:\\xampp\\htdocs\\vacationcardsgitbk\\vendor\\laravel\\framework\\src\\Illuminate\\Database\\Eloquent\\Builder.php(897): tap(Object(App\\Models\\Nota), Object(Closure))
#10 C:\\xampp\\htdocs\\vacationcardsgitbk\\vendor\\laravel\\framework\\src\\Illuminate\\Support\\Traits\\ForwardsCalls.php(23): Illuminate\\Database\\Eloquent\\Builder->create(Array)
#11 C:\\xampp\\htdocs\\vacationcardsgitbk\\vendor\\laravel\\framework\\src\\Illuminate\\Database\\Eloquent\\Model.php(2132): Illuminate\\Database\\Eloquent\\Model->forwardCallTo(Object(Illuminate\\Database\\Eloquent\\Builder), 'create', Array)
#12 C:\\xampp\\htdocs\\vacationcardsgitbk\\vendor\\laravel\\framework\\src\\Illuminate\\Database\\Eloquent\\Model.php(2144): Illuminate\\Database\\Eloquent\\Model->__call('create', Array)
#13 C:\\xampp\\htdocs\\vacationcardsgitbk\\app\\Http\\Controllers\\LeadController.php(715): Illuminate\\Database\\Eloquent\\Model::__callStatic('create', Array)
#14 C:\\xampp\\htdocs\\vacationcardsgitbk\\vendor\\laravel\\framework\\src\\Illuminate\\Routing\\Controller.php(54): App\\Http\\Controllers\\LeadController->update(Object(Illuminate\\Http\\Request), Object(App\\Models\\Lead), Object(App\\Models\\Nota))
#15 C:\\xampp\\htdocs\\vacationcardsgitbk\\vendor\\laravel\\framework\\src\\Illuminate\\Routing\\ControllerDispatcher.php(45): Illuminate\\Routing\\Controller->callAction('update', Array)
#16 C:\\xampp\\htdocs\\vacationcardsgitbk\\vendor\\laravel\\framework\\src\\Illuminate\\Routing\\Route.php(262): Illuminate\\Routing\\ControllerDispatcher->dispatch(Object(Illuminate\\Routing\\Route), Object(App\\Http\\Controllers\\LeadController), 'update')
#17 C:\\xampp\\htdocs\\vacationcardsgitbk\\vendor\\laravel\\framework\\src\\Illuminate\\Routing\\Route.php(205): Illuminate\\Routing\\Route->runController()
#18 C:\\xampp\\htdocs\\vacationcardsgitbk\\vendor\\laravel\\framework\\src\\Illuminate\\Routing\\Router.php(721): Illuminate\\Routing\\Route->run()
#19 C:\\xampp\\htdocs\\vacationcardsgitbk\\vendor\\laravel\\framework\\src\\Illuminate\\Pipeline\\Pipeline.php(128): Illuminate\\Routing\\Router->Illuminate\\Routing\\{closure}(Object(Illuminate\\Http\\Request))
#20 C:\\xampp\\htdocs\\vacationcardsgitbk\\vendor\\spatie\\laravel-permission\\src\\Middlewares\\RoleMiddleware.php(27): Illuminate\\Pipeline\\Pipeline->Illuminate\\Pipeline\\{closure}(Object(Illuminate\\Http\\Request))
#21 C:\\xampp\\htdocs\\vacationcardsgitbk\\vendor\\laravel\\framework\\src\\Illuminate\\Pipeline\\Pipeline.php(167): Spatie\\Permission\\Middlewares\\RoleMiddleware->handle(Object(Illuminate\\Http\\Request), Object(Closure), 'Administrador|V...')
#22 C:\\xampp\\htdocs\\vacationcardsgitbk\\vendor\\laravel\\framework\\src\\Illuminate\\Routing\\Middleware\\SubstituteBindings.php(50): Illuminate\\Pipeline\\Pipeline->Illuminate\\Pipeline\\{closure}(Object(Illuminate\\Http\\Request))
#23 C:\\xampp\\htdocs\\vacationcardsgitbk\\vendor\\laravel\\framework\\src\\Illuminate\\Pipeline\\Pipeline.php(167): Illuminate\\Routing\\Middleware\\SubstituteBindings->handle(Object(Illuminate\\Http\\Request), Object(Closure))
#24 C:\\xampp\\htdocs\\vacationcardsgitbk\\vendor\\laravel\\framework\\src\\Illuminate\\Auth\\Middleware\\Authenticate.php(44): Illuminate\\Pipeline\\Pipeline->Illuminate\\Pipeline\\{closure}(Object(Illuminate\\Http\\Request))
#25 C:\\xampp\\htdocs\\vacationcardsgitbk\\vendor\\laravel\\framework\\src\\Illuminate\\Pipeline\\Pipeline.php(167): Illuminate\\Auth\\Middleware\\Authenticate->handle(Object(Illuminate\\Http\\Request), Object(Closure))
#26 C:\\xampp\\htdocs\\vacationcardsgitbk\\vendor\\laravel\\framework\\src\\Illuminate\\Foundation\\Http\\Middleware\\VerifyCsrfToken.php(78): Illuminate\\Pipeline\\Pipeline->Illuminate\\Pipeline\\{closure}(Object(Illuminate\\Http\\Request))
#27 C:\\xampp\\htdocs\\vacationcardsgitbk\\vendor\\laravel\\framework\\src\\Illuminate\\Pipeline\\Pipeline.php(167): Illuminate\\Foundation\\Http\\Middleware\\VerifyCsrfToken->handle(Object(Illuminate\\Http\\Request), Object(Closure))
#28 C:\\xampp\\htdocs\\vacationcardsgitbk\\vendor\\laravel\\framework\\src\\Illuminate\\View\\Middleware\\ShareErrorsFromSession.php(49): Illuminate\\Pipeline\\Pipeline->Illuminate\\Pipeline\\{closure}(Object(Illuminate\\Http\\Request))
#29 C:\\xampp\\htdocs\\vacationcardsgitbk\\vendor\\laravel\\framework\\src\\Illuminate\\Pipeline\\Pipeline.php(167): Illuminate\\View\\Middleware\\ShareErrorsFromSession->handle(Object(Illuminate\\Http\\Request), Object(Closure))
#30 C:\\xampp\\htdocs\\vacationcardsgitbk\\vendor\\laravel\\framework\\src\\Illuminate\\Session\\Middleware\\StartSession.php(121): Illuminate\\Pipeline\\Pipeline->Illuminate\\Pipeline\\{closure}(Object(Illuminate\\Http\\Request))
#31 C:\\xampp\\htdocs\\vacationcardsgitbk\\vendor\\laravel\\framework\\src\\Illuminate\\Session\\Middleware\\StartSession.php(64): Illuminate\\Session\\Middleware\\StartSession->handleStatefulRequest(Object(Illuminate\\Http\\Request), Object(Illuminate\\Session\\Store), Object(Closure))
#32 C:\\xampp\\htdocs\\vacationcardsgitbk\\vendor\\laravel\\framework\\src\\Illuminate\\Pipeline\\Pipeline.php(167): Illuminate\\Session\\Middleware\\StartSession->handle(Object(Illuminate\\Http\\Request), Object(Closure))
#33 C:\\xampp\\htdocs\\vacationcardsgitbk\\vendor\\laravel\\framework\\src\\Illuminate\\Cookie\\Middleware\\AddQueuedCookiesToResponse.php(37): Illuminate\\Pipeline\\Pipeline->Illuminate\\Pipeline\\{closure}(Object(Illuminate\\Http\\Request))
#34 C:\\xampp\\htdocs\\vacationcardsgitbk\\vendor\\laravel\\framework\\src\\Illuminate\\Pipeline\\Pipeline.php(167): Illuminate\\Cookie\\Middleware\\AddQueuedCookiesToResponse->handle(Object(Illuminate\\Http\\Request), Object(Closure))
#35 C:\\xampp\\htdocs\\vacationcardsgitbk\\vendor\\laravel\\framework\\src\\Illuminate\\Cookie\\Middleware\\EncryptCookies.php(67): Illuminate\\Pipeline\\Pipeline->Illuminate\\Pipeline\\{closure}(Object(Illuminate\\Http\\Request))
#36 C:\\xampp\\htdocs\\vacationcardsgitbk\\vendor\\laravel\\framework\\src\\Illuminate\\Pipeline\\Pipeline.php(167): Illuminate\\Cookie\\Middleware\\EncryptCookies->handle(Object(Illuminate\\Http\\Request), Object(Closure))
#37 C:\\xampp\\htdocs\\vacationcardsgitbk\\vendor\\laravel\\framework\\src\\Illuminate\\Pipeline\\Pipeline.php(103): Illuminate\\Pipeline\\Pipeline->Illuminate\\Pipeline\\{closure}(Object(Illuminate\\Http\\Request))
#38 C:\\xampp\\htdocs\\vacationcardsgitbk\\vendor\\laravel\\framework\\src\\Illuminate\\Routing\\Router.php(723): Illuminate\\Pipeline\\Pipeline->then(Object(Closure))
#39 C:\\xampp\\htdocs\\vacationcardsgitbk\\vendor\\laravel\\framework\\src\\Illuminate\\Routing\\Router.php(698): Illuminate\\Routing\\Router->runRouteWithinStack(Object(Illuminate\\Routing\\Route), Object(Illuminate\\Http\\Request))
#40 C:\\xampp\\htdocs\\vacationcardsgitbk\\vendor\\laravel\\framework\\src\\Illuminate\\Routing\\Router.php(662): Illuminate\\Routing\\Router->runRoute(Object(Illuminate\\Http\\Request), Object(Illuminate\\Routing\\Route))
#41 C:\\xampp\\htdocs\\vacationcardsgitbk\\vendor\\laravel\\framework\\src\\Illuminate\\Routing\\Router.php(651): Illuminate\\Routing\\Router->dispatchToRoute(Object(Illuminate\\Http\\Request))
#42 C:\\xampp\\htdocs\\vacationcardsgitbk\\vendor\\laravel\\framework\\src\\Illuminate\\Foundation\\Http\\Kernel.php(167): Illuminate\\Routing\\Router->dispatch(Object(Illuminate\\Http\\Request))
#43 C:\\xampp\\htdocs\\vacationcardsgitbk\\vendor\\laravel\\framework\\src\\Illuminate\\Pipeline\\Pipeline.php(128): Illuminate\\Foundation\\Http\\Kernel->Illuminate\\Foundation\\Http\\{closure}(Object(Illuminate\\Http\\Request))
#44 C:\\xampp\\htdocs\\vacationcardsgitbk\\vendor\\livewire\\livewire\\src\\DisableBrowserCache.php(19): Illuminate\\Pipeline\\Pipeline->Illuminate\\Pipeline\\{closure}(Object(Illuminate\\Http\\Request))
#45 C:\\xampp\\htdocs\\vacationcardsgitbk\\vendor\\laravel\\framework\\src\\Illuminate\\Pipeline\\Pipeline.php(167): Livewire\\DisableBrowserCache->handle(Object(Illuminate\\Http\\Request), Object(Closure))
#46 C:\\xampp\\htdocs\\vacationcardsgitbk\\vendor\\laravel\\framework\\src\\Illuminate\\Foundation\\Http\\Middleware\\TransformsRequest.php(21): Illuminate\\Pipeline\\Pipeline->Illuminate\\Pipeline\\{closure}(Object(Illuminate\\Http\\Request))
#47 C:\\xampp\\htdocs\\vacationcardsgitbk\\vendor\\laravel\\framework\\src\\Illuminate\\Foundation\\Http\\Middleware\\ConvertEmptyStringsToNull.php(31): Illuminate\\Foundation\\Http\\Middleware\\TransformsRequest->handle(Object(Illuminate\\Http\\Request), Object(Closure))
#48 C:\\xampp\\htdocs\\vacationcardsgitbk\\vendor\\laravel\\framework\\src\\Illuminate\\Pipeline\\Pipeline.php(167): Illuminate\\Foundation\\Http\\Middleware\\ConvertEmptyStringsToNull->handle(Object(Illuminate\\Http\\Request), Object(Closure))
#49 C:\\xampp\\htdocs\\vacationcardsgitbk\\vendor\\laravel\\framework\\src\\Illuminate\\Foundation\\Http\\Middleware\\TransformsRequest.php(21): Illuminate\\Pipeline\\Pipeline->Illuminate\\Pipeline\\{closure}(Object(Illuminate\\Http\\Request))
#50 C:\\xampp\\htdocs\\vacationcardsgitbk\\vendor\\laravel\\framework\\src\\Illuminate\\Foundation\\Http\\Middleware\\TrimStrings.php(40): Illuminate\\Foundation\\Http\\Middleware\\TransformsRequest->handle(Object(Illuminate\\Http\\Request), Object(Closure))
#51 C:\\xampp\\htdocs\\vacationcardsgitbk\\vendor\\laravel\\framework\\src\\Illuminate\\Pipeline\\Pipeline.php(167): Illuminate\\Foundation\\Http\\Middleware\\TrimStrings->handle(Object(Illuminate\\Http\\Request), Object(Closure))
#52 C:\\xampp\\htdocs\\vacationcardsgitbk\\vendor\\laravel\\framework\\src\\Illuminate\\Foundation\\Http\\Middleware\\ValidatePostSize.php(27): Illuminate\\Pipeline\\Pipeline->Illuminate\\Pipeline\\{closure}(Object(Illuminate\\Http\\Request))
#53 C:\\xampp\\htdocs\\vacationcardsgitbk\\vendor\\laravel\\framework\\src\\Illuminate\\Pipeline\\Pipeline.php(167): Illuminate\\Foundation\\Http\\Middleware\\ValidatePostSize->handle(Object(Illuminate\\Http\\Request), Object(Closure))
#54 C:\\xampp\\htdocs\\vacationcardsgitbk\\vendor\\laravel\\framework\\src\\Illuminate\\Foundation\\Http\\Middleware\\PreventRequestsDuringMaintenance.php(86): Illuminate\\Pipeline\\Pipeline->Illuminate\\Pipeline\\{closure}(Object(Illuminate\\Http\\Request))
#55 C:\\xampp\\htdocs\\vacationcardsgitbk\\vendor\\laravel\\framework\\src\\Illuminate\\Pipeline\\Pipeline.php(167): Illuminate\\Foundation\\Http\\Middleware\\PreventRequestsDuringMaintenance->handle(Object(Illuminate\\Http\\Request), Object(Closure))
#56 C:\\xampp\\htdocs\\vacationcardsgitbk\\vendor\\fruitcake\\laravel-cors\\src\\HandleCors.php(38): Illuminate\\Pipeline\\Pipeline->Illuminate\\Pipeline\\{closure}(Object(Illuminate\\Http\\Request))
#57 C:\\xampp\\htdocs\\vacationcardsgitbk\\vendor\\laravel\\framework\\src\\Illuminate\\Pipeline\\Pipeline.php(167): Fruitcake\\Cors\\HandleCors->handle(Object(Illuminate\\Http\\Request), Object(Closure))
#58 C:\\xampp\\htdocs\\vacationcardsgitbk\\vendor\\laravel\\framework\\src\\Illuminate\\Http\\Middleware\\TrustProxies.php(39): Illuminate\\Pipeline\\Pipeline->Illuminate\\Pipeline\\{closure}(Object(Illuminate\\Http\\Request))
#59 C:\\xampp\\htdocs\\vacationcardsgitbk\\vendor\\laravel\\framework\\src\\Illuminate\\Pipeline\\Pipeline.php(167): Illuminate\\Http\\Middleware\\TrustProxies->handle(Object(Illuminate\\Http\\Request), Object(Closure))
#60 C:\\xampp\\htdocs\\vacationcardsgitbk\\vendor\\laravel\\framework\\src\\Illuminate\\Pipeline\\Pipeline.php(103): Illuminate\\Pipeline\\Pipeline->Illuminate\\Pipeline\\{closure}(Object(Illuminate\\Http\\Request))
#61 C:\\xampp\\htdocs\\vacationcardsgitbk\\vendor\\laravel\\framework\\src\\Illuminate\\Foundation\\Http\\Kernel.php(142): Illuminate\\Pipeline\\Pipeline->then(Object(Closure))
#62 C:\\xampp\\htdocs\\vacationcardsgitbk\\vendor\\laravel\\framework\\src\\Illuminate\\Foundation\\Http\\Kernel.php(111): Illuminate\\Foundation\\Http\\Kernel->sendRequestThroughRouter(Object(Illuminate\\Http\\Request))
#63 C:\\xampp\\htdocs\\vacationcardsgitbk\\public\\index.php(52): Illuminate\\Foundation\\Http\\Kernel->handle(Object(Illuminate\\Http\\Request))
#64 {main}
"} 
[2023-01-10 17:48:23] local.ERROR: Undefined property: App\Events\NotasSaved::$Nota {"userId":8,"exception":"[object] (ErrorException(code: 0): Undefined property: App\\Events\\NotasSaved::$Nota at C:\\xampp\\htdocs\\vacationcardsgitbk\\app\\Listeners\\NotasSaved.php:30)
[stacktrace]
#0 C:\\xampp\\htdocs\\vacationcardsgitbk\\app\\Listeners\\NotasSaved.php(30): Illuminate\\Foundation\\Bootstrap\\HandleExceptions->handleError(8, 'Undefined prope...', 'C:\\\\xampp\\\\htdocs...', 30, Array)
#1 C:\\xampp\\htdocs\\vacationcardsgitbk\\vendor\\laravel\\framework\\src\\Illuminate\\Events\\Dispatcher.php(424): App\\Listeners\\NotasSaved->handle(Object(App\\Events\\NotasSaved))
#2 C:\\xampp\\htdocs\\vacationcardsgitbk\\vendor\\laravel\\framework\\src\\Illuminate\\Events\\Dispatcher.php(249): Illuminate\\Events\\Dispatcher->Illuminate\\Events\\{closure}('App\\\\Events\\\\Nota...', Array)
#3 C:\\xampp\\htdocs\\vacationcardsgitbk\\vendor\\laravel\\framework\\src\\Illuminate\\Database\\Eloquent\\Concerns\\HasEvents.php(206): Illuminate\\Events\\Dispatcher->dispatch('App\\\\Events\\\\Nota...')
#4 C:\\xampp\\htdocs\\vacationcardsgitbk\\vendor\\laravel\\framework\\src\\Illuminate\\Database\\Eloquent\\Concerns\\HasEvents.php(181): Illuminate\\Database\\Eloquent\\Model->fireCustomModelEvent('saved', 'dispatch')
#5 C:\\xampp\\htdocs\\vacationcardsgitbk\\vendor\\laravel\\framework\\src\\Illuminate\\Database\\Eloquent\\Model.php(1035): Illuminate\\Database\\Eloquent\\Model->fireModelEvent('saved', false)
#6 C:\\xampp\\htdocs\\vacationcardsgitbk\\vendor\\laravel\\framework\\src\\Illuminate\\Database\\Eloquent\\Model.php(1006): Illuminate\\Database\\Eloquent\\Model->finishSave(Array)
#7 C:\\xampp\\htdocs\\vacationcardsgitbk\\vendor\\laravel\\framework\\src\\Illuminate\\Database\\Eloquent\\Builder.php(896): Illuminate\\Database\\Eloquent\\Model->save()
#8 C:\\xampp\\htdocs\\vacationcardsgitbk\\vendor\\laravel\\framework\\src\\Illuminate\\Support\\helpers.php(263): Illuminate\\Database\\Eloquent\\Builder->Illuminate\\Database\\Eloquent\\{closure}(Object(App\\Models\\Nota))
#9 C:\\xampp\\htdocs\\vacationcardsgitbk\\vendor\\laravel\\framework\\src\\Illuminate\\Database\\Eloquent\\Builder.php(897): tap(Object(App\\Models\\Nota), Object(Closure))
#10 C:\\xampp\\htdocs\\vacationcardsgitbk\\vendor\\laravel\\framework\\src\\Illuminate\\Support\\Traits\\ForwardsCalls.php(23): Illuminate\\Database\\Eloquent\\Builder->create(Array)
#11 C:\\xampp\\htdocs\\vacationcardsgitbk\\vendor\\laravel\\framework\\src\\Illuminate\\Database\\Eloquent\\Model.php(2132): Illuminate\\Database\\Eloquent\\Model->forwardCallTo(Object(Illuminate\\Database\\Eloquent\\Builder), 'create', Array)
#12 C:\\xampp\\htdocs\\vacationcardsgitbk\\vendor\\laravel\\framework\\src\\Illuminate\\Database\\Eloquent\\Model.php(2144): Illuminate\\Database\\Eloquent\\Model->__call('create', Array)
#13 C:\\xampp\\htdocs\\vacationcardsgitbk\\app\\Http\\Controllers\\LeadController.php(715): Illuminate\\Database\\Eloquent\\Model::__callStatic('create', Array)
#14 C:\\xampp\\htdocs\\vacationcardsgitbk\\vendor\\laravel\\framework\\src\\Illuminate\\Routing\\Controller.php(54): App\\Http\\Controllers\\LeadController->update(Object(Illuminate\\Http\\Request), Object(App\\Models\\Lead), Object(App\\Models\\Nota))
#15 C:\\xampp\\htdocs\\vacationcardsgitbk\\vendor\\laravel\\framework\\src\\Illuminate\\Routing\\ControllerDispatcher.php(45): Illuminate\\Routing\\Controller->callAction('update', Array)
#16 C:\\xampp\\htdocs\\vacationcardsgitbk\\vendor\\laravel\\framework\\src\\Illuminate\\Routing\\Route.php(262): Illuminate\\Routing\\ControllerDispatcher->dispatch(Object(Illuminate\\Routing\\Route), Object(App\\Http\\Controllers\\LeadController), 'update')
#17 C:\\xampp\\htdocs\\vacationcardsgitbk\\vendor\\laravel\\framework\\src\\Illuminate\\Routing\\Route.php(205): Illuminate\\Routing\\Route->runController()
#18 C:\\xampp\\htdocs\\vacationcardsgitbk\\vendor\\laravel\\framework\\src\\Illuminate\\Routing\\Router.php(721): Illuminate\\Routing\\Route->run()
#19 C:\\xampp\\htdocs\\vacationcardsgitbk\\vendor\\laravel\\framework\\src\\Illuminate\\Pipeline\\Pipeline.php(128): Illuminate\\Routing\\Router->Illuminate\\Routing\\{closure}(Object(Illuminate\\Http\\Request))
#20 C:\\xampp\\htdocs\\vacationcardsgitbk\\vendor\\spatie\\laravel-permission\\src\\Middlewares\\RoleMiddleware.php(27): Illuminate\\Pipeline\\Pipeline->Illuminate\\Pipeline\\{closure}(Object(Illuminate\\Http\\Request))
#21 C:\\xampp\\htdocs\\vacationcardsgitbk\\vendor\\laravel\\framework\\src\\Illuminate\\Pipeline\\Pipeline.php(167): Spatie\\Permission\\Middlewares\\RoleMiddleware->handle(Object(Illuminate\\Http\\Request), Object(Closure), 'Administrador|V...')
#22 C:\\xampp\\htdocs\\vacationcardsgitbk\\vendor\\laravel\\framework\\src\\Illuminate\\Routing\\Middleware\\SubstituteBindings.php(50): Illuminate\\Pipeline\\Pipeline->Illuminate\\Pipeline\\{closure}(Object(Illuminate\\Http\\Request))
#23 C:\\xampp\\htdocs\\vacationcardsgitbk\\vendor\\laravel\\framework\\src\\Illuminate\\Pipeline\\Pipeline.php(167): Illuminate\\Routing\\Middleware\\SubstituteBindings->handle(Object(Illuminate\\Http\\Request), Object(Closure))
#24 C:\\xampp\\htdocs\\vacationcardsgitbk\\vendor\\laravel\\framework\\src\\Illuminate\\Auth\\Middleware\\Authenticate.php(44): Illuminate\\Pipeline\\Pipeline->Illuminate\\Pipeline\\{closure}(Object(Illuminate\\Http\\Request))
#25 C:\\xampp\\htdocs\\vacationcardsgitbk\\vendor\\laravel\\framework\\src\\Illuminate\\Pipeline\\Pipeline.php(167): Illuminate\\Auth\\Middleware\\Authenticate->handle(Object(Illuminate\\Http\\Request), Object(Closure))
#26 C:\\xampp\\htdocs\\vacationcardsgitbk\\vendor\\laravel\\framework\\src\\Illuminate\\Foundation\\Http\\Middleware\\VerifyCsrfToken.php(78): Illuminate\\Pipeline\\Pipeline->Illuminate\\Pipeline\\{closure}(Object(Illuminate\\Http\\Request))
#27 C:\\xampp\\htdocs\\vacationcardsgitbk\\vendor\\laravel\\framework\\src\\Illuminate\\Pipeline\\Pipeline.php(167): Illuminate\\Foundation\\Http\\Middleware\\VerifyCsrfToken->handle(Object(Illuminate\\Http\\Request), Object(Closure))
#28 C:\\xampp\\htdocs\\vacationcardsgitbk\\vendor\\laravel\\framework\\src\\Illuminate\\View\\Middleware\\ShareErrorsFromSession.php(49): Illuminate\\Pipeline\\Pipeline->Illuminate\\Pipeline\\{closure}(Object(Illuminate\\Http\\Request))
#29 C:\\xampp\\htdocs\\vacationcardsgitbk\\vendor\\laravel\\framework\\src\\Illuminate\\Pipeline\\Pipeline.php(167): Illuminate\\View\\Middleware\\ShareErrorsFromSession->handle(Object(Illuminate\\Http\\Request), Object(Closure))
#30 C:\\xampp\\htdocs\\vacationcardsgitbk\\vendor\\laravel\\framework\\src\\Illuminate\\Session\\Middleware\\StartSession.php(121): Illuminate\\Pipeline\\Pipeline->Illuminate\\Pipeline\\{closure}(Object(Illuminate\\Http\\Request))
#31 C:\\xampp\\htdocs\\vacationcardsgitbk\\vendor\\laravel\\framework\\src\\Illuminate\\Session\\Middleware\\StartSession.php(64): Illuminate\\Session\\Middleware\\StartSession->handleStatefulRequest(Object(Illuminate\\Http\\Request), Object(Illuminate\\Session\\Store), Object(Closure))
#32 C:\\xampp\\htdocs\\vacationcardsgitbk\\vendor\\laravel\\framework\\src\\Illuminate\\Pipeline\\Pipeline.php(167): Illuminate\\Session\\Middleware\\StartSession->handle(Object(Illuminate\\Http\\Request), Object(Closure))
#33 C:\\xampp\\htdocs\\vacationcardsgitbk\\vendor\\laravel\\framework\\src\\Illuminate\\Cookie\\Middleware\\AddQueuedCookiesToResponse.php(37): Illuminate\\Pipeline\\Pipeline->Illuminate\\Pipeline\\{closure}(Object(Illuminate\\Http\\Request))
#34 C:\\xampp\\htdocs\\vacationcardsgitbk\\vendor\\laravel\\framework\\src\\Illuminate\\Pipeline\\Pipeline.php(167): Illuminate\\Cookie\\Middleware\\AddQueuedCookiesToResponse->handle(Object(Illuminate\\Http\\Request), Object(Closure))
#35 C:\\xampp\\htdocs\\vacationcardsgitbk\\vendor\\laravel\\framework\\src\\Illuminate\\Cookie\\Middleware\\EncryptCookies.php(67): Illuminate\\Pipeline\\Pipeline->Illuminate\\Pipeline\\{closure}(Object(Illuminate\\Http\\Request))
#36 C:\\xampp\\htdocs\\vacationcardsgitbk\\vendor\\laravel\\framework\\src\\Illuminate\\Pipeline\\Pipeline.php(167): Illuminate\\Cookie\\Middleware\\EncryptCookies->handle(Object(Illuminate\\Http\\Request), Object(Closure))
#37 C:\\xampp\\htdocs\\vacationcardsgitbk\\vendor\\laravel\\framework\\src\\Illuminate\\Pipeline\\Pipeline.php(103): Illuminate\\Pipeline\\Pipeline->Illuminate\\Pipeline\\{closure}(Object(Illuminate\\Http\\Request))
#38 C:\\xampp\\htdocs\\vacationcardsgitbk\\vendor\\laravel\\framework\\src\\Illuminate\\Routing\\Router.php(723): Illuminate\\Pipeline\\Pipeline->then(Object(Closure))
#39 C:\\xampp\\htdocs\\vacationcardsgitbk\\vendor\\laravel\\framework\\src\\Illuminate\\Routing\\Router.php(698): Illuminate\\Routing\\Router->runRouteWithinStack(Object(Illuminate\\Routing\\Route), Object(Illuminate\\Http\\Request))
#40 C:\\xampp\\htdocs\\vacationcardsgitbk\\vendor\\laravel\\framework\\src\\Illuminate\\Routing\\Router.php(662): Illuminate\\Routing\\Router->runRoute(Object(Illuminate\\Http\\Request), Object(Illuminate\\Routing\\Route))
#41 C:\\xampp\\htdocs\\vacationcardsgitbk\\vendor\\laravel\\framework\\src\\Illuminate\\Routing\\Router.php(651): Illuminate\\Routing\\Router->dispatchToRoute(Object(Illuminate\\Http\\Request))
#42 C:\\xampp\\htdocs\\vacationcardsgitbk\\vendor\\laravel\\framework\\src\\Illuminate\\Foundation\\Http\\Kernel.php(167): Illuminate\\Routing\\Router->dispatch(Object(Illuminate\\Http\\Request))
#43 C:\\xampp\\htdocs\\vacationcardsgitbk\\vendor\\laravel\\framework\\src\\Illuminate\\Pipeline\\Pipeline.php(128): Illuminate\\Foundation\\Http\\Kernel->Illuminate\\Foundation\\Http\\{closure}(Object(Illuminate\\Http\\Request))
#44 C:\\xampp\\htdocs\\vacationcardsgitbk\\vendor\\livewire\\livewire\\src\\DisableBrowserCache.php(19): Illuminate\\Pipeline\\Pipeline->Illuminate\\Pipeline\\{closure}(Object(Illuminate\\Http\\Request))
#45 C:\\xampp\\htdocs\\vacationcardsgitbk\\vendor\\laravel\\framework\\src\\Illuminate\\Pipeline\\Pipeline.php(167): Livewire\\DisableBrowserCache->handle(Object(Illuminate\\Http\\Request), Object(Closure))
#46 C:\\xampp\\htdocs\\vacationcardsgitbk\\vendor\\laravel\\framework\\src\\Illuminate\\Foundation\\Http\\Middleware\\TransformsRequest.php(21): Illuminate\\Pipeline\\Pipeline->Illuminate\\Pipeline\\{closure}(Object(Illuminate\\Http\\Request))
#47 C:\\xampp\\htdocs\\vacationcardsgitbk\\vendor\\laravel\\framework\\src\\Illuminate\\Foundation\\Http\\Middleware\\ConvertEmptyStringsToNull.php(31): Illuminate\\Foundation\\Http\\Middleware\\TransformsRequest->handle(Object(Illuminate\\Http\\Request), Object(Closure))
#48 C:\\xampp\\htdocs\\vacationcardsgitbk\\vendor\\laravel\\framework\\src\\Illuminate\\Pipeline\\Pipeline.php(167): Illuminate\\Foundation\\Http\\Middleware\\ConvertEmptyStringsToNull->handle(Object(Illuminate\\Http\\Request), Object(Closure))
#49 C:\\xampp\\htdocs\\vacationcardsgitbk\\vendor\\laravel\\framework\\src\\Illuminate\\Foundation\\Http\\Middleware\\TransformsRequest.php(21): Illuminate\\Pipeline\\Pipeline->Illuminate\\Pipeline\\{closure}(Object(Illuminate\\Http\\Request))
#50 C:\\xampp\\htdocs\\vacationcardsgitbk\\vendor\\laravel\\framework\\src\\Illuminate\\Foundation\\Http\\Middleware\\TrimStrings.php(40): Illuminate\\Foundation\\Http\\Middleware\\TransformsRequest->handle(Object(Illuminate\\Http\\Request), Object(Closure))
#51 C:\\xampp\\htdocs\\vacationcardsgitbk\\vendor\\laravel\\framework\\src\\Illuminate\\Pipeline\\Pipeline.php(167): Illuminate\\Foundation\\Http\\Middleware\\TrimStrings->handle(Object(Illuminate\\Http\\Request), Object(Closure))
#52 C:\\xampp\\htdocs\\vacationcardsgitbk\\vendor\\laravel\\framework\\src\\Illuminate\\Foundation\\Http\\Middleware\\ValidatePostSize.php(27): Illuminate\\Pipeline\\Pipeline->Illuminate\\Pipeline\\{closure}(Object(Illuminate\\Http\\Request))
#53 C:\\xampp\\htdocs\\vacationcardsgitbk\\vendor\\laravel\\framework\\src\\Illuminate\\Pipeline\\Pipeline.php(167): Illuminate\\Foundation\\Http\\Middleware\\ValidatePostSize->handle(Object(Illuminate\\Http\\Request), Object(Closure))
#54 C:\\xampp\\htdocs\\vacationcardsgitbk\\vendor\\laravel\\framework\\src\\Illuminate\\Foundation\\Http\\Middleware\\PreventRequestsDuringMaintenance.php(86): Illuminate\\Pipeline\\Pipeline->Illuminate\\Pipeline\\{closure}(Object(Illuminate\\Http\\Request))
#55 C:\\xampp\\htdocs\\vacationcardsgitbk\\vendor\\laravel\\framework\\src\\Illuminate\\Pipeline\\Pipeline.php(167): Illuminate\\Foundation\\Http\\Middleware\\PreventRequestsDuringMaintenance->handle(Object(Illuminate\\Http\\Request), Object(Closure))
#56 C:\\xampp\\htdocs\\vacationcardsgitbk\\vendor\\fruitcake\\laravel-cors\\src\\HandleCors.php(38): Illuminate\\Pipeline\\Pipeline->Illuminate\\Pipeline\\{closure}(Object(Illuminate\\Http\\Request))
#57 C:\\xampp\\htdocs\\vacationcardsgitbk\\vendor\\laravel\\framework\\src\\Illuminate\\Pipeline\\Pipeline.php(167): Fruitcake\\Cors\\HandleCors->handle(Object(Illuminate\\Http\\Request), Object(Closure))
#58 C:\\xampp\\htdocs\\vacationcardsgitbk\\vendor\\laravel\\framework\\src\\Illuminate\\Http\\Middleware\\TrustProxies.php(39): Illuminate\\Pipeline\\Pipeline->Illuminate\\Pipeline\\{closure}(Object(Illuminate\\Http\\Request))
#59 C:\\xampp\\htdocs\\vacationcardsgitbk\\vendor\\laravel\\framework\\src\\Illuminate\\Pipeline\\Pipeline.php(167): Illuminate\\Http\\Middleware\\TrustProxies->handle(Object(Illuminate\\Http\\Request), Object(Closure))
#60 C:\\xampp\\htdocs\\vacationcardsgitbk\\vendor\\laravel\\framework\\src\\Illuminate\\Pipeline\\Pipeline.php(103): Illuminate\\Pipeline\\Pipeline->Illuminate\\Pipeline\\{closure}(Object(Illuminate\\Http\\Request))
#61 C:\\xampp\\htdocs\\vacationcardsgitbk\\vendor\\laravel\\framework\\src\\Illuminate\\Foundation\\Http\\Kernel.php(142): Illuminate\\Pipeline\\Pipeline->then(Object(Closure))
#62 C:\\xampp\\htdocs\\vacationcardsgitbk\\vendor\\laravel\\framework\\src\\Illuminate\\Foundation\\Http\\Kernel.php(111): Illuminate\\Foundation\\Http\\Kernel->sendRequestThroughRouter(Object(Illuminate\\Http\\Request))
#63 C:\\xampp\\htdocs\\vacationcardsgitbk\\public\\index.php(52): Illuminate\\Foundation\\Http\\Kernel->handle(Object(Illuminate\\Http\\Request))
#64 {main}
"} 
[2023-01-10 17:48:45] local.INFO: {"nota":"g","leads_id":"69","user":"Gina Cravioto","updated_at":"2023-01-10T22:48:45.000000Z","created_at":"2023-01-10T22:48:45.000000Z","id":31}Nota guardad guardada por : Gina Cravioto  
